{"/home/zoid/Desktop/Capstone /capstone 2/javascript-library-capstone-debug-theZoid9/jest.config.js": {"path":"/home/zoid/Desktop/Capstone /capstone 2/javascript-library-capstone-debug-theZoid9/jest.config.js","statementMap":{},"fnMap":{},"branchMap":{},"s":{},"f":{},"b":{}}
,"/home/zoid/Desktop/Capstone /capstone 2/javascript-library-capstone-debug-theZoid9/src/library.js": {"path":"/home/zoid/Desktop/Capstone /capstone 2/javascript-library-capstone-debug-theZoid9/src/library.js","statementMap":{"0":{"start":{"line":4,"column":19},"end":{"line":4,"column":21}},"1":{"start":{"line":7,"column":22},"end":{"line":7,"column":24}},"2":{"start":{"line":9,"column":25},"end":{"line":9,"column":29}},"3":{"start":{"line":10,"column":29},"end":{"line":10,"column":30}},"4":{"start":{"line":16,"column":8},"end":{"line":16,"column":25}},"5":{"start":{"line":17,"column":8},"end":{"line":17,"column":27}},"6":{"start":{"line":18,"column":8},"end":{"line":18,"column":29}},"7":{"start":{"line":19,"column":8},"end":{"line":19,"column":25}},"8":{"start":{"line":21,"column":8},"end":{"line":21,"column":38}},"9":{"start":{"line":22,"column":8},"end":{"line":22,"column":34}},"10":{"start":{"line":23,"column":8},"end":{"line":23,"column":33}},"11":{"start":{"line":24,"column":8},"end":{"line":24,"column":29}},"12":{"start":{"line":29,"column":8},"end":{"line":29,"column":40}},"13":{"start":{"line":34,"column":8},"end":{"line":34,"column":85}},"14":{"start":{"line":39,"column":8},"end":{"line":45,"column":10}},"15":{"start":{"line":44,"column":8},"end":{"line":44,"column":63}},"16":{"start":{"line":47,"column":8},"end":{"line":49,"column":9}},"17":{"start":{"line":48,"column":11},"end":{"line":48,"column":63}},"18":{"start":{"line":51,"column":8},"end":{"line":53,"column":9}},"19":{"start":{"line":52,"column":12},"end":{"line":52,"column":68}},"20":{"start":{"line":57,"column":8},"end":{"line":63,"column":11}},"21":{"start":{"line":64,"column":8},"end":{"line":64,"column":31}},"22":{"start":{"line":65,"column":8},"end":{"line":65,"column":20}},"23":{"start":{"line":74,"column":8},"end":{"line":74,"column":59}},"24":{"start":{"line":75,"column":8},"end":{"line":75,"column":33}},"25":{"start":{"line":76,"column":8},"end":{"line":76,"column":29}},"26":{"start":{"line":77,"column":8},"end":{"line":77,"column":27}},"27":{"start":{"line":78,"column":8},"end":{"line":78,"column":34}},"28":{"start":{"line":83,"column":8},"end":{"line":89,"column":9}},"29":{"start":{"line":88,"column":12},"end":{"line":88,"column":67}},"30":{"start":{"line":91,"column":8},"end":{"line":91,"column":25}},"31":{"start":{"line":92,"column":8},"end":{"line":95,"column":11}},"32":{"start":{"line":97,"column":8},"end":{"line":97,"column":20}},"33":{"start":{"line":105,"column":8},"end":{"line":105,"column":21}},"34":{"start":{"line":106,"column":8},"end":{"line":106,"column":25}},"35":{"start":{"line":107,"column":8},"end":{"line":107,"column":27}},"36":{"start":{"line":108,"column":8},"end":{"line":108,"column":45}},"37":{"start":{"line":109,"column":8},"end":{"line":109,"column":32}},"38":{"start":{"line":110,"column":8},"end":{"line":110,"column":35}},"39":{"start":{"line":117,"column":22},"end":{"line":117,"column":32}},"40":{"start":{"line":118,"column":21},"end":{"line":118,"column":42}},"41":{"start":{"line":120,"column":8},"end":{"line":120,"column":56}},"42":{"start":{"line":126,"column":52},"end":{"line":126,"column":56}},"43":{"start":{"line":128,"column":8},"end":{"line":133,"column":10}},"44":{"start":{"line":137,"column":8},"end":{"line":137,"column":64}},"45":{"start":{"line":145,"column":8},"end":{"line":145,"column":42}},"46":{"start":{"line":147,"column":8},"end":{"line":147,"column":27}},"47":{"start":{"line":148,"column":8},"end":{"line":148,"column":41}},"48":{"start":{"line":149,"column":8},"end":{"line":149,"column":36}},"49":{"start":{"line":154,"column":11},"end":{"line":154,"column":60}},"50":{"start":{"line":162,"column":20},"end":{"line":162,"column":22}},"51":{"start":{"line":163,"column":18},"end":{"line":163,"column":28}},"52":{"start":{"line":165,"column":4},"end":{"line":187,"column":5}},"53":{"start":{"line":167,"column":8},"end":{"line":185,"column":9}},"54":{"start":{"line":169,"column":12},"end":{"line":183,"column":13}},"55":{"start":{"line":171,"column":33},"end":{"line":174,"column":17}},"56":{"start":{"line":176,"column":16},"end":{"line":181,"column":19}},"57":{"start":{"line":188,"column":4},"end":{"line":188,"column":19}},"58":{"start":{"line":195,"column":16},"end":{"line":195,"column":17}},"59":{"start":{"line":197,"column":4},"end":{"line":232,"column":5}},"60":{"start":{"line":199,"column":21},"end":{"line":199,"column":33}},"61":{"start":{"line":202,"column":12},"end":{"line":202,"column":37}},"62":{"start":{"line":205,"column":12},"end":{"line":205,"column":41}},"63":{"start":{"line":207,"column":8},"end":{"line":228,"column":9}},"64":{"start":{"line":209,"column":12},"end":{"line":209,"column":35}},"65":{"start":{"line":211,"column":12},"end":{"line":218,"column":18}},"66":{"start":{"line":215,"column":24},"end":{"line":216,"column":37}},"67":{"start":{"line":220,"column":12},"end":{"line":226,"column":18}},"68":{"start":{"line":224,"column":24},"end":{"line":224,"column":42}},"69":{"start":{"line":230,"column":8},"end":{"line":230,"column":16}},"70":{"start":{"line":238,"column":4},"end":{"line":240,"column":5}},"71":{"start":{"line":239,"column":8},"end":{"line":239,"column":18}},"72":{"start":{"line":242,"column":4},"end":{"line":244,"column":5}},"73":{"start":{"line":243,"column":8},"end":{"line":243,"column":18}},"74":{"start":{"line":247,"column":8},"end":{"line":249,"column":16}},"75":{"start":{"line":251,"column":4},"end":{"line":257,"column":6}},"76":{"start":{"line":264,"column":4},"end":{"line":264,"column":61}},"77":{"start":{"line":264,"column":33},"end":{"line":264,"column":59}},"78":{"start":{"line":271,"column":4},"end":{"line":273,"column":10}},"79":{"start":{"line":272,"column":8},"end":{"line":272,"column":56}},"80":{"start":{"line":278,"column":4},"end":{"line":282,"column":6}},"81":{"start":{"line":289,"column":4},"end":{"line":289,"column":28}},"82":{"start":{"line":296,"column":44},"end":{"line":296,"column":51}},"83":{"start":{"line":298,"column":4},"end":{"line":298,"column":33}},"84":{"start":{"line":298,"column":14},"end":{"line":298,"column":33}},"85":{"start":{"line":299,"column":4},"end":{"line":299,"column":36}},"86":{"start":{"line":299,"column":15},"end":{"line":299,"column":36}},"87":{"start":{"line":300,"column":4},"end":{"line":302,"column":5}},"88":{"start":{"line":301,"column":8},"end":{"line":301,"column":47}},"89":{"start":{"line":304,"column":4},"end":{"line":304,"column":18}},"90":{"start":{"line":312,"column":4},"end":{"line":357,"column":5}},"91":{"start":{"line":313,"column":8},"end":{"line":315,"column":9}},"92":{"start":{"line":314,"column":12},"end":{"line":314,"column":63}},"93":{"start":{"line":316,"column":8},"end":{"line":318,"column":9}},"94":{"start":{"line":317,"column":12},"end":{"line":317,"column":66}},"95":{"start":{"line":320,"column":23},"end":{"line":320,"column":47}},"96":{"start":{"line":321,"column":21},"end":{"line":321,"column":41}},"97":{"start":{"line":324,"column":8},"end":{"line":326,"column":9}},"98":{"start":{"line":325,"column":12},"end":{"line":325,"column":48}},"99":{"start":{"line":328,"column":8},"end":{"line":330,"column":9}},"100":{"start":{"line":329,"column":12},"end":{"line":329,"column":46}},"101":{"start":{"line":332,"column":8},"end":{"line":334,"column":9}},"102":{"start":{"line":333,"column":12},"end":{"line":333,"column":79}},"103":{"start":{"line":336,"column":8},"end":{"line":338,"column":9}},"104":{"start":{"line":337,"column":12},"end":{"line":337,"column":71}},"105":{"start":{"line":340,"column":8},"end":{"line":342,"column":9}},"106":{"start":{"line":341,"column":12},"end":{"line":341,"column":70}},"107":{"start":{"line":344,"column":8},"end":{"line":344,"column":33}},"108":{"start":{"line":347,"column":8},"end":{"line":349,"column":9}},"109":{"start":{"line":348,"column":12},"end":{"line":348,"column":38}},"110":{"start":{"line":351,"column":8},"end":{"line":351,"column":45}},"111":{"start":{"line":353,"column":8},"end":{"line":353,"column":20}},"112":{"start":{"line":356,"column":8},"end":{"line":356,"column":20}},"113":{"start":{"line":365,"column":4},"end":{"line":367,"column":6}},"114":{"start":{"line":366,"column":18},"end":{"line":366,"column":34}},"115":{"start":{"line":374,"column":4},"end":{"line":374,"column":57}},"116":{"start":{"line":374,"column":45},"end":{"line":374,"column":57}},"117":{"start":{"line":375,"column":4},"end":{"line":375,"column":46}},"118":{"start":{"line":375,"column":34},"end":{"line":375,"column":46}},"119":{"start":{"line":377,"column":4},"end":{"line":377,"column":52}},"120":{"start":{"line":377,"column":31},"end":{"line":377,"column":50}},"121":{"start":{"line":382,"column":21},"end":{"line":437,"column":1}},"122":{"start":{"line":389,"column":8},"end":{"line":390,"column":21}},"123":{"start":{"line":392,"column":8},"end":{"line":393,"column":27}},"124":{"start":{"line":395,"column":8},"end":{"line":401,"column":14}},"125":{"start":{"line":398,"column":20},"end":{"line":399,"column":42}},"126":{"start":{"line":407,"column":8},"end":{"line":409,"column":9}},"127":{"start":{"line":408,"column":12},"end":{"line":408,"column":24}},"128":{"start":{"line":411,"column":8},"end":{"line":422,"column":10}},"129":{"start":{"line":415,"column":16},"end":{"line":420,"column":29}},"130":{"start":{"line":427,"column":8},"end":{"line":427,"column":27}},"131":{"start":{"line":429,"column":8},"end":{"line":433,"column":10}},"132":{"start":{"line":442,"column":4},"end":{"line":444,"column":5}},"133":{"start":{"line":443,"column":9},"end":{"line":443,"column":43}},"134":{"start":{"line":446,"column":4},"end":{"line":452,"column":14}},"135":{"start":{"line":460,"column":4},"end":{"line":462,"column":5}},"136":{"start":{"line":461,"column":8},"end":{"line":461,"column":17}},"137":{"start":{"line":464,"column":4},"end":{"line":469,"column":5}},"138":{"start":{"line":468,"column":8},"end":{"line":468,"column":17}},"139":{"start":{"line":471,"column":4},"end":{"line":474,"column":6}},"140":{"start":{"line":479,"column":18},"end":{"line":479,"column":63}},"141":{"start":{"line":479,"column":46},"end":{"line":479,"column":62}},"142":{"start":{"line":481,"column":4},"end":{"line":483,"column":5}},"143":{"start":{"line":482,"column":8},"end":{"line":482,"column":21}},"144":{"start":{"line":485,"column":4},"end":{"line":485,"column":29}},"145":{"start":{"line":487,"column":4},"end":{"line":487,"column":16}}},"fnMap":{"0":{"name":"(anonymous_0)","decl":{"start":{"line":15,"column":4},"end":{"line":15,"column":5}},"loc":{"start":{"line":15,"column":61},"end":{"line":25,"column":5}},"line":15},"1":{"name":"(anonymous_1)","decl":{"start":{"line":28,"column":4},"end":{"line":28,"column":5}},"loc":{"start":{"line":28,"column":17},"end":{"line":30,"column":5}},"line":28},"2":{"name":"(anonymous_2)","decl":{"start":{"line":33,"column":4},"end":{"line":33,"column":5}},"loc":{"start":{"line":33,"column":13},"end":{"line":35,"column":5}},"line":33},"3":{"name":"(anonymous_3)","decl":{"start":{"line":37,"column":4},"end":{"line":37,"column":5}},"loc":{"start":{"line":37,"column":23},"end":{"line":66,"column":5}},"line":37},"4":{"name":"(anonymous_4)","decl":{"start":{"line":72,"column":4},"end":{"line":72,"column":5}},"loc":{"start":{"line":72,"column":79},"end":{"line":79,"column":5}},"line":72},"5":{"name":"(anonymous_5)","decl":{"start":{"line":81,"column":4},"end":{"line":81,"column":5}},"loc":{"start":{"line":81,"column":23},"end":{"line":98,"column":5}},"line":81},"6":{"name":"(anonymous_6)","decl":{"start":{"line":104,"column":4},"end":{"line":104,"column":5}},"loc":{"start":{"line":104,"column":49},"end":{"line":112,"column":5}},"line":104},"7":{"name":"(anonymous_7)","decl":{"start":{"line":116,"column":4},"end":{"line":116,"column":5}},"loc":{"start":{"line":116,"column":28},"end":{"line":121,"column":5}},"line":116},"8":{"name":"(anonymous_8)","decl":{"start":{"line":125,"column":4},"end":{"line":125,"column":5}},"loc":{"start":{"line":125,"column":20},"end":{"line":134,"column":5}},"line":125},"9":{"name":"(anonymous_9)","decl":{"start":{"line":136,"column":4},"end":{"line":136,"column":5}},"loc":{"start":{"line":136,"column":16},"end":{"line":138,"column":5}},"line":136},"10":{"name":"(anonymous_10)","decl":{"start":{"line":144,"column":4},"end":{"line":144,"column":5}},"loc":{"start":{"line":144,"column":33},"end":{"line":150,"column":5}},"line":144},"11":{"name":"(anonymous_11)","decl":{"start":{"line":153,"column":8},"end":{"line":153,"column":9}},"loc":{"start":{"line":153,"column":20},"end":{"line":155,"column":5}},"line":153},"12":{"name":"findOverdueBooks","decl":{"start":{"line":160,"column":9},"end":{"line":160,"column":25}},"loc":{"start":{"line":160,"column":28},"end":{"line":189,"column":1}},"line":160},"13":{"name":"processReturnQueue","decl":{"start":{"line":193,"column":9},"end":{"line":193,"column":27}},"loc":{"start":{"line":193,"column":35},"end":{"line":234,"column":1}},"line":193},"14":{"name":"(anonymous_14)","decl":{"start":{"line":214,"column":20},"end":{"line":214,"column":21}},"loc":{"start":{"line":215,"column":24},"end":{"line":216,"column":37}},"line":215},"15":{"name":"(anonymous_15)","decl":{"start":{"line":223,"column":20},"end":{"line":223,"column":21}},"loc":{"start":{"line":224,"column":24},"end":{"line":224,"column":42}},"line":224},"16":{"name":"searchBooksByCategory","decl":{"start":{"line":237,"column":9},"end":{"line":237,"column":30}},"loc":{"start":{"line":237,"column":63},"end":{"line":259,"column":1}},"line":237},"17":{"name":"getBooksByAuthor","decl":{"start":{"line":263,"column":9},"end":{"line":263,"column":25}},"loc":{"start":{"line":263,"column":38},"end":{"line":266,"column":1}},"line":263},"18":{"name":"(anonymous_18)","decl":{"start":{"line":264,"column":25},"end":{"line":264,"column":26}},"loc":{"start":{"line":264,"column":33},"end":{"line":264,"column":59}},"line":264},"19":{"name":"calculateTotalLateFees","decl":{"start":{"line":270,"column":9},"end":{"line":270,"column":31}},"loc":{"start":{"line":270,"column":46},"end":{"line":274,"column":1}},"line":270},"20":{"name":"(anonymous_20)","decl":{"start":{"line":271,"column":44},"end":{"line":271,"column":45}},"loc":{"start":{"line":271,"column":61},"end":{"line":273,"column":5}},"line":271},"21":{"name":"combineBookCollections","decl":{"start":{"line":277,"column":9},"end":{"line":277,"column":31}},"loc":{"start":{"line":277,"column":65},"end":{"line":284,"column":1}},"line":277},"22":{"name":"addMultipleBooks","decl":{"start":{"line":287,"column":9},"end":{"line":287,"column":25}},"loc":{"start":{"line":287,"column":39},"end":{"line":290,"column":1}},"line":287},"23":{"name":"updateMemberInfo","decl":{"start":{"line":294,"column":9},"end":{"line":294,"column":25}},"loc":{"start":{"line":294,"column":43},"end":{"line":306,"column":1}},"line":294},"24":{"name":"borrowBook","decl":{"start":{"line":310,"column":9},"end":{"line":310,"column":19}},"loc":{"start":{"line":310,"column":36},"end":{"line":358,"column":1}},"line":310},"25":{"name":"findMemberById","decl":{"start":{"line":363,"column":9},"end":{"line":363,"column":23}},"loc":{"start":{"line":363,"column":28},"end":{"line":369,"column":1}},"line":363},"26":{"name":"(anonymous_26)","decl":{"start":{"line":366,"column":8},"end":{"line":366,"column":9}},"loc":{"start":{"line":366,"column":18},"end":{"line":366,"column":34}},"line":366},"27":{"name":"findBookByISBN","decl":{"start":{"line":373,"column":9},"end":{"line":373,"column":23}},"loc":{"start":{"line":373,"column":30},"end":{"line":378,"column":1}},"line":373},"28":{"name":"(anonymous_28)","decl":{"start":{"line":377,"column":22},"end":{"line":377,"column":23}},"loc":{"start":{"line":377,"column":31},"end":{"line":377,"column":50}},"line":377},"29":{"name":"(anonymous_29)","decl":{"start":{"line":388,"column":4},"end":{"line":388,"column":5}},"loc":{"start":{"line":388,"column":18},"end":{"line":403,"column":5}},"line":388},"30":{"name":"(anonymous_30)","decl":{"start":{"line":397,"column":16},"end":{"line":397,"column":17}},"loc":{"start":{"line":398,"column":20},"end":{"line":399,"column":42}},"line":398},"31":{"name":"(anonymous_31)","decl":{"start":{"line":405,"column":4},"end":{"line":405,"column":5}},"loc":{"start":{"line":405,"column":25},"end":{"line":424,"column":5}},"line":405},"32":{"name":"(anonymous_32)","decl":{"start":{"line":413,"column":12},"end":{"line":413,"column":13}},"loc":{"start":{"line":415,"column":16},"end":{"line":420,"column":29}},"line":415},"33":{"name":"(anonymous_33)","decl":{"start":{"line":426,"column":4},"end":{"line":426,"column":5}},"loc":{"start":{"line":426,"column":20},"end":{"line":435,"column":5}},"line":426},"34":{"name":"formatBookInfo","decl":{"start":{"line":441,"column":9},"end":{"line":441,"column":23}},"loc":{"start":{"line":441,"column":30},"end":{"line":455,"column":1}},"line":441},"35":{"name":"calculateFineAmount","decl":{"start":{"line":458,"column":9},"end":{"line":458,"column":28}},"loc":{"start":{"line":458,"column":39},"end":{"line":476,"column":1}},"line":458},"36":{"name":"deleteMember","decl":{"start":{"line":478,"column":9},"end":{"line":478,"column":21}},"loc":{"start":{"line":478,"column":26},"end":{"line":488,"column":1}},"line":478},"37":{"name":"(anonymous_37)","decl":{"start":{"line":479,"column":36},"end":{"line":479,"column":37}},"loc":{"start":{"line":479,"column":46},"end":{"line":479,"column":62}},"line":479}},"branchMap":{"0":{"loc":{"start":{"line":39,"column":8},"end":{"line":45,"column":10}},"type":"if","locations":[{"start":{"line":39,"column":8},"end":{"line":45,"column":10}},{"start":{},"end":{}}],"line":39},"1":{"loc":{"start":{"line":40,"column":8},"end":{"line":42,"column":70}},"type":"binary-expr","locations":[{"start":{"line":40,"column":8},"end":{"line":40,"column":30}},{"start":{"line":41,"column":8},"end":{"line":41,"column":25}},{"start":{"line":42,"column":9},"end":{"line":42,"column":37}},{"start":{"line":42,"column":41},"end":{"line":42,"column":69}}],"line":40},"2":{"loc":{"start":{"line":47,"column":8},"end":{"line":49,"column":9}},"type":"if","locations":[{"start":{"line":47,"column":8},"end":{"line":49,"column":9}},{"start":{},"end":{}}],"line":47},"3":{"loc":{"start":{"line":51,"column":8},"end":{"line":53,"column":9}},"type":"if","locations":[{"start":{"line":51,"column":8},"end":{"line":53,"column":9}},{"start":{},"end":{}}],"line":51},"4":{"loc":{"start":{"line":83,"column":8},"end":{"line":89,"column":9}},"type":"if","locations":[{"start":{"line":83,"column":8},"end":{"line":89,"column":9}},{"start":{},"end":{}}],"line":83},"5":{"loc":{"start":{"line":84,"column":12},"end":{"line":86,"column":74}},"type":"binary-expr","locations":[{"start":{"line":84,"column":12},"end":{"line":84,"column":34}},{"start":{"line":85,"column":12},"end":{"line":85,"column":29}},{"start":{"line":86,"column":13},"end":{"line":86,"column":41}},{"start":{"line":86,"column":45},"end":{"line":86,"column":73}}],"line":84},"6":{"loc":{"start":{"line":169,"column":12},"end":{"line":183,"column":13}},"type":"if","locations":[{"start":{"line":169,"column":12},"end":{"line":183,"column":13}},{"start":{},"end":{}}],"line":169},"7":{"loc":{"start":{"line":207,"column":8},"end":{"line":228,"column":9}},"type":"if","locations":[{"start":{"line":207,"column":8},"end":{"line":228,"column":9}},{"start":{},"end":{}}],"line":207},"8":{"loc":{"start":{"line":207,"column":12},"end":{"line":207,"column":26}},"type":"binary-expr","locations":[{"start":{"line":207,"column":12},"end":{"line":207,"column":16}},{"start":{"line":207,"column":20},"end":{"line":207,"column":26}}],"line":207},"9":{"loc":{"start":{"line":237,"column":51},"end":{"line":237,"column":60}},"type":"default-arg","locations":[{"start":{"line":237,"column":59},"end":{"line":237,"column":60}}],"line":237},"10":{"loc":{"start":{"line":238,"column":4},"end":{"line":240,"column":5}},"type":"if","locations":[{"start":{"line":238,"column":4},"end":{"line":240,"column":5}},{"start":{},"end":{}}],"line":238},"11":{"loc":{"start":{"line":242,"column":4},"end":{"line":244,"column":5}},"type":"if","locations":[{"start":{"line":242,"column":4},"end":{"line":244,"column":5}},{"start":{},"end":{}}],"line":242},"12":{"loc":{"start":{"line":247,"column":8},"end":{"line":249,"column":16}},"type":"cond-expr","locations":[{"start":{"line":248,"column":14},"end":{"line":248,"column":31}},{"start":{"line":249,"column":14},"end":{"line":249,"column":16}}],"line":247},"13":{"loc":{"start":{"line":298,"column":4},"end":{"line":298,"column":33}},"type":"if","locations":[{"start":{"line":298,"column":4},"end":{"line":298,"column":33}},{"start":{},"end":{}}],"line":298},"14":{"loc":{"start":{"line":299,"column":4},"end":{"line":299,"column":36}},"type":"if","locations":[{"start":{"line":299,"column":4},"end":{"line":299,"column":36}},{"start":{},"end":{}}],"line":299},"15":{"loc":{"start":{"line":300,"column":4},"end":{"line":302,"column":5}},"type":"if","locations":[{"start":{"line":300,"column":4},"end":{"line":302,"column":5}},{"start":{},"end":{}}],"line":300},"16":{"loc":{"start":{"line":313,"column":8},"end":{"line":315,"column":9}},"type":"if","locations":[{"start":{"line":313,"column":8},"end":{"line":315,"column":9}},{"start":{},"end":{}}],"line":313},"17":{"loc":{"start":{"line":313,"column":12},"end":{"line":313,"column":30}},"type":"binary-expr","locations":[{"start":{"line":313,"column":12},"end":{"line":313,"column":21}},{"start":{"line":313,"column":25},"end":{"line":313,"column":30}}],"line":313},"18":{"loc":{"start":{"line":316,"column":8},"end":{"line":318,"column":9}},"type":"if","locations":[{"start":{"line":316,"column":8},"end":{"line":318,"column":9}},{"start":{},"end":{}}],"line":316},"19":{"loc":{"start":{"line":316,"column":12},"end":{"line":316,"column":68}},"type":"binary-expr","locations":[{"start":{"line":316,"column":12},"end":{"line":316,"column":40}},{"start":{"line":316,"column":44},"end":{"line":316,"column":68}}],"line":316},"20":{"loc":{"start":{"line":324,"column":8},"end":{"line":326,"column":9}},"type":"if","locations":[{"start":{"line":324,"column":8},"end":{"line":326,"column":9}},{"start":{},"end":{}}],"line":324},"21":{"loc":{"start":{"line":328,"column":8},"end":{"line":330,"column":9}},"type":"if","locations":[{"start":{"line":328,"column":8},"end":{"line":330,"column":9}},{"start":{},"end":{}}],"line":328},"22":{"loc":{"start":{"line":332,"column":8},"end":{"line":334,"column":9}},"type":"if","locations":[{"start":{"line":332,"column":8},"end":{"line":334,"column":9}},{"start":{},"end":{}}],"line":332},"23":{"loc":{"start":{"line":336,"column":8},"end":{"line":338,"column":9}},"type":"if","locations":[{"start":{"line":336,"column":8},"end":{"line":338,"column":9}},{"start":{},"end":{}}],"line":336},"24":{"loc":{"start":{"line":340,"column":8},"end":{"line":342,"column":9}},"type":"if","locations":[{"start":{"line":340,"column":8},"end":{"line":342,"column":9}},{"start":{},"end":{}}],"line":340},"25":{"loc":{"start":{"line":347,"column":8},"end":{"line":349,"column":9}},"type":"if","locations":[{"start":{"line":347,"column":8},"end":{"line":349,"column":9}},{"start":{},"end":{}}],"line":347},"26":{"loc":{"start":{"line":374,"column":4},"end":{"line":374,"column":57}},"type":"if","locations":[{"start":{"line":374,"column":4},"end":{"line":374,"column":57}},{"start":{},"end":{}}],"line":374},"27":{"loc":{"start":{"line":374,"column":8},"end":{"line":374,"column":43}},"type":"binary-expr","locations":[{"start":{"line":374,"column":8},"end":{"line":374,"column":26}},{"start":{"line":374,"column":30},"end":{"line":374,"column":43}}],"line":374},"28":{"loc":{"start":{"line":375,"column":4},"end":{"line":375,"column":46}},"type":"if","locations":[{"start":{"line":375,"column":4},"end":{"line":375,"column":46}},{"start":{},"end":{}}],"line":375},"29":{"loc":{"start":{"line":407,"column":8},"end":{"line":409,"column":9}},"type":"if","locations":[{"start":{"line":407,"column":8},"end":{"line":409,"column":9}},{"start":{},"end":{}}],"line":407},"30":{"loc":{"start":{"line":415,"column":16},"end":{"line":420,"column":29}},"type":"cond-expr","locations":[{"start":{"line":418,"column":22},"end":{"line":418,"column":29}},{"start":{"line":420,"column":22},"end":{"line":420,"column":29}}],"line":415},"31":{"loc":{"start":{"line":442,"column":4},"end":{"line":444,"column":5}},"type":"if","locations":[{"start":{"line":442,"column":4},"end":{"line":444,"column":5}},{"start":{},"end":{}}],"line":442},"32":{"loc":{"start":{"line":460,"column":4},"end":{"line":462,"column":5}},"type":"if","locations":[{"start":{"line":460,"column":4},"end":{"line":462,"column":5}},{"start":{},"end":{}}],"line":460},"33":{"loc":{"start":{"line":460,"column":8},"end":{"line":460,"column":51}},"type":"binary-expr","locations":[{"start":{"line":460,"column":8},"end":{"line":460,"column":30}},{"start":{"line":460,"column":34},"end":{"line":460,"column":51}}],"line":460},"34":{"loc":{"start":{"line":464,"column":4},"end":{"line":469,"column":5}},"type":"if","locations":[{"start":{"line":464,"column":4},"end":{"line":469,"column":5}},{"start":{},"end":{}}],"line":464},"35":{"loc":{"start":{"line":465,"column":8},"end":{"line":466,"column":30}},"type":"binary-expr","locations":[{"start":{"line":465,"column":8},"end":{"line":465,"column":36}},{"start":{"line":466,"column":8},"end":{"line":466,"column":30}}],"line":465},"36":{"loc":{"start":{"line":481,"column":4},"end":{"line":483,"column":5}},"type":"if","locations":[{"start":{"line":481,"column":4},"end":{"line":483,"column":5}},{"start":{},"end":{}}],"line":481}},"s":{"0":1,"1":1,"2":1,"3":1,"4":66,"5":66,"6":66,"7":66,"8":66,"9":66,"10":66,"11":66,"12":2,"13":1,"14":8,"15":3,"16":5,"17":1,"18":4,"19":0,"20":4,"21":4,"22":4,"23":3,"24":3,"25":3,"26":3,"27":3,"28":1,"29":0,"30":1,"31":1,"32":1,"33":55,"34":55,"35":55,"36":55,"37":55,"38":55,"39":0,"40":0,"41":0,"42":0,"43":0,"44":3,"45":3,"46":3,"47":3,"48":3,"49":1,"50":0,"51":0,"52":0,"53":0,"54":0,"55":0,"56":0,"57":0,"58":0,"59":0,"60":0,"61":0,"62":0,"63":0,"64":0,"65":0,"66":0,"67":0,"68":0,"69":0,"70":0,"71":0,"72":0,"73":0,"74":0,"75":0,"76":0,"77":0,"78":0,"79":0,"80":0,"81":0,"82":0,"83":0,"84":0,"85":0,"86":0,"87":0,"88":0,"89":0,"90":1,"91":1,"92":0,"93":1,"94":0,"95":1,"96":1,"97":1,"98":1,"99":0,"100":0,"101":0,"102":0,"103":0,"104":0,"105":0,"106":0,"107":0,"108":0,"109":0,"110":0,"111":0,"112":1,"113":7,"114":6,"115":12,"116":1,"117":11,"118":1,"119":10,"120":9,"121":1,"122":0,"123":0,"124":0,"125":0,"126":0,"127":0,"128":0,"129":0,"130":0,"131":0,"132":0,"133":0,"134":0,"135":4,"136":0,"137":4,"138":1,"139":3,"140":0,"141":0,"142":0,"143":0,"144":0,"145":0},"f":{"0":66,"1":2,"2":1,"3":8,"4":3,"5":1,"6":55,"7":0,"8":0,"9":3,"10":3,"11":1,"12":0,"13":0,"14":0,"15":0,"16":0,"17":0,"18":0,"19":0,"20":0,"21":0,"22":0,"23":0,"24":1,"25":7,"26":6,"27":12,"28":9,"29":0,"30":0,"31":0,"32":0,"33":0,"34":0,"35":4,"36":0,"37":0},"b":{"0":[3,5],"1":[8,7,7,3],"2":[1,4],"3":[0,4],"4":[0,1],"5":[1,1,1,0],"6":[0,0],"7":[0,0],"8":[0,0],"9":[0],"10":[0,0],"11":[0,0],"12":[0,0],"13":[0,0],"14":[0,0],"15":[0,0],"16":[0,1],"17":[1,1],"18":[0,1],"19":[1,1],"20":[1,0],"21":[0,0],"22":[0,0],"23":[0,0],"24":[0,0],"25":[0,0],"26":[1,11],"27":[12,11],"28":[1,10],"29":[0,0],"30":[0,0],"31":[0,0],"32":[0,4],"33":[4,4],"34":[1,3],"35":[4,4],"36":[0,0]},"_coverageSchema":"1a1c01bbd47fc00a2c39e90264f33305004495a9","hash":"7a7f296a9744266f6eb6d921efb871f47c8156b0"}
,"/home/zoid/Desktop/Capstone /capstone 2/javascript-library-capstone-debug-theZoid9/src/storage.js": {"path":"/home/zoid/Desktop/Capstone /capstone 2/javascript-library-capstone-debug-theZoid9/src/storage.js","statementMap":{"0":{"start":{"line":12,"column":4},"end":{"line":33,"column":5}},"1":{"start":{"line":14,"column":8},"end":{"line":17,"column":10}},"2":{"start":{"line":19,"column":8},"end":{"line":22,"column":10}},"3":{"start":{"line":24,"column":8},"end":{"line":24,"column":43}},"4":{"start":{"line":28,"column":8},"end":{"line":31,"column":10}},"5":{"start":{"line":39,"column":4},"end":{"line":147,"column":5}},"6":{"start":{"line":41,"column":26},"end":{"line":43,"column":15}},"7":{"start":{"line":45,"column":28},"end":{"line":47,"column":15}},"8":{"start":{"line":49,"column":8},"end":{"line":54,"column":9}},"9":{"start":{"line":53,"column":12},"end":{"line":53,"column":25}},"10":{"start":{"line":57,"column":8},"end":{"line":57,"column":25}},"11":{"start":{"line":58,"column":8},"end":{"line":58,"column":27}},"12":{"start":{"line":61,"column":8},"end":{"line":95,"column":11}},"13":{"start":{"line":65,"column":12},"end":{"line":88,"column":13}},"14":{"start":{"line":67,"column":16},"end":{"line":75,"column":18}},"15":{"start":{"line":79,"column":16},"end":{"line":86,"column":18}},"16":{"start":{"line":90,"column":12},"end":{"line":90,"column":56}},"17":{"start":{"line":91,"column":12},"end":{"line":91,"column":52}},"18":{"start":{"line":93,"column":12},"end":{"line":93,"column":29}},"19":{"start":{"line":98,"column":8},"end":{"line":129,"column":11}},"20":{"start":{"line":102,"column":12},"end":{"line":119,"column":13}},"21":{"start":{"line":104,"column":16},"end":{"line":108,"column":18}},"22":{"start":{"line":112,"column":16},"end":{"line":117,"column":18}},"23":{"start":{"line":121,"column":12},"end":{"line":122,"column":41}},"24":{"start":{"line":124,"column":12},"end":{"line":125,"column":40}},"25":{"start":{"line":127,"column":12},"end":{"line":127,"column":33}},"26":{"start":{"line":131,"column":8},"end":{"line":131,"column":44}},"27":{"start":{"line":133,"column":8},"end":{"line":133,"column":20}},"28":{"start":{"line":137,"column":8},"end":{"line":140,"column":10}},"29":{"start":{"line":142,"column":8},"end":{"line":142,"column":25}},"30":{"start":{"line":143,"column":8},"end":{"line":143,"column":27}},"31":{"start":{"line":145,"column":8},"end":{"line":145,"column":21}},"32":{"start":{"line":153,"column":4},"end":{"line":173,"column":5}},"33":{"start":{"line":155,"column":8},"end":{"line":162,"column":10}},"34":{"start":{"line":166,"column":8},"end":{"line":169,"column":10}},"35":{"start":{"line":171,"column":8},"end":{"line":171,"column":20}},"36":{"start":{"line":179,"column":4},"end":{"line":215,"column":5}},"37":{"start":{"line":181,"column":21},"end":{"line":181,"column":43}},"38":{"start":{"line":183,"column":8},"end":{"line":190,"column":9}},"39":{"start":{"line":187,"column":12},"end":{"line":189,"column":14}},"40":{"start":{"line":192,"column":8},"end":{"line":195,"column":10}},"41":{"start":{"line":197,"column":8},"end":{"line":200,"column":10}},"42":{"start":{"line":202,"column":8},"end":{"line":202,"column":31}},"43":{"start":{"line":204,"column":8},"end":{"line":206,"column":10}},"44":{"start":{"line":210,"column":8},"end":{"line":213,"column":10}}},"fnMap":{"0":{"name":"saveToLocalStorage","decl":{"start":{"line":10,"column":16},"end":{"line":10,"column":34}},"loc":{"start":{"line":10,"column":37},"end":{"line":35,"column":1}},"line":10},"1":{"name":"loadFromLocalStorage","decl":{"start":{"line":37,"column":16},"end":{"line":37,"column":36}},"loc":{"start":{"line":37,"column":39},"end":{"line":149,"column":1}},"line":37},"2":{"name":"(anonymous_2)","decl":{"start":{"line":61,"column":26},"end":{"line":61,"column":27}},"loc":{"start":{"line":61,"column":34},"end":{"line":95,"column":9}},"line":61},"3":{"name":"(anonymous_3)","decl":{"start":{"line":98,"column":28},"end":{"line":98,"column":29}},"loc":{"start":{"line":98,"column":36},"end":{"line":129,"column":9}},"line":98},"4":{"name":"exportLibraryData","decl":{"start":{"line":151,"column":16},"end":{"line":151,"column":33}},"loc":{"start":{"line":151,"column":36},"end":{"line":175,"column":1}},"line":151},"5":{"name":"importLibraryData","decl":{"start":{"line":177,"column":16},"end":{"line":177,"column":33}},"loc":{"start":{"line":177,"column":46},"end":{"line":217,"column":1}},"line":177}},"branchMap":{"0":{"loc":{"start":{"line":41,"column":26},"end":{"line":43,"column":15}},"type":"binary-expr","locations":[{"start":{"line":41,"column":26},"end":{"line":43,"column":9}},{"start":{"line":43,"column":13},"end":{"line":43,"column":15}}],"line":41},"1":{"loc":{"start":{"line":45,"column":28},"end":{"line":47,"column":15}},"type":"binary-expr","locations":[{"start":{"line":45,"column":28},"end":{"line":47,"column":9}},{"start":{"line":47,"column":13},"end":{"line":47,"column":15}}],"line":45},"2":{"loc":{"start":{"line":49,"column":8},"end":{"line":54,"column":9}},"type":"if","locations":[{"start":{"line":49,"column":8},"end":{"line":54,"column":9}},{"start":{},"end":{}}],"line":49},"3":{"loc":{"start":{"line":50,"column":12},"end":{"line":51,"column":36}},"type":"binary-expr","locations":[{"start":{"line":50,"column":12},"end":{"line":50,"column":34}},{"start":{"line":51,"column":12},"end":{"line":51,"column":36}}],"line":50},"4":{"loc":{"start":{"line":65,"column":12},"end":{"line":88,"column":13}},"type":"if","locations":[{"start":{"line":65,"column":12},"end":{"line":88,"column":13}},{"start":{"line":77,"column":19},"end":{"line":88,"column":13}}],"line":65},"5":{"loc":{"start":{"line":91,"column":30},"end":{"line":91,"column":51}},"type":"binary-expr","locations":[{"start":{"line":91,"column":30},"end":{"line":91,"column":45}},{"start":{"line":91,"column":49},"end":{"line":91,"column":51}}],"line":91},"6":{"loc":{"start":{"line":102,"column":12},"end":{"line":119,"column":13}},"type":"if","locations":[{"start":{"line":102,"column":12},"end":{"line":119,"column":13}},{"start":{"line":110,"column":19},"end":{"line":119,"column":13}}],"line":102},"7":{"loc":{"start":{"line":122,"column":16},"end":{"line":122,"column":40}},"type":"binary-expr","locations":[{"start":{"line":122,"column":16},"end":{"line":122,"column":34}},{"start":{"line":122,"column":38},"end":{"line":122,"column":40}}],"line":122},"8":{"loc":{"start":{"line":183,"column":8},"end":{"line":190,"column":9}},"type":"if","locations":[{"start":{"line":183,"column":8},"end":{"line":190,"column":9}},{"start":{},"end":{}}],"line":183},"9":{"loc":{"start":{"line":184,"column":12},"end":{"line":185,"column":40}},"type":"binary-expr","locations":[{"start":{"line":184,"column":12},"end":{"line":184,"column":38}},{"start":{"line":185,"column":12},"end":{"line":185,"column":40}}],"line":184}},"s":{"0":2,"1":2,"2":2,"3":2,"4":0,"5":3,"6":3,"7":3,"8":3,"9":1,"10":2,"11":2,"12":2,"13":2,"14":0,"15":2,"16":2,"17":2,"18":2,"19":2,"20":2,"21":0,"22":2,"23":2,"24":2,"25":2,"26":2,"27":2,"28":0,"29":0,"30":0,"31":0,"32":3,"33":3,"34":0,"35":0,"36":3,"37":3,"38":1,"39":0,"40":1,"41":1,"42":1,"43":1,"44":2},"f":{"0":2,"1":3,"2":2,"3":2,"4":3,"5":3},"b":{"0":[3,1],"1":[3,1],"2":[1,2],"3":[3,1],"4":[0,2],"5":[2,0],"6":[0,2],"7":[2,0],"8":[0,1],"9":[1,1]},"_coverageSchema":"1a1c01bbd47fc00a2c39e90264f33305004495a9","hash":"b5425f8dc8bfc44eb32b55df62000c454996bf3c"}
,"/home/zoid/Desktop/Capstone /capstone 2/javascript-library-capstone-debug-theZoid9/src/ui.js": {"path":"/home/zoid/Desktop/Capstone /capstone 2/javascript-library-capstone-debug-theZoid9/src/ui.js","statementMap":{"0":{"start":{"line":64,"column":4},"end":{"line":64,"column":56}},"1":{"start":{"line":67,"column":4},"end":{"line":67,"column":52}},"2":{"start":{"line":68,"column":4},"end":{"line":68,"column":64}},"3":{"start":{"line":71,"column":4},"end":{"line":71,"column":60}},"4":{"start":{"line":72,"column":4},"end":{"line":72,"column":56}},"5":{"start":{"line":73,"column":4},"end":{"line":73,"column":62}},"6":{"start":{"line":76,"column":4},"end":{"line":76,"column":68}},"7":{"start":{"line":77,"column":4},"end":{"line":77,"column":62}},"8":{"start":{"line":78,"column":4},"end":{"line":78,"column":62}},"9":{"start":{"line":79,"column":4},"end":{"line":79,"column":70}},"10":{"start":{"line":82,"column":4},"end":{"line":82,"column":67}},"11":{"start":{"line":85,"column":4},"end":{"line":85,"column":56}},"12":{"start":{"line":88,"column":4},"end":{"line":88,"column":62}},"13":{"start":{"line":91,"column":19},"end":{"line":91,"column":41}},"14":{"start":{"line":93,"column":4},"end":{"line":97,"column":5}},"15":{"start":{"line":95,"column":8},"end":{"line":95,"column":28}},"16":{"start":{"line":96,"column":8},"end":{"line":96,"column":29}},"17":{"start":{"line":100,"column":4},"end":{"line":100,"column":20}},"18":{"start":{"line":101,"column":4},"end":{"line":101,"column":23}},"19":{"start":{"line":102,"column":4},"end":{"line":102,"column":23}},"20":{"start":{"line":103,"column":4},"end":{"line":103,"column":30}},"21":{"start":{"line":104,"column":4},"end":{"line":104,"column":26}},"22":{"start":{"line":110,"column":2},"end":{"line":110,"column":29}},"23":{"start":{"line":119,"column":4},"end":{"line":119,"column":62}},"24":{"start":{"line":121,"column":4},"end":{"line":121,"column":57}},"25":{"start":{"line":124,"column":4},"end":{"line":124,"column":67}},"26":{"start":{"line":127,"column":4},"end":{"line":130,"column":7}},"27":{"start":{"line":128,"column":8},"end":{"line":128,"column":34}},"28":{"start":{"line":129,"column":8},"end":{"line":129,"column":29}},"29":{"start":{"line":133,"column":4},"end":{"line":133,"column":67}},"30":{"start":{"line":136,"column":4},"end":{"line":136,"column":61}},"31":{"start":{"line":139,"column":4},"end":{"line":139,"column":59}},"32":{"start":{"line":141,"column":4},"end":{"line":141,"column":55}},"33":{"start":{"line":143,"column":4},"end":{"line":143,"column":61}},"34":{"start":{"line":149,"column":4},"end":{"line":149,"column":71}},"35":{"start":{"line":151,"column":4},"end":{"line":151,"column":66}},"36":{"start":{"line":153,"column":4},"end":{"line":153,"column":70}},"37":{"start":{"line":160,"column":4},"end":{"line":160,"column":22}},"38":{"start":{"line":162,"column":4},"end":{"line":162,"column":45}},"39":{"start":{"line":163,"column":4},"end":{"line":163,"column":42}},"40":{"start":{"line":164,"column":4},"end":{"line":164,"column":42}},"41":{"start":{"line":168,"column":4},"end":{"line":168,"column":22}},"42":{"start":{"line":170,"column":4},"end":{"line":170,"column":42}},"43":{"start":{"line":171,"column":4},"end":{"line":171,"column":24}},"44":{"start":{"line":172,"column":4},"end":{"line":172,"column":23}},"45":{"start":{"line":176,"column":4},"end":{"line":176,"column":22}},"46":{"start":{"line":178,"column":4},"end":{"line":178,"column":46}},"47":{"start":{"line":179,"column":4},"end":{"line":179,"column":30}},"48":{"start":{"line":180,"column":4},"end":{"line":180,"column":25}},"49":{"start":{"line":185,"column":4},"end":{"line":186,"column":48}},"50":{"start":{"line":186,"column":8},"end":{"line":186,"column":48}},"51":{"start":{"line":188,"column":4},"end":{"line":189,"column":45}},"52":{"start":{"line":189,"column":8},"end":{"line":189,"column":45}},"53":{"start":{"line":191,"column":4},"end":{"line":192,"column":45}},"54":{"start":{"line":192,"column":8},"end":{"line":192,"column":45}},"55":{"start":{"line":194,"column":4},"end":{"line":195,"column":49}},"56":{"start":{"line":195,"column":8},"end":{"line":195,"column":49}},"57":{"start":{"line":197,"column":4},"end":{"line":198,"column":45}},"58":{"start":{"line":198,"column":8},"end":{"line":198,"column":45}},"59":{"start":{"line":209,"column":4},"end":{"line":209,"column":38}},"60":{"start":{"line":212,"column":4},"end":{"line":220,"column":5}},"61":{"start":{"line":214,"column":8},"end":{"line":218,"column":10}},"62":{"start":{"line":219,"column":8},"end":{"line":219,"column":15}},"63":{"start":{"line":223,"column":21},"end":{"line":223,"column":54}},"64":{"start":{"line":226,"column":4},"end":{"line":252,"column":5}},"65":{"start":{"line":228,"column":25},"end":{"line":228,"column":54}},"66":{"start":{"line":230,"column":8},"end":{"line":230,"column":41}},"67":{"start":{"line":233,"column":8},"end":{"line":233,"column":42}},"68":{"start":{"line":236,"column":8},"end":{"line":248,"column":10}},"69":{"start":{"line":250,"column":8},"end":{"line":250,"column":39}},"70":{"start":{"line":254,"column":4},"end":{"line":254,"column":45}},"71":{"start":{"line":261,"column":21},"end":{"line":261,"column":55}},"72":{"start":{"line":263,"column":4},"end":{"line":265,"column":5}},"73":{"start":{"line":264,"column":8},"end":{"line":264,"column":15}},"74":{"start":{"line":268,"column":17},"end":{"line":268,"column":38}},"75":{"start":{"line":270,"column":4},"end":{"line":270,"column":29}},"76":{"start":{"line":277,"column":8},"end":{"line":277,"column":47}},"77":{"start":{"line":279,"column":4},"end":{"line":282,"column":5}},"78":{"start":{"line":280,"column":8},"end":{"line":280,"column":59}},"79":{"start":{"line":281,"column":8},"end":{"line":281,"column":15}},"80":{"start":{"line":284,"column":17},"end":{"line":284,"column":37}},"81":{"start":{"line":286,"column":4},"end":{"line":291,"column":5}},"82":{"start":{"line":287,"column":8},"end":{"line":289,"column":10}},"83":{"start":{"line":290,"column":8},"end":{"line":290,"column":15}},"84":{"start":{"line":294,"column":4},"end":{"line":294,"column":48}},"85":{"start":{"line":297,"column":4},"end":{"line":297,"column":54}},"86":{"start":{"line":302,"column":24},"end":{"line":302,"column":63}},"87":{"start":{"line":303,"column":26},"end":{"line":303,"column":58}},"88":{"start":{"line":304,"column":4},"end":{"line":304,"column":39}},"89":{"start":{"line":308,"column":20},"end":{"line":308,"column":59}},"90":{"start":{"line":310,"column":4},"end":{"line":312,"column":5}},"91":{"start":{"line":311,"column":8},"end":{"line":311,"column":40}},"92":{"start":{"line":314,"column":27},"end":{"line":314,"column":77}},"93":{"start":{"line":315,"column":4},"end":{"line":315,"column":39}},"94":{"start":{"line":325,"column":4},"end":{"line":325,"column":27}},"95":{"start":{"line":327,"column":26},"end":{"line":327,"column":62}},"96":{"start":{"line":328,"column":22},"end":{"line":328,"column":53}},"97":{"start":{"line":330,"column":21},"end":{"line":330,"column":47}},"98":{"start":{"line":331,"column":17},"end":{"line":331,"column":39}},"99":{"start":{"line":333,"column":4},"end":{"line":336,"column":5}},"100":{"start":{"line":334,"column":8},"end":{"line":334,"column":85}},"101":{"start":{"line":335,"column":8},"end":{"line":335,"column":15}},"102":{"start":{"line":338,"column":4},"end":{"line":353,"column":5}},"103":{"start":{"line":340,"column":24},"end":{"line":340,"column":50}},"104":{"start":{"line":342,"column":8},"end":{"line":349,"column":9}},"105":{"start":{"line":344,"column":12},"end":{"line":344,"column":33}},"106":{"start":{"line":345,"column":12},"end":{"line":345,"column":28}},"107":{"start":{"line":346,"column":12},"end":{"line":346,"column":38}},"108":{"start":{"line":347,"column":12},"end":{"line":347,"column":80}},"109":{"start":{"line":348,"column":12},"end":{"line":348,"column":33}},"110":{"start":{"line":352,"column":8},"end":{"line":352,"column":70}},"111":{"start":{"line":362,"column":22},"end":{"line":362,"column":63}},"112":{"start":{"line":364,"column":4},"end":{"line":366,"column":5}},"113":{"start":{"line":365,"column":8},"end":{"line":365,"column":15}},"114":{"start":{"line":368,"column":4},"end":{"line":392,"column":6}},"115":{"start":{"line":393,"column":4},"end":{"line":393,"column":56}},"116":{"start":{"line":399,"column":4},"end":{"line":399,"column":27}},"117":{"start":{"line":401,"column":21},"end":{"line":404,"column":15}},"118":{"start":{"line":406,"column":17},"end":{"line":409,"column":15}},"119":{"start":{"line":411,"column":4},"end":{"line":414,"column":5}},"120":{"start":{"line":412,"column":8},"end":{"line":412,"column":45}},"121":{"start":{"line":413,"column":8},"end":{"line":413,"column":15}},"122":{"start":{"line":416,"column":4},"end":{"line":440,"column":5}},"123":{"start":{"line":418,"column":8},"end":{"line":423,"column":11}},"124":{"start":{"line":425,"column":8},"end":{"line":425,"column":29}},"125":{"start":{"line":427,"column":8},"end":{"line":427,"column":35}},"126":{"start":{"line":428,"column":8},"end":{"line":428,"column":27}},"127":{"start":{"line":429,"column":8},"end":{"line":429,"column":34}},"128":{"start":{"line":430,"column":8},"end":{"line":430,"column":29}},"129":{"start":{"line":432,"column":8},"end":{"line":432,"column":29}},"130":{"start":{"line":435,"column":8},"end":{"line":435,"column":61}},"131":{"start":{"line":438,"column":8},"end":{"line":438,"column":68}},"132":{"start":{"line":448,"column":26},"end":{"line":448,"column":64}},"133":{"start":{"line":450,"column":4},"end":{"line":488,"column":6}},"134":{"start":{"line":490,"column":4},"end":{"line":492,"column":56}},"135":{"start":{"line":496,"column":22},"end":{"line":496,"column":60}},"136":{"start":{"line":498,"column":4},"end":{"line":498,"column":29}},"137":{"start":{"line":499,"column":4},"end":{"line":506,"column":5}},"138":{"start":{"line":500,"column":8},"end":{"line":504,"column":10}},"139":{"start":{"line":505,"column":8},"end":{"line":505,"column":15}},"140":{"start":{"line":508,"column":4},"end":{"line":537,"column":7}},"141":{"start":{"line":510,"column":21},"end":{"line":510,"column":50}},"142":{"start":{"line":512,"column":8},"end":{"line":512,"column":39}},"143":{"start":{"line":514,"column":8},"end":{"line":533,"column":10}},"144":{"start":{"line":535,"column":8},"end":{"line":535,"column":36}},"145":{"start":{"line":542,"column":4},"end":{"line":542,"column":27}},"146":{"start":{"line":544,"column":18},"end":{"line":544,"column":30}},"147":{"start":{"line":546,"column":19},"end":{"line":546,"column":64}},"148":{"start":{"line":547,"column":21},"end":{"line":547,"column":61}},"149":{"start":{"line":548,"column":22},"end":{"line":548,"column":63}},"150":{"start":{"line":550,"column":4},"end":{"line":553,"column":5}},"151":{"start":{"line":551,"column":8},"end":{"line":551,"column":85}},"152":{"start":{"line":552,"column":8},"end":{"line":552,"column":15}},"153":{"start":{"line":555,"column":19},"end":{"line":555,"column":60}},"154":{"start":{"line":555,"column":42},"end":{"line":555,"column":58}},"155":{"start":{"line":557,"column":4},"end":{"line":560,"column":5}},"156":{"start":{"line":558,"column":8},"end":{"line":558,"column":83}},"157":{"start":{"line":559,"column":8},"end":{"line":559,"column":15}},"158":{"start":{"line":562,"column":22},"end":{"line":567,"column":5}},"159":{"start":{"line":569,"column":4},"end":{"line":569,"column":28}},"160":{"start":{"line":570,"column":4},"end":{"line":570,"column":25}},"161":{"start":{"line":571,"column":4},"end":{"line":571,"column":23}},"162":{"start":{"line":572,"column":4},"end":{"line":572,"column":30}},"163":{"start":{"line":573,"column":4},"end":{"line":573,"column":87}},"164":{"start":{"line":574,"column":4},"end":{"line":574,"column":25}},"165":{"start":{"line":580,"column":19},"end":{"line":580,"column":55}},"166":{"start":{"line":582,"column":4},"end":{"line":584,"column":5}},"167":{"start":{"line":583,"column":8},"end":{"line":583,"column":15}},"168":{"start":{"line":586,"column":15},"end":{"line":586,"column":32}},"169":{"start":{"line":588,"column":4},"end":{"line":588,"column":27}},"170":{"start":{"line":594,"column":19},"end":{"line":594,"column":37}},"171":{"start":{"line":596,"column":4},"end":{"line":599,"column":5}},"172":{"start":{"line":597,"column":8},"end":{"line":597,"column":35}},"173":{"start":{"line":598,"column":8},"end":{"line":598,"column":15}},"174":{"start":{"line":601,"column":27},"end":{"line":601,"column":65}},"175":{"start":{"line":603,"column":8},"end":{"line":661,"column":10}},"176":{"start":{"line":663,"column":4},"end":{"line":663,"column":65}},"177":{"start":{"line":664,"column":4},"end":{"line":664,"column":62}},"178":{"start":{"line":665,"column":4},"end":{"line":665,"column":66}},"179":{"start":{"line":667,"column":4},"end":{"line":667,"column":25}},"180":{"start":{"line":669,"column":4},"end":{"line":669,"column":36}},"181":{"start":{"line":671,"column":17},"end":{"line":671,"column":55}},"182":{"start":{"line":673,"column":4},"end":{"line":676,"column":7}},"183":{"start":{"line":678,"column":4},"end":{"line":678,"column":44}},"184":{"start":{"line":683,"column":4},"end":{"line":683,"column":27}},"185":{"start":{"line":684,"column":19},"end":{"line":684,"column":50}},"186":{"start":{"line":686,"column":4},"end":{"line":689,"column":5}},"187":{"start":{"line":687,"column":8},"end":{"line":687,"column":76}},"188":{"start":{"line":688,"column":8},"end":{"line":688,"column":15}},"189":{"start":{"line":691,"column":20},"end":{"line":695,"column":5}},"190":{"start":{"line":697,"column":4},"end":{"line":697,"column":38}},"191":{"start":{"line":699,"column":4},"end":{"line":699,"column":25}},"192":{"start":{"line":701,"column":4},"end":{"line":701,"column":23}},"193":{"start":{"line":702,"column":4},"end":{"line":702,"column":24}},"194":{"start":{"line":703,"column":4},"end":{"line":703,"column":71}},"195":{"start":{"line":708,"column":4},"end":{"line":708,"column":24}},"196":{"start":{"line":713,"column":4},"end":{"line":713,"column":27}},"197":{"start":{"line":714,"column":4},"end":{"line":714,"column":28}},"198":{"start":{"line":717,"column":19},"end":{"line":717,"column":50}},"199":{"start":{"line":719,"column":4},"end":{"line":722,"column":5}},"200":{"start":{"line":720,"column":8},"end":{"line":720,"column":76}},"201":{"start":{"line":721,"column":8},"end":{"line":721,"column":15}},"202":{"start":{"line":725,"column":18},"end":{"line":728,"column":7}},"203":{"start":{"line":725,"column":52},"end":{"line":728,"column":5}},"204":{"start":{"line":731,"column":4},"end":{"line":731,"column":30}},"205":{"start":{"line":734,"column":4},"end":{"line":734,"column":28}},"206":{"start":{"line":736,"column":4},"end":{"line":736,"column":25}},"207":{"start":{"line":737,"column":4},"end":{"line":737,"column":20}},"208":{"start":{"line":738,"column":4},"end":{"line":738,"column":23}},"209":{"start":{"line":739,"column":4},"end":{"line":739,"column":24}},"210":{"start":{"line":740,"column":4},"end":{"line":740,"column":69}},"211":{"start":{"line":748,"column":18},"end":{"line":748,"column":54}},"212":{"start":{"line":750,"column":23},"end":{"line":750,"column":61}},"213":{"start":{"line":751,"column":25},"end":{"line":751,"column":65}},"214":{"start":{"line":752,"column":27},"end":{"line":752,"column":69}},"215":{"start":{"line":753,"column":26},"end":{"line":753,"column":67}},"216":{"start":{"line":755,"column":4},"end":{"line":757,"column":5}},"217":{"start":{"line":756,"column":8},"end":{"line":756,"column":50}},"218":{"start":{"line":759,"column":4},"end":{"line":761,"column":5}},"219":{"start":{"line":760,"column":8},"end":{"line":760,"column":54}},"220":{"start":{"line":763,"column":4},"end":{"line":765,"column":5}},"221":{"start":{"line":764,"column":8},"end":{"line":764,"column":58}},"222":{"start":{"line":767,"column":4},"end":{"line":769,"column":5}},"223":{"start":{"line":768,"column":8},"end":{"line":768,"column":56}},"224":{"start":{"line":774,"column":20},"end":{"line":774,"column":38}},"225":{"start":{"line":776,"column":18},"end":{"line":776,"column":58}},"226":{"start":{"line":778,"column":17},"end":{"line":778,"column":56}},"227":{"start":{"line":780,"column":4},"end":{"line":782,"column":5}},"228":{"start":{"line":781,"column":8},"end":{"line":781,"column":15}},"229":{"start":{"line":784,"column":4},"end":{"line":784,"column":39}},"230":{"start":{"line":786,"column":4},"end":{"line":786,"column":24}},"231":{"start":{"line":788,"column":4},"end":{"line":797,"column":5}},"232":{"start":{"line":790,"column":8},"end":{"line":794,"column":10}},"233":{"start":{"line":796,"column":8},"end":{"line":796,"column":15}},"234":{"start":{"line":799,"column":4},"end":{"line":819,"column":7}},"235":{"start":{"line":801,"column":12},"end":{"line":817,"column":14}},"236":{"start":{"line":828,"column":22},"end":{"line":828,"column":49}},"237":{"start":{"line":830,"column":4},"end":{"line":834,"column":6}},"238":{"start":{"line":835,"column":4},"end":{"line":837,"column":13}},"239":{"start":{"line":836,"column":8},"end":{"line":836,"column":33}},"240":{"start":{"line":842,"column":0},"end":{"line":848,"column":2}},"241":{"start":{"line":844,"column":32},"end":{"line":844,"column":47}}},"fnMap":{"0":{"name":"initializeUI","decl":{"start":{"line":61,"column":9},"end":{"line":61,"column":21}},"loc":{"start":{"line":61,"column":24},"end":{"line":106,"column":1}},"line":61},"1":{"name":"loadCatalogue","decl":{"start":{"line":109,"column":9},"end":{"line":109,"column":22}},"loc":{"start":{"line":109,"column":25},"end":{"line":111,"column":1}},"line":109},"2":{"name":"setupEventListeners","decl":{"start":{"line":117,"column":9},"end":{"line":117,"column":28}},"loc":{"start":{"line":117,"column":31},"end":{"line":145,"column":1}},"line":117},"3":{"name":"(anonymous_3)","decl":{"start":{"line":127,"column":43},"end":{"line":127,"column":44}},"loc":{"start":{"line":127,"column":54},"end":{"line":130,"column":5}},"line":127},"4":{"name":"setupEditMemberEventListeners","decl":{"start":{"line":147,"column":9},"end":{"line":147,"column":38}},"loc":{"start":{"line":147,"column":41},"end":{"line":154,"column":1}},"line":147},"5":{"name":"showCatalogue","decl":{"start":{"line":159,"column":9},"end":{"line":159,"column":22}},"loc":{"start":{"line":159,"column":25},"end":{"line":165,"column":1}},"line":159},"6":{"name":"showMembers","decl":{"start":{"line":167,"column":9},"end":{"line":167,"column":20}},"loc":{"start":{"line":167,"column":23},"end":{"line":173,"column":1}},"line":167},"7":{"name":"showStatistics","decl":{"start":{"line":175,"column":9},"end":{"line":175,"column":23}},"loc":{"start":{"line":175,"column":26},"end":{"line":181,"column":1}},"line":175},"8":{"name":"hideAllSections","decl":{"start":{"line":183,"column":9},"end":{"line":183,"column":24}},"loc":{"start":{"line":183,"column":27},"end":{"line":199,"column":1}},"line":183},"9":{"name":"renderBookCatalogue","decl":{"start":{"line":206,"column":9},"end":{"line":206,"column":28}},"loc":{"start":{"line":206,"column":39},"end":{"line":256,"column":1}},"line":206},"10":{"name":"handleBookClick","decl":{"start":{"line":258,"column":9},"end":{"line":258,"column":24}},"loc":{"start":{"line":258,"column":32},"end":{"line":272,"column":1}},"line":258},"11":{"name":"displayBookDetails","decl":{"start":{"line":274,"column":9},"end":{"line":274,"column":27}},"loc":{"start":{"line":274,"column":34},"end":{"line":299,"column":1}},"line":274},"12":{"name":"handleSearch","decl":{"start":{"line":301,"column":9},"end":{"line":301,"column":21}},"loc":{"start":{"line":301,"column":29},"end":{"line":305,"column":1}},"line":301},"13":{"name":"handleFilterChange","decl":{"start":{"line":307,"column":9},"end":{"line":307,"column":27}},"loc":{"start":{"line":307,"column":30},"end":{"line":317,"column":1}},"line":307},"14":{"name":"handleBorrowSubmit","decl":{"start":{"line":323,"column":9},"end":{"line":323,"column":27}},"loc":{"start":{"line":323,"column":35},"end":{"line":355,"column":1}},"line":323},"15":{"name":"createReturnForm","decl":{"start":{"line":360,"column":9},"end":{"line":360,"column":25}},"loc":{"start":{"line":360,"column":28},"end":{"line":395,"column":1}},"line":360},"16":{"name":"handleReturnSubmit","decl":{"start":{"line":397,"column":9},"end":{"line":397,"column":27}},"loc":{"start":{"line":397,"column":35},"end":{"line":442,"column":1}},"line":397},"17":{"name":"createMemberForm1","decl":{"start":{"line":447,"column":9},"end":{"line":447,"column":26}},"loc":{"start":{"line":447,"column":29},"end":{"line":493,"column":1}},"line":447},"18":{"name":"renderMemberList","decl":{"start":{"line":495,"column":9},"end":{"line":495,"column":25}},"loc":{"start":{"line":495,"column":28},"end":{"line":538,"column":1}},"line":495},"19":{"name":"(anonymous_19)","decl":{"start":{"line":508,"column":20},"end":{"line":508,"column":21}},"loc":{"start":{"line":508,"column":30},"end":{"line":537,"column":5}},"line":508},"20":{"name":"handleMemberSubmit","decl":{"start":{"line":540,"column":9},"end":{"line":540,"column":27}},"loc":{"start":{"line":540,"column":35},"end":{"line":576,"column":1}},"line":540},"21":{"name":"(anonymous_21)","decl":{"start":{"line":555,"column":32},"end":{"line":555,"column":33}},"loc":{"start":{"line":555,"column":42},"end":{"line":555,"column":58}},"line":555},"22":{"name":"handleMemberClick","decl":{"start":{"line":578,"column":9},"end":{"line":578,"column":26}},"loc":{"start":{"line":578,"column":34},"end":{"line":590,"column":1}},"line":578},"23":{"name":"showEditMemberForm","decl":{"start":{"line":592,"column":9},"end":{"line":592,"column":27}},"loc":{"start":{"line":592,"column":32},"end":{"line":679,"column":1}},"line":592},"24":{"name":"handleEditMemberSubmit","decl":{"start":{"line":681,"column":9},"end":{"line":681,"column":31}},"loc":{"start":{"line":681,"column":43},"end":{"line":705,"column":1}},"line":681},"25":{"name":"handleCancelEdit","decl":{"start":{"line":707,"column":9},"end":{"line":707,"column":25}},"loc":{"start":{"line":707,"column":28},"end":{"line":709,"column":1}},"line":707},"26":{"name":"handleDeleteMember","decl":{"start":{"line":711,"column":9},"end":{"line":711,"column":27}},"loc":{"start":{"line":711,"column":35},"end":{"line":742,"column":1}},"line":711},"27":{"name":"(anonymous_27)","decl":{"start":{"line":725,"column":43},"end":{"line":725,"column":44}},"loc":{"start":{"line":725,"column":52},"end":{"line":728,"column":5}},"line":725},"28":{"name":"updateStatisticsDisplay","decl":{"start":{"line":747,"column":9},"end":{"line":747,"column":32}},"loc":{"start":{"line":747,"column":35},"end":{"line":770,"column":1}},"line":747},"29":{"name":"renderOverdueBooks","decl":{"start":{"line":772,"column":9},"end":{"line":772,"column":27}},"loc":{"start":{"line":772,"column":30},"end":{"line":821,"column":1}},"line":772},"30":{"name":"(anonymous_30)","decl":{"start":{"line":799,"column":20},"end":{"line":799,"column":21}},"loc":{"start":{"line":799,"column":28},"end":{"line":819,"column":5}},"line":799},"31":{"name":"renderMemberMessage","decl":{"start":{"line":827,"column":9},"end":{"line":827,"column":28}},"loc":{"start":{"line":827,"column":60},"end":{"line":838,"column":1}},"line":827},"32":{"name":"(anonymous_32)","decl":{"start":{"line":835,"column":15},"end":{"line":835,"column":16}},"loc":{"start":{"line":835,"column":21},"end":{"line":837,"column":5}},"line":835},"33":{"name":"(anonymous_33)","decl":{"start":{"line":844,"column":24},"end":{"line":844,"column":25}},"loc":{"start":{"line":844,"column":30},"end":{"line":846,"column":5}},"line":844}},"branchMap":{"0":{"loc":{"start":{"line":93,"column":4},"end":{"line":97,"column":5}},"type":"if","locations":[{"start":{"line":93,"column":4},"end":{"line":97,"column":5}},{"start":{},"end":{}}],"line":93},"1":{"loc":{"start":{"line":185,"column":4},"end":{"line":186,"column":48}},"type":"if","locations":[{"start":{"line":185,"column":4},"end":{"line":186,"column":48}},{"start":{},"end":{}}],"line":185},"2":{"loc":{"start":{"line":188,"column":4},"end":{"line":189,"column":45}},"type":"if","locations":[{"start":{"line":188,"column":4},"end":{"line":189,"column":45}},{"start":{},"end":{}}],"line":188},"3":{"loc":{"start":{"line":191,"column":4},"end":{"line":192,"column":45}},"type":"if","locations":[{"start":{"line":191,"column":4},"end":{"line":192,"column":45}},{"start":{},"end":{}}],"line":191},"4":{"loc":{"start":{"line":194,"column":4},"end":{"line":195,"column":49}},"type":"if","locations":[{"start":{"line":194,"column":4},"end":{"line":195,"column":49}},{"start":{},"end":{}}],"line":194},"5":{"loc":{"start":{"line":197,"column":4},"end":{"line":198,"column":45}},"type":"if","locations":[{"start":{"line":197,"column":4},"end":{"line":198,"column":45}},{"start":{},"end":{}}],"line":197},"6":{"loc":{"start":{"line":212,"column":4},"end":{"line":220,"column":5}},"type":"if","locations":[{"start":{"line":212,"column":4},"end":{"line":220,"column":5}},{"start":{},"end":{}}],"line":212},"7":{"loc":{"start":{"line":212,"column":8},"end":{"line":212,"column":57}},"type":"binary-expr","locations":[{"start":{"line":212,"column":8},"end":{"line":212,"column":32}},{"start":{"line":212,"column":36},"end":{"line":212,"column":57}}],"line":212},"8":{"loc":{"start":{"line":263,"column":4},"end":{"line":265,"column":5}},"type":"if","locations":[{"start":{"line":263,"column":4},"end":{"line":265,"column":5}},{"start":{},"end":{}}],"line":263},"9":{"loc":{"start":{"line":279,"column":4},"end":{"line":282,"column":5}},"type":"if","locations":[{"start":{"line":279,"column":4},"end":{"line":282,"column":5}},{"start":{},"end":{}}],"line":279},"10":{"loc":{"start":{"line":286,"column":4},"end":{"line":291,"column":5}},"type":"if","locations":[{"start":{"line":286,"column":4},"end":{"line":291,"column":5}},{"start":{},"end":{}}],"line":286},"11":{"loc":{"start":{"line":310,"column":4},"end":{"line":312,"column":5}},"type":"if","locations":[{"start":{"line":310,"column":4},"end":{"line":312,"column":5}},{"start":{},"end":{}}],"line":310},"12":{"loc":{"start":{"line":333,"column":4},"end":{"line":336,"column":5}},"type":"if","locations":[{"start":{"line":333,"column":4},"end":{"line":336,"column":5}},{"start":{},"end":{}}],"line":333},"13":{"loc":{"start":{"line":333,"column":8},"end":{"line":333,"column":26}},"type":"binary-expr","locations":[{"start":{"line":333,"column":8},"end":{"line":333,"column":17}},{"start":{"line":333,"column":21},"end":{"line":333,"column":26}}],"line":333},"14":{"loc":{"start":{"line":342,"column":8},"end":{"line":349,"column":9}},"type":"if","locations":[{"start":{"line":342,"column":8},"end":{"line":349,"column":9}},{"start":{},"end":{}}],"line":342},"15":{"loc":{"start":{"line":364,"column":4},"end":{"line":366,"column":5}},"type":"if","locations":[{"start":{"line":364,"column":4},"end":{"line":366,"column":5}},{"start":{},"end":{}}],"line":364},"16":{"loc":{"start":{"line":411,"column":4},"end":{"line":414,"column":5}},"type":"if","locations":[{"start":{"line":411,"column":4},"end":{"line":414,"column":5}},{"start":{},"end":{}}],"line":411},"17":{"loc":{"start":{"line":411,"column":8},"end":{"line":411,"column":26}},"type":"binary-expr","locations":[{"start":{"line":411,"column":8},"end":{"line":411,"column":17}},{"start":{"line":411,"column":21},"end":{"line":411,"column":26}}],"line":411},"18":{"loc":{"start":{"line":499,"column":4},"end":{"line":506,"column":5}},"type":"if","locations":[{"start":{"line":499,"column":4},"end":{"line":506,"column":5}},{"start":{},"end":{}}],"line":499},"19":{"loc":{"start":{"line":550,"column":4},"end":{"line":553,"column":5}},"type":"if","locations":[{"start":{"line":550,"column":4},"end":{"line":553,"column":5}},{"start":{},"end":{}}],"line":550},"20":{"loc":{"start":{"line":550,"column":8},"end":{"line":550,"column":30}},"type":"binary-expr","locations":[{"start":{"line":550,"column":8},"end":{"line":550,"column":11}},{"start":{"line":550,"column":15},"end":{"line":550,"column":20}},{"start":{"line":550,"column":24},"end":{"line":550,"column":30}}],"line":550},"21":{"loc":{"start":{"line":557,"column":4},"end":{"line":560,"column":5}},"type":"if","locations":[{"start":{"line":557,"column":4},"end":{"line":560,"column":5}},{"start":{},"end":{}}],"line":557},"22":{"loc":{"start":{"line":582,"column":4},"end":{"line":584,"column":5}},"type":"if","locations":[{"start":{"line":582,"column":4},"end":{"line":584,"column":5}},{"start":{},"end":{}}],"line":582},"23":{"loc":{"start":{"line":596,"column":4},"end":{"line":599,"column":5}},"type":"if","locations":[{"start":{"line":596,"column":4},"end":{"line":599,"column":5}},{"start":{},"end":{}}],"line":596},"24":{"loc":{"start":{"line":628,"column":26},"end":{"line":628,"column":80}},"type":"cond-expr","locations":[{"start":{"line":628,"column":65},"end":{"line":628,"column":75}},{"start":{"line":628,"column":78},"end":{"line":628,"column":80}}],"line":628},"25":{"loc":{"start":{"line":634,"column":26},"end":{"line":634,"column":79}},"type":"cond-expr","locations":[{"start":{"line":634,"column":64},"end":{"line":634,"column":74}},{"start":{"line":634,"column":77},"end":{"line":634,"column":79}}],"line":634},"26":{"loc":{"start":{"line":686,"column":4},"end":{"line":689,"column":5}},"type":"if","locations":[{"start":{"line":686,"column":4},"end":{"line":689,"column":5}},{"start":{},"end":{}}],"line":686},"27":{"loc":{"start":{"line":719,"column":4},"end":{"line":722,"column":5}},"type":"if","locations":[{"start":{"line":719,"column":4},"end":{"line":722,"column":5}},{"start":{},"end":{}}],"line":719},"28":{"loc":{"start":{"line":755,"column":4},"end":{"line":757,"column":5}},"type":"if","locations":[{"start":{"line":755,"column":4},"end":{"line":757,"column":5}},{"start":{},"end":{}}],"line":755},"29":{"loc":{"start":{"line":759,"column":4},"end":{"line":761,"column":5}},"type":"if","locations":[{"start":{"line":759,"column":4},"end":{"line":761,"column":5}},{"start":{},"end":{}}],"line":759},"30":{"loc":{"start":{"line":763,"column":4},"end":{"line":765,"column":5}},"type":"if","locations":[{"start":{"line":763,"column":4},"end":{"line":765,"column":5}},{"start":{},"end":{}}],"line":763},"31":{"loc":{"start":{"line":767,"column":4},"end":{"line":769,"column":5}},"type":"if","locations":[{"start":{"line":767,"column":4},"end":{"line":769,"column":5}},{"start":{},"end":{}}],"line":767},"32":{"loc":{"start":{"line":780,"column":4},"end":{"line":782,"column":5}},"type":"if","locations":[{"start":{"line":780,"column":4},"end":{"line":782,"column":5}},{"start":{},"end":{}}],"line":780},"33":{"loc":{"start":{"line":780,"column":8},"end":{"line":780,"column":23}},"type":"binary-expr","locations":[{"start":{"line":780,"column":8},"end":{"line":780,"column":14}},{"start":{"line":780,"column":18},"end":{"line":780,"column":23}}],"line":780},"34":{"loc":{"start":{"line":788,"column":4},"end":{"line":797,"column":5}},"type":"if","locations":[{"start":{"line":788,"column":4},"end":{"line":797,"column":5}},{"start":{},"end":{}}],"line":788},"35":{"loc":{"start":{"line":827,"column":42},"end":{"line":827,"column":58}},"type":"default-arg","locations":[{"start":{"line":827,"column":49},"end":{"line":827,"column":58}}],"line":827}},"s":{"0":0,"1":0,"2":0,"3":0,"4":0,"5":0,"6":0,"7":0,"8":0,"9":0,"10":0,"11":0,"12":0,"13":0,"14":0,"15":0,"16":0,"17":0,"18":0,"19":0,"20":0,"21":0,"22":0,"23":0,"24":0,"25":0,"26":0,"27":0,"28":0,"29":0,"30":0,"31":0,"32":0,"33":0,"34":0,"35":0,"36":0,"37":0,"38":0,"39":0,"40":0,"41":0,"42":0,"43":0,"44":0,"45":0,"46":0,"47":0,"48":0,"49":0,"50":0,"51":0,"52":0,"53":0,"54":0,"55":0,"56":0,"57":0,"58":0,"59":0,"60":0,"61":0,"62":0,"63":0,"64":0,"65":0,"66":0,"67":0,"68":0,"69":0,"70":0,"71":0,"72":0,"73":0,"74":0,"75":0,"76":0,"77":0,"78":0,"79":0,"80":0,"81":0,"82":0,"83":0,"84":0,"85":0,"86":0,"87":0,"88":0,"89":0,"90":0,"91":0,"92":0,"93":0,"94":0,"95":0,"96":0,"97":0,"98":0,"99":0,"100":0,"101":0,"102":0,"103":0,"104":0,"105":0,"106":0,"107":0,"108":0,"109":0,"110":0,"111":0,"112":0,"113":0,"114":0,"115":0,"116":0,"117":0,"118":0,"119":0,"120":0,"121":0,"122":0,"123":0,"124":0,"125":0,"126":0,"127":0,"128":0,"129":0,"130":0,"131":0,"132":0,"133":0,"134":0,"135":0,"136":0,"137":0,"138":0,"139":0,"140":0,"141":0,"142":0,"143":0,"144":0,"145":0,"146":0,"147":0,"148":0,"149":0,"150":0,"151":0,"152":0,"153":0,"154":0,"155":0,"156":0,"157":0,"158":0,"159":0,"160":0,"161":0,"162":0,"163":0,"164":0,"165":0,"166":0,"167":0,"168":0,"169":0,"170":0,"171":0,"172":0,"173":0,"174":0,"175":0,"176":0,"177":0,"178":0,"179":0,"180":0,"181":0,"182":0,"183":0,"184":0,"185":0,"186":0,"187":0,"188":0,"189":0,"190":0,"191":0,"192":0,"193":0,"194":0,"195":0,"196":0,"197":0,"198":0,"199":0,"200":0,"201":0,"202":0,"203":0,"204":0,"205":0,"206":0,"207":0,"208":0,"209":0,"210":0,"211":0,"212":0,"213":0,"214":0,"215":0,"216":0,"217":0,"218":0,"219":0,"220":0,"221":0,"222":0,"223":0,"224":0,"225":0,"226":0,"227":0,"228":0,"229":0,"230":0,"231":0,"232":0,"233":0,"234":0,"235":0,"236":0,"237":0,"238":0,"239":0,"240":0,"241":0},"f":{"0":0,"1":0,"2":0,"3":0,"4":0,"5":0,"6":0,"7":0,"8":0,"9":0,"10":0,"11":0,"12":0,"13":0,"14":0,"15":0,"16":0,"17":0,"18":0,"19":0,"20":0,"21":0,"22":0,"23":0,"24":0,"25":0,"26":0,"27":0,"28":0,"29":0,"30":0,"31":0,"32":0,"33":0},"b":{"0":[0,0],"1":[0,0],"2":[0,0],"3":[0,0],"4":[0,0],"5":[0,0],"6":[0,0],"7":[0,0],"8":[0,0],"9":[0,0],"10":[0,0],"11":[0,0],"12":[0,0],"13":[0,0],"14":[0,0],"15":[0,0],"16":[0,0],"17":[0,0],"18":[0,0],"19":[0,0],"20":[0,0,0],"21":[0,0],"22":[0,0],"23":[0,0],"24":[0,0],"25":[0,0],"26":[0,0],"27":[0,0],"28":[0,0],"29":[0,0],"30":[0,0],"31":[0,0],"32":[0,0],"33":[0,0],"34":[0,0],"35":[0]}}
,"/home/zoid/Desktop/Capstone /capstone 2/javascript-library-capstone-debug-theZoid9/src/utils.js": {"path":"/home/zoid/Desktop/Capstone /capstone 2/javascript-library-capstone-debug-theZoid9/src/utils.js","statementMap":{"0":{"start":{"line":8,"column":4},"end":{"line":8,"column":33}},"1":{"start":{"line":8,"column":26},"end":{"line":8,"column":33}},"2":{"start":{"line":10,"column":4},"end":{"line":27,"column":6}},"3":{"start":{"line":29,"column":4},"end":{"line":36,"column":6}},"4":{"start":{"line":44,"column":4},"end":{"line":47,"column":6}},"5":{"start":{"line":45,"column":8},"end":{"line":46,"column":55}},"6":{"start":{"line":53,"column":4},"end":{"line":55,"column":5}},"7":{"start":{"line":54,"column":8},"end":{"line":54,"column":21}},"8":{"start":{"line":56,"column":4},"end":{"line":56,"column":60}},"9":{"start":{"line":56,"column":32},"end":{"line":56,"column":58}},"10":{"start":{"line":63,"column":4},"end":{"line":74,"column":6}},"11":{"start":{"line":67,"column":27},"end":{"line":67,"column":53}},"12":{"start":{"line":71,"column":27},"end":{"line":71,"column":55}},"13":{"start":{"line":80,"column":16},"end":{"line":80,"column":17}},"14":{"start":{"line":82,"column":4},"end":{"line":116,"column":5}},"15":{"start":{"line":84,"column":21},"end":{"line":84,"column":33}},"16":{"start":{"line":86,"column":21},"end":{"line":86,"column":46}},"17":{"start":{"line":87,"column":23},"end":{"line":87,"column":52}},"18":{"start":{"line":89,"column":8},"end":{"line":91,"column":9}},"19":{"start":{"line":90,"column":12},"end":{"line":90,"column":47}},"20":{"start":{"line":93,"column":8},"end":{"line":95,"column":9}},"21":{"start":{"line":94,"column":12},"end":{"line":94,"column":49}},"22":{"start":{"line":97,"column":30},"end":{"line":99,"column":9}},"23":{"start":{"line":98,"column":24},"end":{"line":98,"column":59}},"24":{"start":{"line":101,"column":8},"end":{"line":103,"column":9}},"25":{"start":{"line":102,"column":12},"end":{"line":102,"column":69}},"26":{"start":{"line":105,"column":8},"end":{"line":105,"column":31}},"27":{"start":{"line":107,"column":8},"end":{"line":107,"column":49}},"28":{"start":{"line":109,"column":8},"end":{"line":112,"column":14}},"29":{"start":{"line":111,"column":32},"end":{"line":111,"column":58}},"30":{"start":{"line":114,"column":8},"end":{"line":114,"column":16}}},"fnMap":{"0":{"name":"initializeLibrary","decl":{"start":{"line":6,"column":16},"end":{"line":6,"column":33}},"loc":{"start":{"line":6,"column":36},"end":{"line":39,"column":1}},"line":6},"1":{"name":"searchBooks","decl":{"start":{"line":43,"column":16},"end":{"line":43,"column":27}},"loc":{"start":{"line":43,"column":48},"end":{"line":48,"column":1}},"line":43},"2":{"name":"(anonymous_2)","decl":{"start":{"line":44,"column":24},"end":{"line":44,"column":25}},"loc":{"start":{"line":45,"column":8},"end":{"line":46,"column":55}},"line":45},"3":{"name":"filterBooksByCategory","decl":{"start":{"line":52,"column":16},"end":{"line":52,"column":37}},"loc":{"start":{"line":52,"column":54},"end":{"line":58,"column":1}},"line":52},"4":{"name":"(anonymous_4)","decl":{"start":{"line":56,"column":24},"end":{"line":56,"column":25}},"loc":{"start":{"line":56,"column":32},"end":{"line":56,"column":58}},"line":56},"5":{"name":"getLibraryStatistics","decl":{"start":{"line":62,"column":16},"end":{"line":62,"column":36}},"loc":{"start":{"line":62,"column":53},"end":{"line":75,"column":1}},"line":62},"6":{"name":"(anonymous_6)","decl":{"start":{"line":67,"column":12},"end":{"line":67,"column":13}},"loc":{"start":{"line":67,"column":27},"end":{"line":67,"column":53}},"line":67},"7":{"name":"(anonymous_7)","decl":{"start":{"line":71,"column":12},"end":{"line":71,"column":13}},"loc":{"start":{"line":71,"column":27},"end":{"line":71,"column":55}},"line":71},"8":{"name":"processReturnQueue","decl":{"start":{"line":78,"column":16},"end":{"line":78,"column":34}},"loc":{"start":{"line":78,"column":42},"end":{"line":118,"column":1}},"line":78},"9":{"name":"(anonymous_9)","decl":{"start":{"line":98,"column":12},"end":{"line":98,"column":13}},"loc":{"start":{"line":98,"column":24},"end":{"line":98,"column":59}},"line":98},"10":{"name":"(anonymous_10)","decl":{"start":{"line":111,"column":16},"end":{"line":111,"column":17}},"loc":{"start":{"line":111,"column":32},"end":{"line":111,"column":58}},"line":111}},"branchMap":{"0":{"loc":{"start":{"line":8,"column":4},"end":{"line":8,"column":33}},"type":"if","locations":[{"start":{"line":8,"column":4},"end":{"line":8,"column":33}},{"start":{},"end":{}}],"line":8},"1":{"loc":{"start":{"line":45,"column":8},"end":{"line":46,"column":55}},"type":"binary-expr","locations":[{"start":{"line":45,"column":8},"end":{"line":45,"column":54}},{"start":{"line":46,"column":8},"end":{"line":46,"column":55}}],"line":45},"2":{"loc":{"start":{"line":53,"column":4},"end":{"line":55,"column":5}},"type":"if","locations":[{"start":{"line":53,"column":4},"end":{"line":55,"column":5}},{"start":{},"end":{}}],"line":53},"3":{"loc":{"start":{"line":89,"column":8},"end":{"line":91,"column":9}},"type":"if","locations":[{"start":{"line":89,"column":8},"end":{"line":91,"column":9}},{"start":{},"end":{}}],"line":89},"4":{"loc":{"start":{"line":93,"column":8},"end":{"line":95,"column":9}},"type":"if","locations":[{"start":{"line":93,"column":8},"end":{"line":95,"column":9}},{"start":{},"end":{}}],"line":93},"5":{"loc":{"start":{"line":101,"column":8},"end":{"line":103,"column":9}},"type":"if","locations":[{"start":{"line":101,"column":8},"end":{"line":103,"column":9}},{"start":{},"end":{}}],"line":101}},"s":{"0":10,"1":1,"2":9,"3":9,"4":4,"5":9,"6":4,"7":1,"8":3,"9":7,"10":1,"11":2,"12":2,"13":5,"14":5,"15":6,"16":6,"17":6,"18":6,"19":1,"20":5,"21":1,"22":4,"23":3,"24":4,"25":1,"26":3,"27":3,"28":3,"29":4,"30":3},"f":{"0":10,"1":4,"2":9,"3":4,"4":7,"5":1,"6":2,"7":2,"8":5,"9":3,"10":4},"b":{"0":[1,9],"1":[9,7],"2":[1,3],"3":[1,5],"4":[1,4],"5":[1,3]},"_coverageSchema":"1a1c01bbd47fc00a2c39e90264f33305004495a9","hash":"3e36b7c0601bca79ffd98f31fae98e179a70ed12"}
}
