{"/home/zoid/Desktop/Capstone /capstone 2/javascript-library-capstone-debug-theZoid9/jest.config.js": {"path":"/home/zoid/Desktop/Capstone /capstone 2/javascript-library-capstone-debug-theZoid9/jest.config.js","statementMap":{},"fnMap":{},"branchMap":{},"s":{},"f":{},"b":{}}
,"/home/zoid/Desktop/Capstone /capstone 2/javascript-library-capstone-debug-theZoid9/src/library.js": {"path":"/home/zoid/Desktop/Capstone /capstone 2/javascript-library-capstone-debug-theZoid9/src/library.js","statementMap":{"0":{"start":{"line":4,"column":19},"end":{"line":4,"column":21}},"1":{"start":{"line":6,"column":21},"end":{"line":6,"column":23}},"2":{"start":{"line":8,"column":25},"end":{"line":8,"column":28}},"3":{"start":{"line":9,"column":29},"end":{"line":9,"column":30}},"4":{"start":{"line":15,"column":4},"end":{"line":15,"column":21}},"5":{"start":{"line":16,"column":4},"end":{"line":16,"column":23}},"6":{"start":{"line":17,"column":4},"end":{"line":17,"column":25}},"7":{"start":{"line":18,"column":4},"end":{"line":18,"column":21}},"8":{"start":{"line":20,"column":4},"end":{"line":20,"column":34}},"9":{"start":{"line":21,"column":4},"end":{"line":21,"column":30}},"10":{"start":{"line":22,"column":4},"end":{"line":22,"column":29}},"11":{"start":{"line":23,"column":4},"end":{"line":23,"column":25}},"12":{"start":{"line":28,"column":4},"end":{"line":28,"column":36}},"13":{"start":{"line":33,"column":4},"end":{"line":33,"column":81}},"14":{"start":{"line":38,"column":4},"end":{"line":44,"column":5}},"15":{"start":{"line":43,"column":6},"end":{"line":43,"column":61}},"16":{"start":{"line":46,"column":4},"end":{"line":48,"column":5}},"17":{"start":{"line":47,"column":6},"end":{"line":47,"column":58}},"18":{"start":{"line":50,"column":4},"end":{"line":52,"column":5}},"19":{"start":{"line":51,"column":6},"end":{"line":51,"column":62}},"20":{"start":{"line":54,"column":4},"end":{"line":58,"column":7}},"21":{"start":{"line":59,"column":4},"end":{"line":59,"column":27}},"22":{"start":{"line":60,"column":4},"end":{"line":60,"column":16}},"23":{"start":{"line":69,"column":4},"end":{"line":69,"column":55}},"24":{"start":{"line":70,"column":4},"end":{"line":70,"column":29}},"25":{"start":{"line":71,"column":4},"end":{"line":71,"column":25}},"26":{"start":{"line":72,"column":4},"end":{"line":72,"column":23}},"27":{"start":{"line":73,"column":4},"end":{"line":73,"column":30}},"28":{"start":{"line":78,"column":4},"end":{"line":84,"column":5}},"29":{"start":{"line":83,"column":6},"end":{"line":83,"column":61}},"30":{"start":{"line":86,"column":4},"end":{"line":86,"column":21}},"31":{"start":{"line":87,"column":4},"end":{"line":90,"column":7}},"32":{"start":{"line":92,"column":4},"end":{"line":92,"column":16}},"33":{"start":{"line":100,"column":4},"end":{"line":100,"column":17}},"34":{"start":{"line":101,"column":4},"end":{"line":101,"column":21}},"35":{"start":{"line":102,"column":4},"end":{"line":102,"column":23}},"36":{"start":{"line":103,"column":4},"end":{"line":103,"column":41}},"37":{"start":{"line":104,"column":4},"end":{"line":104,"column":28}},"38":{"start":{"line":105,"column":4},"end":{"line":105,"column":31}},"39":{"start":{"line":112,"column":18},"end":{"line":112,"column":28}},"40":{"start":{"line":113,"column":17},"end":{"line":113,"column":38}},"41":{"start":{"line":115,"column":4},"end":{"line":115,"column":52}},"42":{"start":{"line":121,"column":48},"end":{"line":121,"column":52}},"43":{"start":{"line":123,"column":4},"end":{"line":128,"column":6}},"44":{"start":{"line":132,"column":4},"end":{"line":132,"column":60}},"45":{"start":{"line":139,"column":4},"end":{"line":139,"column":38}},"46":{"start":{"line":141,"column":4},"end":{"line":141,"column":23}},"47":{"start":{"line":142,"column":4},"end":{"line":142,"column":37}},"48":{"start":{"line":143,"column":4},"end":{"line":143,"column":32}},"49":{"start":{"line":148,"column":4},"end":{"line":148,"column":53}},"50":{"start":{"line":155,"column":18},"end":{"line":155,"column":20}},"51":{"start":{"line":156,"column":16},"end":{"line":156,"column":26}},"52":{"start":{"line":158,"column":2},"end":{"line":173,"column":3}},"53":{"start":{"line":159,"column":4},"end":{"line":172,"column":5}},"54":{"start":{"line":160,"column":6},"end":{"line":171,"column":7}},"55":{"start":{"line":161,"column":25},"end":{"line":163,"column":9}},"56":{"start":{"line":165,"column":8},"end":{"line":170,"column":11}},"57":{"start":{"line":174,"column":2},"end":{"line":174,"column":17}},"58":{"start":{"line":180,"column":14},"end":{"line":180,"column":15}},"59":{"start":{"line":182,"column":2},"end":{"line":202,"column":3}},"60":{"start":{"line":183,"column":17},"end":{"line":183,"column":29}},"61":{"start":{"line":185,"column":17},"end":{"line":185,"column":42}},"62":{"start":{"line":187,"column":19},"end":{"line":187,"column":48}},"63":{"start":{"line":189,"column":4},"end":{"line":199,"column":5}},"64":{"start":{"line":190,"column":6},"end":{"line":190,"column":29}},"65":{"start":{"line":192,"column":6},"end":{"line":194,"column":8}},"66":{"start":{"line":193,"column":22},"end":{"line":193,"column":57}},"67":{"start":{"line":196,"column":6},"end":{"line":198,"column":8}},"68":{"start":{"line":197,"column":18},"end":{"line":197,"column":36}},"69":{"start":{"line":201,"column":4},"end":{"line":201,"column":12}},"70":{"start":{"line":207,"column":2},"end":{"line":209,"column":3}},"71":{"start":{"line":208,"column":4},"end":{"line":208,"column":14}},"72":{"start":{"line":211,"column":2},"end":{"line":213,"column":3}},"73":{"start":{"line":212,"column":4},"end":{"line":212,"column":14}},"74":{"start":{"line":216,"column":4},"end":{"line":216,"column":66}},"75":{"start":{"line":218,"column":2},"end":{"line":218,"column":78}},"76":{"start":{"line":224,"column":2},"end":{"line":224,"column":60}},"77":{"start":{"line":224,"column":32},"end":{"line":224,"column":58}},"78":{"start":{"line":230,"column":2},"end":{"line":232,"column":8}},"79":{"start":{"line":231,"column":4},"end":{"line":231,"column":52}},"80":{"start":{"line":237,"column":2},"end":{"line":237,"column":51}},"81":{"start":{"line":243,"column":2},"end":{"line":243,"column":26}},"82":{"start":{"line":249,"column":42},"end":{"line":249,"column":49}},"83":{"start":{"line":251,"column":2},"end":{"line":251,"column":31}},"84":{"start":{"line":251,"column":12},"end":{"line":251,"column":31}},"85":{"start":{"line":252,"column":2},"end":{"line":252,"column":34}},"86":{"start":{"line":252,"column":13},"end":{"line":252,"column":34}},"87":{"start":{"line":253,"column":2},"end":{"line":255,"column":3}},"88":{"start":{"line":254,"column":4},"end":{"line":254,"column":43}},"89":{"start":{"line":257,"column":2},"end":{"line":257,"column":16}},"90":{"start":{"line":263,"column":2},"end":{"line":306,"column":3}},"91":{"start":{"line":264,"column":4},"end":{"line":266,"column":5}},"92":{"start":{"line":265,"column":6},"end":{"line":265,"column":57}},"93":{"start":{"line":267,"column":4},"end":{"line":269,"column":5}},"94":{"start":{"line":268,"column":6},"end":{"line":268,"column":60}},"95":{"start":{"line":271,"column":19},"end":{"line":271,"column":43}},"96":{"start":{"line":272,"column":17},"end":{"line":272,"column":37}},"97":{"start":{"line":275,"column":4},"end":{"line":277,"column":5}},"98":{"start":{"line":276,"column":6},"end":{"line":276,"column":42}},"99":{"start":{"line":279,"column":4},"end":{"line":281,"column":5}},"100":{"start":{"line":280,"column":6},"end":{"line":280,"column":40}},"101":{"start":{"line":283,"column":4},"end":{"line":285,"column":5}},"102":{"start":{"line":284,"column":6},"end":{"line":284,"column":73}},"103":{"start":{"line":287,"column":4},"end":{"line":289,"column":5}},"104":{"start":{"line":288,"column":6},"end":{"line":288,"column":65}},"105":{"start":{"line":291,"column":4},"end":{"line":293,"column":5}},"106":{"start":{"line":292,"column":6},"end":{"line":292,"column":64}},"107":{"start":{"line":295,"column":4},"end":{"line":295,"column":29}},"108":{"start":{"line":297,"column":4},"end":{"line":299,"column":5}},"109":{"start":{"line":298,"column":6},"end":{"line":298,"column":32}},"110":{"start":{"line":301,"column":4},"end":{"line":301,"column":41}},"111":{"start":{"line":303,"column":4},"end":{"line":303,"column":16}},"112":{"start":{"line":305,"column":4},"end":{"line":305,"column":16}},"113":{"start":{"line":312,"column":2},"end":{"line":312,"column":52}},"114":{"start":{"line":312,"column":34},"end":{"line":312,"column":50}},"115":{"start":{"line":318,"column":2},"end":{"line":318,"column":55}},"116":{"start":{"line":318,"column":43},"end":{"line":318,"column":55}},"117":{"start":{"line":319,"column":2},"end":{"line":319,"column":44}},"118":{"start":{"line":319,"column":32},"end":{"line":319,"column":44}},"119":{"start":{"line":321,"column":2},"end":{"line":321,"column":52}},"120":{"start":{"line":321,"column":31},"end":{"line":321,"column":50}},"121":{"start":{"line":326,"column":21},"end":{"line":361,"column":1}},"122":{"start":{"line":332,"column":4},"end":{"line":332,"column":35}},"123":{"start":{"line":334,"column":4},"end":{"line":334,"column":39}},"124":{"start":{"line":336,"column":4},"end":{"line":339,"column":6}},"125":{"start":{"line":337,"column":23},"end":{"line":337,"column":53}},"126":{"start":{"line":343,"column":4},"end":{"line":345,"column":5}},"127":{"start":{"line":344,"column":6},"end":{"line":344,"column":18}},"128":{"start":{"line":347,"column":4},"end":{"line":349,"column":6}},"129":{"start":{"line":348,"column":6},"end":{"line":348,"column":79}},"130":{"start":{"line":353,"column":4},"end":{"line":353,"column":23}},"131":{"start":{"line":355,"column":4},"end":{"line":359,"column":6}},"132":{"start":{"line":364,"column":2},"end":{"line":366,"column":3}},"133":{"start":{"line":365,"column":4},"end":{"line":365,"column":38}},"134":{"start":{"line":368,"column":2},"end":{"line":374,"column":14}},"135":{"start":{"line":379,"column":2},"end":{"line":381,"column":3}},"136":{"start":{"line":380,"column":4},"end":{"line":380,"column":13}},"137":{"start":{"line":383,"column":2},"end":{"line":385,"column":3}},"138":{"start":{"line":384,"column":4},"end":{"line":384,"column":13}},"139":{"start":{"line":387,"column":2},"end":{"line":387,"column":58}},"140":{"start":{"line":391,"column":16},"end":{"line":391,"column":63}},"141":{"start":{"line":391,"column":46},"end":{"line":391,"column":62}},"142":{"start":{"line":393,"column":2},"end":{"line":395,"column":3}},"143":{"start":{"line":394,"column":4},"end":{"line":394,"column":17}},"144":{"start":{"line":397,"column":2},"end":{"line":397,"column":27}},"145":{"start":{"line":399,"column":2},"end":{"line":399,"column":14}}},"fnMap":{"0":{"name":"(anonymous_0)","decl":{"start":{"line":14,"column":2},"end":{"line":14,"column":3}},"loc":{"start":{"line":14,"column":59},"end":{"line":24,"column":3}},"line":14},"1":{"name":"(anonymous_1)","decl":{"start":{"line":27,"column":2},"end":{"line":27,"column":3}},"loc":{"start":{"line":27,"column":16},"end":{"line":29,"column":3}},"line":27},"2":{"name":"(anonymous_2)","decl":{"start":{"line":32,"column":2},"end":{"line":32,"column":3}},"loc":{"start":{"line":32,"column":12},"end":{"line":34,"column":3}},"line":32},"3":{"name":"(anonymous_3)","decl":{"start":{"line":36,"column":2},"end":{"line":36,"column":3}},"loc":{"start":{"line":36,"column":21},"end":{"line":61,"column":3}},"line":36},"4":{"name":"(anonymous_4)","decl":{"start":{"line":67,"column":2},"end":{"line":67,"column":3}},"loc":{"start":{"line":67,"column":77},"end":{"line":74,"column":3}},"line":67},"5":{"name":"(anonymous_5)","decl":{"start":{"line":76,"column":2},"end":{"line":76,"column":3}},"loc":{"start":{"line":76,"column":21},"end":{"line":93,"column":3}},"line":76},"6":{"name":"(anonymous_6)","decl":{"start":{"line":99,"column":2},"end":{"line":99,"column":3}},"loc":{"start":{"line":99,"column":47},"end":{"line":107,"column":3}},"line":99},"7":{"name":"(anonymous_7)","decl":{"start":{"line":111,"column":2},"end":{"line":111,"column":3}},"loc":{"start":{"line":111,"column":26},"end":{"line":116,"column":3}},"line":111},"8":{"name":"(anonymous_8)","decl":{"start":{"line":120,"column":2},"end":{"line":120,"column":3}},"loc":{"start":{"line":120,"column":18},"end":{"line":129,"column":3}},"line":120},"9":{"name":"(anonymous_9)","decl":{"start":{"line":131,"column":2},"end":{"line":131,"column":3}},"loc":{"start":{"line":131,"column":14},"end":{"line":133,"column":3}},"line":131},"10":{"name":"(anonymous_10)","decl":{"start":{"line":138,"column":2},"end":{"line":138,"column":3}},"loc":{"start":{"line":138,"column":31},"end":{"line":144,"column":3}},"line":138},"11":{"name":"(anonymous_11)","decl":{"start":{"line":147,"column":2},"end":{"line":147,"column":3}},"loc":{"start":{"line":147,"column":14},"end":{"line":149,"column":3}},"line":147},"12":{"name":"findOverdueBooks","decl":{"start":{"line":154,"column":9},"end":{"line":154,"column":25}},"loc":{"start":{"line":154,"column":28},"end":{"line":175,"column":1}},"line":154},"13":{"name":"processReturnQueue","decl":{"start":{"line":179,"column":9},"end":{"line":179,"column":27}},"loc":{"start":{"line":179,"column":35},"end":{"line":203,"column":1}},"line":179},"14":{"name":"(anonymous_14)","decl":{"start":{"line":193,"column":8},"end":{"line":193,"column":9}},"loc":{"start":{"line":193,"column":22},"end":{"line":193,"column":57}},"line":193},"15":{"name":"(anonymous_15)","decl":{"start":{"line":197,"column":8},"end":{"line":197,"column":9}},"loc":{"start":{"line":197,"column":18},"end":{"line":197,"column":36}},"line":197},"16":{"name":"searchBooksByCategory","decl":{"start":{"line":206,"column":9},"end":{"line":206,"column":30}},"loc":{"start":{"line":206,"column":62},"end":{"line":219,"column":1}},"line":206},"17":{"name":"getBooksByAuthor","decl":{"start":{"line":223,"column":9},"end":{"line":223,"column":25}},"loc":{"start":{"line":223,"column":38},"end":{"line":225,"column":1}},"line":223},"18":{"name":"(anonymous_18)","decl":{"start":{"line":224,"column":22},"end":{"line":224,"column":23}},"loc":{"start":{"line":224,"column":32},"end":{"line":224,"column":58}},"line":224},"19":{"name":"calculateTotalLateFees","decl":{"start":{"line":229,"column":9},"end":{"line":229,"column":31}},"loc":{"start":{"line":229,"column":46},"end":{"line":233,"column":1}},"line":229},"20":{"name":"(anonymous_20)","decl":{"start":{"line":230,"column":42},"end":{"line":230,"column":43}},"loc":{"start":{"line":230,"column":59},"end":{"line":232,"column":3}},"line":230},"21":{"name":"combineBookCollections","decl":{"start":{"line":236,"column":9},"end":{"line":236,"column":31}},"loc":{"start":{"line":236,"column":64},"end":{"line":238,"column":1}},"line":236},"22":{"name":"addMultipleBooks","decl":{"start":{"line":241,"column":9},"end":{"line":241,"column":25}},"loc":{"start":{"line":241,"column":39},"end":{"line":244,"column":1}},"line":241},"23":{"name":"updateMemberInfo","decl":{"start":{"line":248,"column":9},"end":{"line":248,"column":25}},"loc":{"start":{"line":248,"column":43},"end":{"line":258,"column":1}},"line":248},"24":{"name":"borrowBook","decl":{"start":{"line":262,"column":9},"end":{"line":262,"column":19}},"loc":{"start":{"line":262,"column":36},"end":{"line":307,"column":1}},"line":262},"25":{"name":"findMemberById","decl":{"start":{"line":311,"column":9},"end":{"line":311,"column":23}},"loc":{"start":{"line":311,"column":28},"end":{"line":313,"column":1}},"line":311},"26":{"name":"(anonymous_26)","decl":{"start":{"line":312,"column":22},"end":{"line":312,"column":23}},"loc":{"start":{"line":312,"column":34},"end":{"line":312,"column":50}},"line":312},"27":{"name":"findBookByISBN","decl":{"start":{"line":317,"column":9},"end":{"line":317,"column":23}},"loc":{"start":{"line":317,"column":30},"end":{"line":322,"column":1}},"line":317},"28":{"name":"(anonymous_28)","decl":{"start":{"line":321,"column":20},"end":{"line":321,"column":21}},"loc":{"start":{"line":321,"column":31},"end":{"line":321,"column":50}},"line":321},"29":{"name":"(anonymous_29)","decl":{"start":{"line":331,"column":2},"end":{"line":331,"column":3}},"loc":{"start":{"line":331,"column":16},"end":{"line":340,"column":3}},"line":331},"30":{"name":"(anonymous_30)","decl":{"start":{"line":337,"column":6},"end":{"line":337,"column":7}},"loc":{"start":{"line":337,"column":23},"end":{"line":337,"column":53}},"line":337},"31":{"name":"(anonymous_31)","decl":{"start":{"line":342,"column":2},"end":{"line":342,"column":3}},"loc":{"start":{"line":342,"column":23},"end":{"line":350,"column":3}},"line":342},"32":{"name":"(anonymous_32)","decl":{"start":{"line":347,"column":24},"end":{"line":347,"column":25}},"loc":{"start":{"line":348,"column":6},"end":{"line":348,"column":79}},"line":348},"33":{"name":"(anonymous_33)","decl":{"start":{"line":352,"column":2},"end":{"line":352,"column":3}},"loc":{"start":{"line":352,"column":18},"end":{"line":360,"column":3}},"line":352},"34":{"name":"formatBookInfo","decl":{"start":{"line":363,"column":9},"end":{"line":363,"column":23}},"loc":{"start":{"line":363,"column":30},"end":{"line":375,"column":1}},"line":363},"35":{"name":"calculateFineAmount","decl":{"start":{"line":378,"column":9},"end":{"line":378,"column":28}},"loc":{"start":{"line":378,"column":39},"end":{"line":388,"column":1}},"line":378},"36":{"name":"deleteMember","decl":{"start":{"line":390,"column":9},"end":{"line":390,"column":21}},"loc":{"start":{"line":390,"column":26},"end":{"line":400,"column":1}},"line":390},"37":{"name":"(anonymous_37)","decl":{"start":{"line":391,"column":34},"end":{"line":391,"column":35}},"loc":{"start":{"line":391,"column":46},"end":{"line":391,"column":62}},"line":391}},"branchMap":{"0":{"loc":{"start":{"line":38,"column":4},"end":{"line":44,"column":5}},"type":"if","locations":[{"start":{"line":38,"column":4},"end":{"line":44,"column":5}},{"start":{},"end":{}}],"line":38},"1":{"loc":{"start":{"line":39,"column":6},"end":{"line":41,"column":68}},"type":"binary-expr","locations":[{"start":{"line":39,"column":6},"end":{"line":39,"column":28}},{"start":{"line":40,"column":6},"end":{"line":40,"column":23}},{"start":{"line":41,"column":7},"end":{"line":41,"column":35}},{"start":{"line":41,"column":39},"end":{"line":41,"column":67}}],"line":39},"2":{"loc":{"start":{"line":46,"column":4},"end":{"line":48,"column":5}},"type":"if","locations":[{"start":{"line":46,"column":4},"end":{"line":48,"column":5}},{"start":{},"end":{}}],"line":46},"3":{"loc":{"start":{"line":50,"column":4},"end":{"line":52,"column":5}},"type":"if","locations":[{"start":{"line":50,"column":4},"end":{"line":52,"column":5}},{"start":{},"end":{}}],"line":50},"4":{"loc":{"start":{"line":78,"column":4},"end":{"line":84,"column":5}},"type":"if","locations":[{"start":{"line":78,"column":4},"end":{"line":84,"column":5}},{"start":{},"end":{}}],"line":78},"5":{"loc":{"start":{"line":79,"column":6},"end":{"line":81,"column":68}},"type":"binary-expr","locations":[{"start":{"line":79,"column":6},"end":{"line":79,"column":28}},{"start":{"line":80,"column":6},"end":{"line":80,"column":23}},{"start":{"line":81,"column":7},"end":{"line":81,"column":35}},{"start":{"line":81,"column":39},"end":{"line":81,"column":67}}],"line":79},"6":{"loc":{"start":{"line":160,"column":6},"end":{"line":171,"column":7}},"type":"if","locations":[{"start":{"line":160,"column":6},"end":{"line":171,"column":7}},{"start":{},"end":{}}],"line":160},"7":{"loc":{"start":{"line":189,"column":4},"end":{"line":199,"column":5}},"type":"if","locations":[{"start":{"line":189,"column":4},"end":{"line":199,"column":5}},{"start":{},"end":{}}],"line":189},"8":{"loc":{"start":{"line":189,"column":8},"end":{"line":189,"column":22}},"type":"binary-expr","locations":[{"start":{"line":189,"column":8},"end":{"line":189,"column":12}},{"start":{"line":189,"column":16},"end":{"line":189,"column":22}}],"line":189},"9":{"loc":{"start":{"line":206,"column":51},"end":{"line":206,"column":60}},"type":"default-arg","locations":[{"start":{"line":206,"column":59},"end":{"line":206,"column":60}}],"line":206},"10":{"loc":{"start":{"line":207,"column":2},"end":{"line":209,"column":3}},"type":"if","locations":[{"start":{"line":207,"column":2},"end":{"line":209,"column":3}},{"start":{},"end":{}}],"line":207},"11":{"loc":{"start":{"line":211,"column":2},"end":{"line":213,"column":3}},"type":"if","locations":[{"start":{"line":211,"column":2},"end":{"line":213,"column":3}},{"start":{},"end":{}}],"line":211},"12":{"loc":{"start":{"line":216,"column":4},"end":{"line":216,"column":66}},"type":"cond-expr","locations":[{"start":{"line":216,"column":44},"end":{"line":216,"column":61}},{"start":{"line":216,"column":64},"end":{"line":216,"column":66}}],"line":216},"13":{"loc":{"start":{"line":251,"column":2},"end":{"line":251,"column":31}},"type":"if","locations":[{"start":{"line":251,"column":2},"end":{"line":251,"column":31}},{"start":{},"end":{}}],"line":251},"14":{"loc":{"start":{"line":252,"column":2},"end":{"line":252,"column":34}},"type":"if","locations":[{"start":{"line":252,"column":2},"end":{"line":252,"column":34}},{"start":{},"end":{}}],"line":252},"15":{"loc":{"start":{"line":253,"column":2},"end":{"line":255,"column":3}},"type":"if","locations":[{"start":{"line":253,"column":2},"end":{"line":255,"column":3}},{"start":{},"end":{}}],"line":253},"16":{"loc":{"start":{"line":264,"column":4},"end":{"line":266,"column":5}},"type":"if","locations":[{"start":{"line":264,"column":4},"end":{"line":266,"column":5}},{"start":{},"end":{}}],"line":264},"17":{"loc":{"start":{"line":264,"column":8},"end":{"line":264,"column":26}},"type":"binary-expr","locations":[{"start":{"line":264,"column":8},"end":{"line":264,"column":17}},{"start":{"line":264,"column":21},"end":{"line":264,"column":26}}],"line":264},"18":{"loc":{"start":{"line":267,"column":4},"end":{"line":269,"column":5}},"type":"if","locations":[{"start":{"line":267,"column":4},"end":{"line":269,"column":5}},{"start":{},"end":{}}],"line":267},"19":{"loc":{"start":{"line":267,"column":8},"end":{"line":267,"column":64}},"type":"binary-expr","locations":[{"start":{"line":267,"column":8},"end":{"line":267,"column":36}},{"start":{"line":267,"column":40},"end":{"line":267,"column":64}}],"line":267},"20":{"loc":{"start":{"line":275,"column":4},"end":{"line":277,"column":5}},"type":"if","locations":[{"start":{"line":275,"column":4},"end":{"line":277,"column":5}},{"start":{},"end":{}}],"line":275},"21":{"loc":{"start":{"line":279,"column":4},"end":{"line":281,"column":5}},"type":"if","locations":[{"start":{"line":279,"column":4},"end":{"line":281,"column":5}},{"start":{},"end":{}}],"line":279},"22":{"loc":{"start":{"line":283,"column":4},"end":{"line":285,"column":5}},"type":"if","locations":[{"start":{"line":283,"column":4},"end":{"line":285,"column":5}},{"start":{},"end":{}}],"line":283},"23":{"loc":{"start":{"line":287,"column":4},"end":{"line":289,"column":5}},"type":"if","locations":[{"start":{"line":287,"column":4},"end":{"line":289,"column":5}},{"start":{},"end":{}}],"line":287},"24":{"loc":{"start":{"line":291,"column":4},"end":{"line":293,"column":5}},"type":"if","locations":[{"start":{"line":291,"column":4},"end":{"line":293,"column":5}},{"start":{},"end":{}}],"line":291},"25":{"loc":{"start":{"line":297,"column":4},"end":{"line":299,"column":5}},"type":"if","locations":[{"start":{"line":297,"column":4},"end":{"line":299,"column":5}},{"start":{},"end":{}}],"line":297},"26":{"loc":{"start":{"line":318,"column":2},"end":{"line":318,"column":55}},"type":"if","locations":[{"start":{"line":318,"column":2},"end":{"line":318,"column":55}},{"start":{},"end":{}}],"line":318},"27":{"loc":{"start":{"line":318,"column":6},"end":{"line":318,"column":41}},"type":"binary-expr","locations":[{"start":{"line":318,"column":6},"end":{"line":318,"column":24}},{"start":{"line":318,"column":28},"end":{"line":318,"column":41}}],"line":318},"28":{"loc":{"start":{"line":319,"column":2},"end":{"line":319,"column":44}},"type":"if","locations":[{"start":{"line":319,"column":2},"end":{"line":319,"column":44}},{"start":{},"end":{}}],"line":319},"29":{"loc":{"start":{"line":343,"column":4},"end":{"line":345,"column":5}},"type":"if","locations":[{"start":{"line":343,"column":4},"end":{"line":345,"column":5}},{"start":{},"end":{}}],"line":343},"30":{"loc":{"start":{"line":348,"column":6},"end":{"line":348,"column":79}},"type":"cond-expr","locations":[{"start":{"line":348,"column":62},"end":{"line":348,"column":69}},{"start":{"line":348,"column":72},"end":{"line":348,"column":79}}],"line":348},"31":{"loc":{"start":{"line":364,"column":2},"end":{"line":366,"column":3}},"type":"if","locations":[{"start":{"line":364,"column":2},"end":{"line":366,"column":3}},{"start":{},"end":{}}],"line":364},"32":{"loc":{"start":{"line":379,"column":2},"end":{"line":381,"column":3}},"type":"if","locations":[{"start":{"line":379,"column":2},"end":{"line":381,"column":3}},{"start":{},"end":{}}],"line":379},"33":{"loc":{"start":{"line":379,"column":6},"end":{"line":379,"column":49}},"type":"binary-expr","locations":[{"start":{"line":379,"column":6},"end":{"line":379,"column":28}},{"start":{"line":379,"column":32},"end":{"line":379,"column":49}}],"line":379},"34":{"loc":{"start":{"line":383,"column":2},"end":{"line":385,"column":3}},"type":"if","locations":[{"start":{"line":383,"column":2},"end":{"line":385,"column":3}},{"start":{},"end":{}}],"line":383},"35":{"loc":{"start":{"line":383,"column":6},"end":{"line":383,"column":60}},"type":"binary-expr","locations":[{"start":{"line":383,"column":6},"end":{"line":383,"column":34}},{"start":{"line":383,"column":38},"end":{"line":383,"column":60}}],"line":383},"36":{"loc":{"start":{"line":393,"column":2},"end":{"line":395,"column":3}},"type":"if","locations":[{"start":{"line":393,"column":2},"end":{"line":395,"column":3}},{"start":{},"end":{}}],"line":393}},"s":{"0":2,"1":2,"2":2,"3":2,"4":133,"5":133,"6":133,"7":133,"8":133,"9":133,"10":133,"11":133,"12":3,"13":1,"14":8,"15":3,"16":5,"17":1,"18":4,"19":0,"20":4,"21":4,"22":4,"23":1,"24":1,"25":1,"26":1,"27":1,"28":2,"29":1,"30":1,"31":1,"32":1,"33":82,"34":82,"35":82,"36":82,"37":82,"38":82,"39":1,"40":1,"41":1,"42":1,"43":1,"44":3,"45":1,"46":1,"47":1,"48":1,"49":2,"50":2,"51":2,"52":2,"53":3,"54":1,"55":1,"56":1,"57":2,"58":0,"59":0,"60":0,"61":0,"62":0,"63":0,"64":0,"65":0,"66":0,"67":0,"68":0,"69":0,"70":5,"71":1,"72":4,"73":2,"74":2,"75":2,"76":1,"77":2,"78":1,"79":2,"80":1,"81":1,"82":1,"83":1,"84":1,"85":1,"86":1,"87":1,"88":1,"89":1,"90":3,"91":3,"92":0,"93":3,"94":0,"95":3,"96":3,"97":3,"98":1,"99":2,"100":1,"101":1,"102":0,"103":1,"104":0,"105":1,"106":0,"107":1,"108":1,"109":0,"110":1,"111":1,"112":2,"113":17,"114":17,"115":14,"116":1,"117":13,"118":1,"119":12,"120":13,"121":2,"122":1,"123":1,"124":1,"125":1,"126":2,"127":1,"128":1,"129":0,"130":1,"131":1,"132":3,"133":1,"134":2,"135":4,"136":1,"137":3,"138":1,"139":2,"140":1,"141":1,"142":1,"143":0,"144":1,"145":1},"f":{"0":133,"1":3,"2":1,"3":8,"4":1,"5":2,"6":82,"7":1,"8":1,"9":3,"10":1,"11":2,"12":2,"13":0,"14":0,"15":0,"16":5,"17":1,"18":2,"19":1,"20":2,"21":1,"22":1,"23":1,"24":3,"25":17,"26":17,"27":14,"28":13,"29":1,"30":1,"31":2,"32":0,"33":1,"34":3,"35":4,"36":1,"37":1},"b":{"0":[3,5],"1":[8,7,7,2],"2":[1,4],"3":[0,4],"4":[1,1],"5":[2,1,1,0],"6":[1,0],"7":[0,0],"8":[0,0],"9":[3],"10":[1,4],"11":[2,2],"12":[1,1],"13":[1,0],"14":[1,0],"15":[1,0],"16":[0,3],"17":[3,3],"18":[0,3],"19":[3,3],"20":[1,2],"21":[1,1],"22":[0,1],"23":[0,1],"24":[0,1],"25":[0,1],"26":[1,13],"27":[14,13],"28":[1,12],"29":[1,1],"30":[0,0],"31":[1,2],"32":[1,3],"33":[4,3],"34":[1,2],"35":[3,3],"36":[0,1]},"_coverageSchema":"1a1c01bbd47fc00a2c39e90264f33305004495a9","hash":"642844df7aba03498b26b283b1b17d7aba0bd255"}
,"/home/zoid/Desktop/Capstone /capstone 2/javascript-library-capstone-debug-theZoid9/src/storage.js": {"path":"/home/zoid/Desktop/Capstone /capstone 2/javascript-library-capstone-debug-theZoid9/src/storage.js","statementMap":{"0":{"start":{"line":11,"column":2},"end":{"line":18,"column":3}},"1":{"start":{"line":12,"column":4},"end":{"line":12,"column":64}},"2":{"start":{"line":14,"column":4},"end":{"line":14,"column":68}},"3":{"start":{"line":17,"column":4},"end":{"line":17,"column":58}},"4":{"start":{"line":23,"column":2},"end":{"line":98,"column":3}},"5":{"start":{"line":24,"column":22},"end":{"line":24,"column":76}},"6":{"start":{"line":27,"column":6},"end":{"line":27,"column":62}},"7":{"start":{"line":29,"column":4},"end":{"line":31,"column":5}},"8":{"start":{"line":30,"column":6},"end":{"line":30,"column":19}},"9":{"start":{"line":34,"column":4},"end":{"line":34,"column":21}},"10":{"start":{"line":35,"column":4},"end":{"line":35,"column":23}},"11":{"start":{"line":38,"column":4},"end":{"line":66,"column":7}},"12":{"start":{"line":41,"column":6},"end":{"line":60,"column":7}},"13":{"start":{"line":42,"column":8},"end":{"line":50,"column":10}},"14":{"start":{"line":52,"column":8},"end":{"line":59,"column":10}},"15":{"start":{"line":62,"column":6},"end":{"line":62,"column":50}},"16":{"start":{"line":63,"column":6},"end":{"line":63,"column":46}},"17":{"start":{"line":65,"column":6},"end":{"line":65,"column":23}},"18":{"start":{"line":69,"column":4},"end":{"line":88,"column":7}},"19":{"start":{"line":72,"column":6},"end":{"line":81,"column":7}},"20":{"start":{"line":73,"column":8},"end":{"line":73,"column":67}},"21":{"start":{"line":75,"column":8},"end":{"line":80,"column":10}},"22":{"start":{"line":83,"column":6},"end":{"line":83,"column":54}},"23":{"start":{"line":85,"column":6},"end":{"line":85,"column":48}},"24":{"start":{"line":87,"column":6},"end":{"line":87,"column":27}},"25":{"start":{"line":90,"column":4},"end":{"line":90,"column":16}},"26":{"start":{"line":94,"column":4},"end":{"line":94,"column":21}},"27":{"start":{"line":95,"column":4},"end":{"line":95,"column":23}},"28":{"start":{"line":97,"column":4},"end":{"line":97,"column":17}},"29":{"start":{"line":102,"column":2},"end":{"line":115,"column":3}},"30":{"start":{"line":103,"column":4},"end":{"line":110,"column":6}},"31":{"start":{"line":112,"column":4},"end":{"line":112,"column":58}},"32":{"start":{"line":114,"column":4},"end":{"line":114,"column":16}},"33":{"start":{"line":119,"column":2},"end":{"line":134,"column":3}},"34":{"start":{"line":120,"column":17},"end":{"line":120,"column":39}},"35":{"start":{"line":122,"column":4},"end":{"line":124,"column":5}},"36":{"start":{"line":123,"column":6},"end":{"line":123,"column":47}},"37":{"start":{"line":126,"column":4},"end":{"line":126,"column":69}},"38":{"start":{"line":128,"column":4},"end":{"line":128,"column":73}},"39":{"start":{"line":130,"column":4},"end":{"line":130,"column":27}},"40":{"start":{"line":133,"column":5},"end":{"line":133,"column":18}}},"fnMap":{"0":{"name":"saveToLocalStorage","decl":{"start":{"line":10,"column":16},"end":{"line":10,"column":34}},"loc":{"start":{"line":10,"column":37},"end":{"line":19,"column":1}},"line":10},"1":{"name":"loadFromLocalStorage","decl":{"start":{"line":22,"column":16},"end":{"line":22,"column":36}},"loc":{"start":{"line":22,"column":39},"end":{"line":99,"column":1}},"line":22},"2":{"name":"(anonymous_2)","decl":{"start":{"line":38,"column":22},"end":{"line":38,"column":23}},"loc":{"start":{"line":38,"column":32},"end":{"line":66,"column":5}},"line":38},"3":{"name":"(anonymous_3)","decl":{"start":{"line":69,"column":24},"end":{"line":69,"column":25}},"loc":{"start":{"line":69,"column":34},"end":{"line":88,"column":5}},"line":69},"4":{"name":"exportLibraryData","decl":{"start":{"line":101,"column":16},"end":{"line":101,"column":33}},"loc":{"start":{"line":101,"column":36},"end":{"line":116,"column":1}},"line":101},"5":{"name":"importLibraryData","decl":{"start":{"line":118,"column":16},"end":{"line":118,"column":33}},"loc":{"start":{"line":118,"column":46},"end":{"line":135,"column":1}},"line":118}},"branchMap":{"0":{"loc":{"start":{"line":24,"column":22},"end":{"line":24,"column":76}},"type":"binary-expr","locations":[{"start":{"line":24,"column":22},"end":{"line":24,"column":70}},{"start":{"line":24,"column":74},"end":{"line":24,"column":76}}],"line":24},"1":{"loc":{"start":{"line":27,"column":6},"end":{"line":27,"column":62}},"type":"binary-expr","locations":[{"start":{"line":27,"column":6},"end":{"line":27,"column":56}},{"start":{"line":27,"column":60},"end":{"line":27,"column":62}}],"line":27},"2":{"loc":{"start":{"line":29,"column":4},"end":{"line":31,"column":5}},"type":"if","locations":[{"start":{"line":29,"column":4},"end":{"line":31,"column":5}},{"start":{},"end":{}}],"line":29},"3":{"loc":{"start":{"line":29,"column":8},"end":{"line":29,"column":58}},"type":"binary-expr","locations":[{"start":{"line":29,"column":8},"end":{"line":29,"column":30}},{"start":{"line":29,"column":34},"end":{"line":29,"column":58}}],"line":29},"4":{"loc":{"start":{"line":41,"column":6},"end":{"line":60,"column":7}},"type":"if","locations":[{"start":{"line":41,"column":6},"end":{"line":60,"column":7}},{"start":{"line":51,"column":13},"end":{"line":60,"column":7}}],"line":41},"5":{"loc":{"start":{"line":63,"column":24},"end":{"line":63,"column":45}},"type":"binary-expr","locations":[{"start":{"line":63,"column":24},"end":{"line":63,"column":39}},{"start":{"line":63,"column":43},"end":{"line":63,"column":45}}],"line":63},"6":{"loc":{"start":{"line":72,"column":6},"end":{"line":81,"column":7}},"type":"if","locations":[{"start":{"line":72,"column":6},"end":{"line":81,"column":7}},{"start":{"line":74,"column":13},"end":{"line":81,"column":7}}],"line":72},"7":{"loc":{"start":{"line":83,"column":29},"end":{"line":83,"column":53}},"type":"binary-expr","locations":[{"start":{"line":83,"column":29},"end":{"line":83,"column":47}},{"start":{"line":83,"column":51},"end":{"line":83,"column":53}}],"line":83},"8":{"loc":{"start":{"line":122,"column":4},"end":{"line":124,"column":5}},"type":"if","locations":[{"start":{"line":122,"column":4},"end":{"line":124,"column":5}},{"start":{},"end":{}}],"line":122},"9":{"loc":{"start":{"line":122,"column":8},"end":{"line":122,"column":66}},"type":"binary-expr","locations":[{"start":{"line":122,"column":8},"end":{"line":122,"column":34}},{"start":{"line":122,"column":38},"end":{"line":122,"column":66}}],"line":122}},"s":{"0":52,"1":52,"2":52,"3":0,"4":54,"5":54,"6":54,"7":54,"8":52,"9":2,"10":2,"11":2,"12":2,"13":0,"14":2,"15":2,"16":2,"17":2,"18":2,"19":2,"20":0,"21":2,"22":2,"23":2,"24":2,"25":2,"26":0,"27":0,"28":0,"29":1,"30":1,"31":0,"32":0,"33":2,"34":2,"35":1,"36":0,"37":1,"38":1,"39":1,"40":1},"f":{"0":52,"1":54,"2":2,"3":2,"4":1,"5":2},"b":{"0":[54,52],"1":[54,52],"2":[52,2],"3":[54,52],"4":[0,2],"5":[2,0],"6":[0,2],"7":[2,0],"8":[0,1],"9":[1,1]},"_coverageSchema":"1a1c01bbd47fc00a2c39e90264f33305004495a9","hash":"85984096cc01b81b8603ec9e100eadd3bc4655fc"}
,"/home/zoid/Desktop/Capstone /capstone 2/javascript-library-capstone-debug-theZoid9/src/ui.js": {"path":"/home/zoid/Desktop/Capstone /capstone 2/javascript-library-capstone-debug-theZoid9/src/ui.js","statementMap":{"0":{"start":{"line":66,"column":2},"end":{"line":66,"column":54}},"1":{"start":{"line":69,"column":2},"end":{"line":69,"column":50}},"2":{"start":{"line":70,"column":2},"end":{"line":70,"column":62}},"3":{"start":{"line":73,"column":2},"end":{"line":73,"column":58}},"4":{"start":{"line":74,"column":2},"end":{"line":74,"column":54}},"5":{"start":{"line":75,"column":2},"end":{"line":75,"column":60}},"6":{"start":{"line":78,"column":2},"end":{"line":78,"column":66}},"7":{"start":{"line":79,"column":2},"end":{"line":79,"column":60}},"8":{"start":{"line":80,"column":2},"end":{"line":80,"column":60}},"9":{"start":{"line":81,"column":2},"end":{"line":81,"column":68}},"10":{"start":{"line":84,"column":2},"end":{"line":84,"column":65}},"11":{"start":{"line":87,"column":2},"end":{"line":87,"column":54}},"12":{"start":{"line":90,"column":2},"end":{"line":90,"column":60}},"13":{"start":{"line":92,"column":17},"end":{"line":92,"column":39}},"14":{"start":{"line":94,"column":2},"end":{"line":97,"column":3}},"15":{"start":{"line":95,"column":4},"end":{"line":95,"column":24}},"16":{"start":{"line":96,"column":4},"end":{"line":96,"column":25}},"17":{"start":{"line":99,"column":2},"end":{"line":99,"column":18}},"18":{"start":{"line":100,"column":2},"end":{"line":100,"column":21}},"19":{"start":{"line":101,"column":2},"end":{"line":101,"column":21}},"20":{"start":{"line":102,"column":2},"end":{"line":102,"column":28}},"21":{"start":{"line":103,"column":2},"end":{"line":103,"column":24}},"22":{"start":{"line":107,"column":2},"end":{"line":107,"column":29}},"23":{"start":{"line":116,"column":2},"end":{"line":116,"column":61}},"24":{"start":{"line":118,"column":2},"end":{"line":118,"column":55}},"25":{"start":{"line":121,"column":2},"end":{"line":121,"column":65}},"26":{"start":{"line":124,"column":2},"end":{"line":127,"column":5}},"27":{"start":{"line":125,"column":4},"end":{"line":125,"column":30}},"28":{"start":{"line":126,"column":4},"end":{"line":126,"column":25}},"29":{"start":{"line":130,"column":2},"end":{"line":130,"column":65}},"30":{"start":{"line":133,"column":2},"end":{"line":133,"column":59}},"31":{"start":{"line":136,"column":2},"end":{"line":136,"column":57}},"32":{"start":{"line":138,"column":2},"end":{"line":138,"column":53}},"33":{"start":{"line":140,"column":2},"end":{"line":140,"column":59}},"34":{"start":{"line":144,"column":2},"end":{"line":144,"column":69}},"35":{"start":{"line":146,"column":2},"end":{"line":146,"column":64}},"36":{"start":{"line":148,"column":2},"end":{"line":148,"column":68}},"37":{"start":{"line":155,"column":2},"end":{"line":155,"column":20}},"38":{"start":{"line":157,"column":2},"end":{"line":157,"column":43}},"39":{"start":{"line":158,"column":2},"end":{"line":158,"column":40}},"40":{"start":{"line":159,"column":2},"end":{"line":159,"column":40}},"41":{"start":{"line":163,"column":2},"end":{"line":163,"column":20}},"42":{"start":{"line":165,"column":2},"end":{"line":165,"column":40}},"43":{"start":{"line":166,"column":2},"end":{"line":166,"column":22}},"44":{"start":{"line":167,"column":2},"end":{"line":167,"column":21}},"45":{"start":{"line":171,"column":2},"end":{"line":171,"column":20}},"46":{"start":{"line":173,"column":2},"end":{"line":173,"column":44}},"47":{"start":{"line":174,"column":2},"end":{"line":174,"column":28}},"48":{"start":{"line":175,"column":2},"end":{"line":175,"column":23}},"49":{"start":{"line":179,"column":2},"end":{"line":179,"column":64}},"50":{"start":{"line":179,"column":24},"end":{"line":179,"column":64}},"51":{"start":{"line":181,"column":2},"end":{"line":181,"column":58}},"52":{"start":{"line":181,"column":21},"end":{"line":181,"column":58}},"53":{"start":{"line":183,"column":2},"end":{"line":183,"column":58}},"54":{"start":{"line":183,"column":21},"end":{"line":183,"column":58}},"55":{"start":{"line":185,"column":2},"end":{"line":185,"column":66}},"56":{"start":{"line":185,"column":25},"end":{"line":185,"column":66}},"57":{"start":{"line":187,"column":2},"end":{"line":187,"column":58}},"58":{"start":{"line":187,"column":21},"end":{"line":187,"column":58}},"59":{"start":{"line":196,"column":29},"end":{"line":196,"column":70}},"60":{"start":{"line":197,"column":4},"end":{"line":197,"column":38}},"61":{"start":{"line":199,"column":2},"end":{"line":206,"column":3}},"62":{"start":{"line":200,"column":4},"end":{"line":204,"column":10}},"63":{"start":{"line":205,"column":4},"end":{"line":205,"column":11}},"64":{"start":{"line":209,"column":19},"end":{"line":209,"column":52}},"65":{"start":{"line":212,"column":2},"end":{"line":236,"column":3}},"66":{"start":{"line":213,"column":21},"end":{"line":213,"column":50}},"67":{"start":{"line":215,"column":4},"end":{"line":215,"column":37}},"68":{"start":{"line":218,"column":4},"end":{"line":218,"column":38}},"69":{"start":{"line":221,"column":4},"end":{"line":233,"column":10}},"70":{"start":{"line":235,"column":4},"end":{"line":235,"column":35}},"71":{"start":{"line":238,"column":2},"end":{"line":238,"column":43}},"72":{"start":{"line":243,"column":19},"end":{"line":243,"column":53}},"73":{"start":{"line":245,"column":2},"end":{"line":247,"column":3}},"74":{"start":{"line":246,"column":4},"end":{"line":246,"column":11}},"75":{"start":{"line":250,"column":15},"end":{"line":250,"column":36}},"76":{"start":{"line":252,"column":2},"end":{"line":252,"column":27}},"77":{"start":{"line":256,"column":27},"end":{"line":256,"column":66}},"78":{"start":{"line":258,"column":2},"end":{"line":261,"column":3}},"79":{"start":{"line":259,"column":4},"end":{"line":259,"column":55}},"80":{"start":{"line":260,"column":4},"end":{"line":260,"column":11}},"81":{"start":{"line":263,"column":15},"end":{"line":263,"column":35}},"82":{"start":{"line":265,"column":2},"end":{"line":270,"column":3}},"83":{"start":{"line":266,"column":4},"end":{"line":268,"column":10}},"84":{"start":{"line":269,"column":4},"end":{"line":269,"column":11}},"85":{"start":{"line":273,"column":2},"end":{"line":273,"column":46}},"86":{"start":{"line":276,"column":2},"end":{"line":276,"column":52}},"87":{"start":{"line":280,"column":22},"end":{"line":280,"column":61}},"88":{"start":{"line":281,"column":24},"end":{"line":281,"column":55}},"89":{"start":{"line":282,"column":2},"end":{"line":282,"column":37}},"90":{"start":{"line":286,"column":18},"end":{"line":286,"column":57}},"91":{"start":{"line":288,"column":2},"end":{"line":290,"column":3}},"92":{"start":{"line":289,"column":4},"end":{"line":289,"column":36}},"93":{"start":{"line":292,"column":24},"end":{"line":292,"column":74}},"94":{"start":{"line":293,"column":2},"end":{"line":293,"column":37}},"95":{"start":{"line":301,"column":2},"end":{"line":301,"column":25}},"96":{"start":{"line":303,"column":24},"end":{"line":303,"column":60}},"97":{"start":{"line":304,"column":20},"end":{"line":304,"column":51}},"98":{"start":{"line":306,"column":19},"end":{"line":306,"column":45}},"99":{"start":{"line":307,"column":15},"end":{"line":307,"column":37}},"100":{"start":{"line":309,"column":2},"end":{"line":316,"column":3}},"101":{"start":{"line":310,"column":4},"end":{"line":314,"column":6}},"102":{"start":{"line":315,"column":4},"end":{"line":315,"column":11}},"103":{"start":{"line":318,"column":2},"end":{"line":330,"column":3}},"104":{"start":{"line":319,"column":20},"end":{"line":319,"column":46}},"105":{"start":{"line":321,"column":4},"end":{"line":327,"column":5}},"106":{"start":{"line":322,"column":6},"end":{"line":322,"column":27}},"107":{"start":{"line":323,"column":6},"end":{"line":323,"column":22}},"108":{"start":{"line":324,"column":6},"end":{"line":324,"column":32}},"109":{"start":{"line":325,"column":6},"end":{"line":325,"column":75}},"110":{"start":{"line":326,"column":6},"end":{"line":326,"column":27}},"111":{"start":{"line":329,"column":4},"end":{"line":329,"column":66}},"112":{"start":{"line":337,"column":20},"end":{"line":337,"column":61}},"113":{"start":{"line":339,"column":2},"end":{"line":341,"column":3}},"114":{"start":{"line":340,"column":4},"end":{"line":340,"column":11}},"115":{"start":{"line":343,"column":2},"end":{"line":367,"column":6}},"116":{"start":{"line":368,"column":2},"end":{"line":368,"column":54}},"117":{"start":{"line":372,"column":2},"end":{"line":372,"column":25}},"118":{"start":{"line":374,"column":19},"end":{"line":374,"column":75}},"119":{"start":{"line":376,"column":15},"end":{"line":376,"column":66}},"120":{"start":{"line":378,"column":2},"end":{"line":381,"column":3}},"121":{"start":{"line":379,"column":4},"end":{"line":379,"column":41}},"122":{"start":{"line":380,"column":4},"end":{"line":380,"column":11}},"123":{"start":{"line":383,"column":2},"end":{"line":403,"column":3}},"124":{"start":{"line":384,"column":4},"end":{"line":389,"column":7}},"125":{"start":{"line":391,"column":4},"end":{"line":391,"column":25}},"126":{"start":{"line":393,"column":4},"end":{"line":393,"column":31}},"127":{"start":{"line":394,"column":4},"end":{"line":394,"column":23}},"128":{"start":{"line":395,"column":4},"end":{"line":395,"column":30}},"129":{"start":{"line":396,"column":4},"end":{"line":396,"column":25}},"130":{"start":{"line":398,"column":4},"end":{"line":398,"column":25}},"131":{"start":{"line":400,"column":4},"end":{"line":400,"column":59}},"132":{"start":{"line":402,"column":4},"end":{"line":402,"column":66}},"133":{"start":{"line":410,"column":24},"end":{"line":410,"column":62}},"134":{"start":{"line":412,"column":2},"end":{"line":450,"column":6}},"135":{"start":{"line":452,"column":2},"end":{"line":454,"column":52}},"136":{"start":{"line":458,"column":20},"end":{"line":458,"column":58}},"137":{"start":{"line":460,"column":2},"end":{"line":460,"column":27}},"138":{"start":{"line":461,"column":2},"end":{"line":468,"column":3}},"139":{"start":{"line":462,"column":4},"end":{"line":466,"column":10}},"140":{"start":{"line":467,"column":4},"end":{"line":467,"column":11}},"141":{"start":{"line":470,"column":2},"end":{"line":497,"column":5}},"142":{"start":{"line":471,"column":17},"end":{"line":471,"column":46}},"143":{"start":{"line":473,"column":4},"end":{"line":473,"column":35}},"144":{"start":{"line":475,"column":4},"end":{"line":494,"column":10}},"145":{"start":{"line":496,"column":4},"end":{"line":496,"column":32}},"146":{"start":{"line":501,"column":2},"end":{"line":501,"column":25}},"147":{"start":{"line":503,"column":15},"end":{"line":503,"column":27}},"148":{"start":{"line":505,"column":13},"end":{"line":505,"column":58}},"149":{"start":{"line":506,"column":15},"end":{"line":506,"column":55}},"150":{"start":{"line":507,"column":16},"end":{"line":507,"column":57}},"151":{"start":{"line":509,"column":2},"end":{"line":516,"column":3}},"152":{"start":{"line":510,"column":4},"end":{"line":514,"column":6}},"153":{"start":{"line":515,"column":4},"end":{"line":515,"column":11}},"154":{"start":{"line":518,"column":17},"end":{"line":518,"column":59}},"155":{"start":{"line":518,"column":42},"end":{"line":518,"column":58}},"156":{"start":{"line":520,"column":2},"end":{"line":523,"column":3}},"157":{"start":{"line":521,"column":4},"end":{"line":521,"column":80}},"158":{"start":{"line":522,"column":4},"end":{"line":522,"column":11}},"159":{"start":{"line":525,"column":20},"end":{"line":525,"column":59}},"160":{"start":{"line":527,"column":2},"end":{"line":527,"column":26}},"161":{"start":{"line":528,"column":2},"end":{"line":528,"column":23}},"162":{"start":{"line":529,"column":2},"end":{"line":529,"column":21}},"163":{"start":{"line":530,"column":2},"end":{"line":530,"column":28}},"164":{"start":{"line":531,"column":2},"end":{"line":535,"column":4}},"165":{"start":{"line":536,"column":2},"end":{"line":536,"column":23}},"166":{"start":{"line":540,"column":17},"end":{"line":540,"column":53}},"167":{"start":{"line":542,"column":2},"end":{"line":544,"column":3}},"168":{"start":{"line":543,"column":4},"end":{"line":543,"column":11}},"169":{"start":{"line":546,"column":13},"end":{"line":546,"column":30}},"170":{"start":{"line":548,"column":2},"end":{"line":548,"column":25}},"171":{"start":{"line":552,"column":17},"end":{"line":552,"column":35}},"172":{"start":{"line":554,"column":2},"end":{"line":557,"column":3}},"173":{"start":{"line":555,"column":4},"end":{"line":555,"column":31}},"174":{"start":{"line":556,"column":4},"end":{"line":556,"column":11}},"175":{"start":{"line":559,"column":24},"end":{"line":559,"column":62}},"176":{"start":{"line":561,"column":2},"end":{"line":619,"column":10}},"177":{"start":{"line":621,"column":2},"end":{"line":621,"column":63}},"178":{"start":{"line":622,"column":2},"end":{"line":622,"column":60}},"179":{"start":{"line":623,"column":2},"end":{"line":623,"column":64}},"180":{"start":{"line":625,"column":2},"end":{"line":625,"column":23}},"181":{"start":{"line":627,"column":2},"end":{"line":627,"column":34}},"182":{"start":{"line":629,"column":15},"end":{"line":629,"column":53}},"183":{"start":{"line":631,"column":2},"end":{"line":634,"column":5}},"184":{"start":{"line":636,"column":2},"end":{"line":636,"column":42}},"185":{"start":{"line":640,"column":2},"end":{"line":640,"column":25}},"186":{"start":{"line":641,"column":17},"end":{"line":641,"column":48}},"187":{"start":{"line":643,"column":2},"end":{"line":646,"column":3}},"188":{"start":{"line":644,"column":4},"end":{"line":644,"column":72}},"189":{"start":{"line":645,"column":4},"end":{"line":645,"column":11}},"190":{"start":{"line":648,"column":18},"end":{"line":652,"column":3}},"191":{"start":{"line":654,"column":2},"end":{"line":654,"column":36}},"192":{"start":{"line":656,"column":2},"end":{"line":656,"column":23}},"193":{"start":{"line":658,"column":2},"end":{"line":658,"column":21}},"194":{"start":{"line":659,"column":2},"end":{"line":659,"column":22}},"195":{"start":{"line":660,"column":2},"end":{"line":660,"column":70}},"196":{"start":{"line":664,"column":2},"end":{"line":664,"column":22}},"197":{"start":{"line":668,"column":2},"end":{"line":668,"column":25}},"198":{"start":{"line":669,"column":2},"end":{"line":669,"column":26}},"199":{"start":{"line":671,"column":17},"end":{"line":671,"column":48}},"200":{"start":{"line":673,"column":2},"end":{"line":676,"column":3}},"201":{"start":{"line":674,"column":4},"end":{"line":674,"column":72}},"202":{"start":{"line":675,"column":4},"end":{"line":675,"column":11}},"203":{"start":{"line":679,"column":16},"end":{"line":682,"column":5}},"204":{"start":{"line":679,"column":52},"end":{"line":682,"column":3}},"205":{"start":{"line":685,"column":2},"end":{"line":685,"column":28}},"206":{"start":{"line":688,"column":2},"end":{"line":688,"column":26}},"207":{"start":{"line":690,"column":2},"end":{"line":690,"column":23}},"208":{"start":{"line":691,"column":2},"end":{"line":691,"column":18}},"209":{"start":{"line":692,"column":2},"end":{"line":692,"column":21}},"210":{"start":{"line":693,"column":2},"end":{"line":693,"column":22}},"211":{"start":{"line":694,"column":2},"end":{"line":694,"column":68}},"212":{"start":{"line":701,"column":16},"end":{"line":701,"column":52}},"213":{"start":{"line":703,"column":21},"end":{"line":703,"column":59}},"214":{"start":{"line":704,"column":23},"end":{"line":704,"column":63}},"215":{"start":{"line":705,"column":25},"end":{"line":705,"column":67}},"216":{"start":{"line":706,"column":24},"end":{"line":706,"column":65}},"217":{"start":{"line":708,"column":2},"end":{"line":710,"column":3}},"218":{"start":{"line":709,"column":4},"end":{"line":709,"column":46}},"219":{"start":{"line":712,"column":2},"end":{"line":714,"column":3}},"220":{"start":{"line":713,"column":4},"end":{"line":713,"column":50}},"221":{"start":{"line":716,"column":2},"end":{"line":718,"column":3}},"222":{"start":{"line":717,"column":4},"end":{"line":717,"column":54}},"223":{"start":{"line":720,"column":2},"end":{"line":722,"column":3}},"224":{"start":{"line":721,"column":4},"end":{"line":721,"column":52}},"225":{"start":{"line":726,"column":18},"end":{"line":726,"column":36}},"226":{"start":{"line":728,"column":16},"end":{"line":728,"column":56}},"227":{"start":{"line":730,"column":15},"end":{"line":730,"column":54}},"228":{"start":{"line":732,"column":2},"end":{"line":734,"column":3}},"229":{"start":{"line":733,"column":4},"end":{"line":733,"column":11}},"230":{"start":{"line":736,"column":2},"end":{"line":736,"column":37}},"231":{"start":{"line":738,"column":2},"end":{"line":738,"column":22}},"232":{"start":{"line":740,"column":2},"end":{"line":748,"column":3}},"233":{"start":{"line":741,"column":4},"end":{"line":745,"column":10}},"234":{"start":{"line":747,"column":4},"end":{"line":747,"column":11}},"235":{"start":{"line":750,"column":2},"end":{"line":768,"column":5}},"236":{"start":{"line":751,"column":4},"end":{"line":767,"column":14}},"237":{"start":{"line":776,"column":20},"end":{"line":776,"column":47}},"238":{"start":{"line":778,"column":2},"end":{"line":782,"column":6}},"239":{"start":{"line":783,"column":2},"end":{"line":785,"column":11}},"240":{"start":{"line":784,"column":4},"end":{"line":784,"column":29}},"241":{"start":{"line":789,"column":0},"end":{"line":793,"column":1}},"242":{"start":{"line":790,"column":2},"end":{"line":792,"column":5}},"243":{"start":{"line":791,"column":4},"end":{"line":791,"column":19}}},"fnMap":{"0":{"name":"initializeUI","decl":{"start":{"line":64,"column":9},"end":{"line":64,"column":21}},"loc":{"start":{"line":64,"column":24},"end":{"line":104,"column":1}},"line":64},"1":{"name":"loadCatalogue","decl":{"start":{"line":106,"column":9},"end":{"line":106,"column":22}},"loc":{"start":{"line":106,"column":25},"end":{"line":108,"column":1}},"line":106},"2":{"name":"setupEventListeners","decl":{"start":{"line":114,"column":9},"end":{"line":114,"column":28}},"loc":{"start":{"line":114,"column":31},"end":{"line":141,"column":1}},"line":114},"3":{"name":"(anonymous_3)","decl":{"start":{"line":124,"column":41},"end":{"line":124,"column":42}},"loc":{"start":{"line":124,"column":52},"end":{"line":127,"column":3}},"line":124},"4":{"name":"setupEditMemberEventListeners","decl":{"start":{"line":143,"column":9},"end":{"line":143,"column":38}},"loc":{"start":{"line":143,"column":41},"end":{"line":149,"column":1}},"line":143},"5":{"name":"showCatalogue","decl":{"start":{"line":154,"column":9},"end":{"line":154,"column":22}},"loc":{"start":{"line":154,"column":25},"end":{"line":160,"column":1}},"line":154},"6":{"name":"showMembers","decl":{"start":{"line":162,"column":9},"end":{"line":162,"column":20}},"loc":{"start":{"line":162,"column":23},"end":{"line":168,"column":1}},"line":162},"7":{"name":"showStatistics","decl":{"start":{"line":170,"column":9},"end":{"line":170,"column":23}},"loc":{"start":{"line":170,"column":26},"end":{"line":176,"column":1}},"line":170},"8":{"name":"hideAllSections","decl":{"start":{"line":178,"column":9},"end":{"line":178,"column":24}},"loc":{"start":{"line":178,"column":27},"end":{"line":188,"column":1}},"line":178},"9":{"name":"renderBookCatalogue","decl":{"start":{"line":194,"column":9},"end":{"line":194,"column":28}},"loc":{"start":{"line":194,"column":39},"end":{"line":239,"column":1}},"line":194},"10":{"name":"handleBookClick","decl":{"start":{"line":241,"column":9},"end":{"line":241,"column":24}},"loc":{"start":{"line":241,"column":32},"end":{"line":253,"column":1}},"line":241},"11":{"name":"displayBookDetails","decl":{"start":{"line":255,"column":9},"end":{"line":255,"column":27}},"loc":{"start":{"line":255,"column":34},"end":{"line":277,"column":1}},"line":255},"12":{"name":"handleSearch","decl":{"start":{"line":279,"column":9},"end":{"line":279,"column":21}},"loc":{"start":{"line":279,"column":29},"end":{"line":283,"column":1}},"line":279},"13":{"name":"handleFilterChange","decl":{"start":{"line":285,"column":9},"end":{"line":285,"column":27}},"loc":{"start":{"line":285,"column":30},"end":{"line":294,"column":1}},"line":285},"14":{"name":"handleBorrowSubmit","decl":{"start":{"line":300,"column":9},"end":{"line":300,"column":27}},"loc":{"start":{"line":300,"column":35},"end":{"line":331,"column":1}},"line":300},"15":{"name":"createReturnForm","decl":{"start":{"line":336,"column":9},"end":{"line":336,"column":25}},"loc":{"start":{"line":336,"column":28},"end":{"line":369,"column":1}},"line":336},"16":{"name":"handleReturnSubmit","decl":{"start":{"line":371,"column":9},"end":{"line":371,"column":27}},"loc":{"start":{"line":371,"column":35},"end":{"line":404,"column":1}},"line":371},"17":{"name":"createMemberForm1","decl":{"start":{"line":409,"column":9},"end":{"line":409,"column":26}},"loc":{"start":{"line":409,"column":29},"end":{"line":455,"column":1}},"line":409},"18":{"name":"renderMemberList","decl":{"start":{"line":457,"column":9},"end":{"line":457,"column":25}},"loc":{"start":{"line":457,"column":28},"end":{"line":498,"column":1}},"line":457},"19":{"name":"(anonymous_19)","decl":{"start":{"line":470,"column":18},"end":{"line":470,"column":19}},"loc":{"start":{"line":470,"column":30},"end":{"line":497,"column":3}},"line":470},"20":{"name":"handleMemberSubmit","decl":{"start":{"line":500,"column":9},"end":{"line":500,"column":27}},"loc":{"start":{"line":500,"column":35},"end":{"line":537,"column":1}},"line":500},"21":{"name":"(anonymous_21)","decl":{"start":{"line":518,"column":30},"end":{"line":518,"column":31}},"loc":{"start":{"line":518,"column":42},"end":{"line":518,"column":58}},"line":518},"22":{"name":"handleMemberClick","decl":{"start":{"line":539,"column":9},"end":{"line":539,"column":26}},"loc":{"start":{"line":539,"column":34},"end":{"line":549,"column":1}},"line":539},"23":{"name":"showEditMemberForm","decl":{"start":{"line":551,"column":9},"end":{"line":551,"column":27}},"loc":{"start":{"line":551,"column":32},"end":{"line":637,"column":1}},"line":551},"24":{"name":"handleEditMemberSubmit","decl":{"start":{"line":639,"column":9},"end":{"line":639,"column":31}},"loc":{"start":{"line":639,"column":43},"end":{"line":661,"column":1}},"line":639},"25":{"name":"handleCancelEdit","decl":{"start":{"line":663,"column":9},"end":{"line":663,"column":25}},"loc":{"start":{"line":663,"column":28},"end":{"line":665,"column":1}},"line":663},"26":{"name":"handleDeleteMember","decl":{"start":{"line":667,"column":9},"end":{"line":667,"column":27}},"loc":{"start":{"line":667,"column":35},"end":{"line":695,"column":1}},"line":667},"27":{"name":"(anonymous_27)","decl":{"start":{"line":679,"column":41},"end":{"line":679,"column":42}},"loc":{"start":{"line":679,"column":52},"end":{"line":682,"column":3}},"line":679},"28":{"name":"updateStatisticsDisplay","decl":{"start":{"line":700,"column":9},"end":{"line":700,"column":32}},"loc":{"start":{"line":700,"column":35},"end":{"line":723,"column":1}},"line":700},"29":{"name":"renderOverdueBooks","decl":{"start":{"line":725,"column":9},"end":{"line":725,"column":27}},"loc":{"start":{"line":725,"column":30},"end":{"line":769,"column":1}},"line":725},"30":{"name":"(anonymous_30)","decl":{"start":{"line":750,"column":18},"end":{"line":750,"column":19}},"loc":{"start":{"line":750,"column":28},"end":{"line":768,"column":3}},"line":750},"31":{"name":"renderMemberMessage","decl":{"start":{"line":775,"column":9},"end":{"line":775,"column":28}},"loc":{"start":{"line":775,"column":60},"end":{"line":786,"column":1}},"line":775},"32":{"name":"(anonymous_32)","decl":{"start":{"line":783,"column":13},"end":{"line":783,"column":14}},"loc":{"start":{"line":783,"column":19},"end":{"line":785,"column":3}},"line":783},"33":{"name":"(anonymous_33)","decl":{"start":{"line":790,"column":48},"end":{"line":790,"column":49}},"loc":{"start":{"line":790,"column":54},"end":{"line":792,"column":3}},"line":790}},"branchMap":{"0":{"loc":{"start":{"line":94,"column":2},"end":{"line":97,"column":3}},"type":"if","locations":[{"start":{"line":94,"column":2},"end":{"line":97,"column":3}},{"start":{},"end":{}}],"line":94},"1":{"loc":{"start":{"line":179,"column":2},"end":{"line":179,"column":64}},"type":"if","locations":[{"start":{"line":179,"column":2},"end":{"line":179,"column":64}},{"start":{},"end":{}}],"line":179},"2":{"loc":{"start":{"line":181,"column":2},"end":{"line":181,"column":58}},"type":"if","locations":[{"start":{"line":181,"column":2},"end":{"line":181,"column":58}},{"start":{},"end":{}}],"line":181},"3":{"loc":{"start":{"line":183,"column":2},"end":{"line":183,"column":58}},"type":"if","locations":[{"start":{"line":183,"column":2},"end":{"line":183,"column":58}},{"start":{},"end":{}}],"line":183},"4":{"loc":{"start":{"line":185,"column":2},"end":{"line":185,"column":66}},"type":"if","locations":[{"start":{"line":185,"column":2},"end":{"line":185,"column":66}},{"start":{},"end":{}}],"line":185},"5":{"loc":{"start":{"line":187,"column":2},"end":{"line":187,"column":58}},"type":"if","locations":[{"start":{"line":187,"column":2},"end":{"line":187,"column":58}},{"start":{},"end":{}}],"line":187},"6":{"loc":{"start":{"line":199,"column":2},"end":{"line":206,"column":3}},"type":"if","locations":[{"start":{"line":199,"column":2},"end":{"line":206,"column":3}},{"start":{},"end":{}}],"line":199},"7":{"loc":{"start":{"line":199,"column":6},"end":{"line":199,"column":55}},"type":"binary-expr","locations":[{"start":{"line":199,"column":6},"end":{"line":199,"column":30}},{"start":{"line":199,"column":34},"end":{"line":199,"column":55}}],"line":199},"8":{"loc":{"start":{"line":245,"column":2},"end":{"line":247,"column":3}},"type":"if","locations":[{"start":{"line":245,"column":2},"end":{"line":247,"column":3}},{"start":{},"end":{}}],"line":245},"9":{"loc":{"start":{"line":258,"column":2},"end":{"line":261,"column":3}},"type":"if","locations":[{"start":{"line":258,"column":2},"end":{"line":261,"column":3}},{"start":{},"end":{}}],"line":258},"10":{"loc":{"start":{"line":265,"column":2},"end":{"line":270,"column":3}},"type":"if","locations":[{"start":{"line":265,"column":2},"end":{"line":270,"column":3}},{"start":{},"end":{}}],"line":265},"11":{"loc":{"start":{"line":288,"column":2},"end":{"line":290,"column":3}},"type":"if","locations":[{"start":{"line":288,"column":2},"end":{"line":290,"column":3}},{"start":{},"end":{}}],"line":288},"12":{"loc":{"start":{"line":309,"column":2},"end":{"line":316,"column":3}},"type":"if","locations":[{"start":{"line":309,"column":2},"end":{"line":316,"column":3}},{"start":{},"end":{}}],"line":309},"13":{"loc":{"start":{"line":309,"column":6},"end":{"line":309,"column":24}},"type":"binary-expr","locations":[{"start":{"line":309,"column":6},"end":{"line":309,"column":15}},{"start":{"line":309,"column":19},"end":{"line":309,"column":24}}],"line":309},"14":{"loc":{"start":{"line":321,"column":4},"end":{"line":327,"column":5}},"type":"if","locations":[{"start":{"line":321,"column":4},"end":{"line":327,"column":5}},{"start":{},"end":{}}],"line":321},"15":{"loc":{"start":{"line":339,"column":2},"end":{"line":341,"column":3}},"type":"if","locations":[{"start":{"line":339,"column":2},"end":{"line":341,"column":3}},{"start":{},"end":{}}],"line":339},"16":{"loc":{"start":{"line":378,"column":2},"end":{"line":381,"column":3}},"type":"if","locations":[{"start":{"line":378,"column":2},"end":{"line":381,"column":3}},{"start":{},"end":{}}],"line":378},"17":{"loc":{"start":{"line":378,"column":6},"end":{"line":378,"column":24}},"type":"binary-expr","locations":[{"start":{"line":378,"column":6},"end":{"line":378,"column":15}},{"start":{"line":378,"column":19},"end":{"line":378,"column":24}}],"line":378},"18":{"loc":{"start":{"line":461,"column":2},"end":{"line":468,"column":3}},"type":"if","locations":[{"start":{"line":461,"column":2},"end":{"line":468,"column":3}},{"start":{},"end":{}}],"line":461},"19":{"loc":{"start":{"line":509,"column":2},"end":{"line":516,"column":3}},"type":"if","locations":[{"start":{"line":509,"column":2},"end":{"line":516,"column":3}},{"start":{},"end":{}}],"line":509},"20":{"loc":{"start":{"line":509,"column":6},"end":{"line":509,"column":28}},"type":"binary-expr","locations":[{"start":{"line":509,"column":6},"end":{"line":509,"column":9}},{"start":{"line":509,"column":13},"end":{"line":509,"column":18}},{"start":{"line":509,"column":22},"end":{"line":509,"column":28}}],"line":509},"21":{"loc":{"start":{"line":520,"column":2},"end":{"line":523,"column":3}},"type":"if","locations":[{"start":{"line":520,"column":2},"end":{"line":523,"column":3}},{"start":{},"end":{}}],"line":520},"22":{"loc":{"start":{"line":542,"column":2},"end":{"line":544,"column":3}},"type":"if","locations":[{"start":{"line":542,"column":2},"end":{"line":544,"column":3}},{"start":{},"end":{}}],"line":542},"23":{"loc":{"start":{"line":554,"column":2},"end":{"line":557,"column":3}},"type":"if","locations":[{"start":{"line":554,"column":2},"end":{"line":557,"column":3}},{"start":{},"end":{}}],"line":554},"24":{"loc":{"start":{"line":586,"column":26},"end":{"line":586,"column":80}},"type":"cond-expr","locations":[{"start":{"line":586,"column":65},"end":{"line":586,"column":75}},{"start":{"line":586,"column":78},"end":{"line":586,"column":80}}],"line":586},"25":{"loc":{"start":{"line":592,"column":26},"end":{"line":592,"column":79}},"type":"cond-expr","locations":[{"start":{"line":592,"column":64},"end":{"line":592,"column":74}},{"start":{"line":592,"column":77},"end":{"line":592,"column":79}}],"line":592},"26":{"loc":{"start":{"line":643,"column":2},"end":{"line":646,"column":3}},"type":"if","locations":[{"start":{"line":643,"column":2},"end":{"line":646,"column":3}},{"start":{},"end":{}}],"line":643},"27":{"loc":{"start":{"line":673,"column":2},"end":{"line":676,"column":3}},"type":"if","locations":[{"start":{"line":673,"column":2},"end":{"line":676,"column":3}},{"start":{},"end":{}}],"line":673},"28":{"loc":{"start":{"line":708,"column":2},"end":{"line":710,"column":3}},"type":"if","locations":[{"start":{"line":708,"column":2},"end":{"line":710,"column":3}},{"start":{},"end":{}}],"line":708},"29":{"loc":{"start":{"line":712,"column":2},"end":{"line":714,"column":3}},"type":"if","locations":[{"start":{"line":712,"column":2},"end":{"line":714,"column":3}},{"start":{},"end":{}}],"line":712},"30":{"loc":{"start":{"line":716,"column":2},"end":{"line":718,"column":3}},"type":"if","locations":[{"start":{"line":716,"column":2},"end":{"line":718,"column":3}},{"start":{},"end":{}}],"line":716},"31":{"loc":{"start":{"line":720,"column":2},"end":{"line":722,"column":3}},"type":"if","locations":[{"start":{"line":720,"column":2},"end":{"line":722,"column":3}},{"start":{},"end":{}}],"line":720},"32":{"loc":{"start":{"line":732,"column":2},"end":{"line":734,"column":3}},"type":"if","locations":[{"start":{"line":732,"column":2},"end":{"line":734,"column":3}},{"start":{},"end":{}}],"line":732},"33":{"loc":{"start":{"line":732,"column":6},"end":{"line":732,"column":21}},"type":"binary-expr","locations":[{"start":{"line":732,"column":6},"end":{"line":732,"column":12}},{"start":{"line":732,"column":16},"end":{"line":732,"column":21}}],"line":732},"34":{"loc":{"start":{"line":740,"column":2},"end":{"line":748,"column":3}},"type":"if","locations":[{"start":{"line":740,"column":2},"end":{"line":748,"column":3}},{"start":{},"end":{}}],"line":740},"35":{"loc":{"start":{"line":775,"column":42},"end":{"line":775,"column":58}},"type":"default-arg","locations":[{"start":{"line":775,"column":49},"end":{"line":775,"column":58}}],"line":775},"36":{"loc":{"start":{"line":789,"column":0},"end":{"line":793,"column":1}},"type":"if","locations":[{"start":{"line":789,"column":0},"end":{"line":793,"column":1}},{"start":{},"end":{}}],"line":789}},"s":{"0":51,"1":51,"2":51,"3":51,"4":51,"5":51,"6":51,"7":51,"8":51,"9":51,"10":51,"11":51,"12":51,"13":51,"14":51,"15":51,"16":51,"17":51,"18":51,"19":51,"20":51,"21":51,"22":51,"23":51,"24":51,"25":51,"26":51,"27":0,"28":0,"29":51,"30":51,"31":51,"32":51,"33":51,"34":8,"35":8,"36":8,"37":1,"38":1,"39":1,"40":1,"41":17,"42":17,"43":17,"44":17,"45":1,"46":1,"47":1,"48":1,"49":19,"50":19,"51":19,"52":19,"53":19,"54":19,"55":19,"56":19,"57":19,"58":19,"59":59,"60":59,"61":59,"62":3,"63":3,"64":56,"65":56,"66":109,"67":109,"68":109,"69":109,"70":109,"71":56,"72":1,"73":1,"74":0,"75":1,"76":1,"77":1,"78":1,"79":0,"80":0,"81":1,"82":1,"83":0,"84":0,"85":1,"86":1,"87":3,"88":3,"89":3,"90":1,"91":1,"92":1,"93":1,"94":1,"95":3,"96":3,"97":3,"98":3,"99":3,"100":3,"101":3,"102":3,"103":0,"104":0,"105":0,"106":0,"107":0,"108":0,"109":0,"110":0,"111":0,"112":51,"113":51,"114":0,"115":51,"116":51,"117":0,"118":0,"119":0,"120":0,"121":0,"122":0,"123":0,"124":0,"125":0,"126":0,"127":0,"128":0,"129":0,"130":0,"131":0,"132":0,"133":18,"134":18,"135":18,"136":68,"137":68,"138":68,"139":1,"140":1,"141":67,"142":67,"143":67,"144":67,"145":67,"146":3,"147":3,"148":3,"149":3,"150":3,"151":3,"152":3,"153":3,"154":0,"155":0,"156":0,"157":0,"158":0,"159":0,"160":0,"161":0,"162":0,"163":0,"164":0,"165":0,"166":8,"167":8,"168":0,"169":8,"170":8,"171":8,"172":8,"173":0,"174":0,"175":8,"176":8,"177":8,"178":8,"179":8,"180":8,"181":8,"182":8,"183":8,"184":8,"185":0,"186":0,"187":0,"188":0,"189":0,"190":0,"191":0,"192":0,"193":0,"194":0,"195":0,"196":1,"197":0,"198":0,"199":0,"200":0,"201":0,"202":0,"203":0,"204":0,"205":0,"206":0,"207":0,"208":0,"209":0,"210":0,"211":0,"212":59,"213":59,"214":59,"215":59,"216":59,"217":59,"218":59,"219":59,"220":59,"221":59,"222":59,"223":59,"224":59,"225":1,"226":1,"227":1,"228":1,"229":0,"230":1,"231":1,"232":1,"233":1,"234":1,"235":0,"236":0,"237":6,"238":6,"239":6,"240":0,"241":1,"242":1,"243":0},"f":{"0":51,"1":51,"2":51,"3":0,"4":8,"5":1,"6":17,"7":1,"8":19,"9":59,"10":1,"11":1,"12":3,"13":1,"14":3,"15":51,"16":0,"17":18,"18":68,"19":67,"20":3,"21":0,"22":8,"23":8,"24":0,"25":1,"26":0,"27":0,"28":59,"29":1,"30":0,"31":6,"32":0,"33":0},"b":{"0":[51,0],"1":[19,0],"2":[19,0],"3":[19,0],"4":[19,0],"5":[19,0],"6":[3,56],"7":[59,59],"8":[0,1],"9":[0,1],"10":[0,1],"11":[1,0],"12":[3,0],"13":[3,1],"14":[0,0],"15":[0,51],"16":[0,0],"17":[0,0],"18":[1,67],"19":[3,0],"20":[3,0,0],"21":[0,0],"22":[0,8],"23":[0,8],"24":[8,0],"25":[0,8],"26":[0,0],"27":[0,0],"28":[59,0],"29":[59,0],"30":[59,0],"31":[59,0],"32":[0,1],"33":[1,1],"34":[1,0],"35":[0],"36":[1,0]},"_coverageSchema":"1a1c01bbd47fc00a2c39e90264f33305004495a9","hash":"2d4b9ac76e5540bb2ed691b072b0896c67151b13"}
,"/home/zoid/Desktop/Capstone /capstone 2/javascript-library-capstone-debug-theZoid9/src/utils.js": {"path":"/home/zoid/Desktop/Capstone /capstone 2/javascript-library-capstone-debug-theZoid9/src/utils.js","statementMap":{"0":{"start":{"line":12,"column":2},"end":{"line":12,"column":31}},"1":{"start":{"line":12,"column":24},"end":{"line":12,"column":31}},"2":{"start":{"line":14,"column":2},"end":{"line":31,"column":4}},"3":{"start":{"line":33,"column":2},"end":{"line":40,"column":4}},"4":{"start":{"line":46,"column":2},"end":{"line":50,"column":4}},"5":{"start":{"line":48,"column":6},"end":{"line":49,"column":53}},"6":{"start":{"line":56,"column":2},"end":{"line":58,"column":3}},"7":{"start":{"line":57,"column":4},"end":{"line":57,"column":17}},"8":{"start":{"line":59,"column":2},"end":{"line":59,"column":60}},"9":{"start":{"line":59,"column":32},"end":{"line":59,"column":58}},"10":{"start":{"line":65,"column":2},"end":{"line":70,"column":4}},"11":{"start":{"line":68,"column":48},"end":{"line":68,"column":74}},"12":{"start":{"line":69,"column":47},"end":{"line":69,"column":75}},"13":{"start":{"line":75,"column":14},"end":{"line":75,"column":15}},"14":{"start":{"line":77,"column":2},"end":{"line":108,"column":3}},"15":{"start":{"line":78,"column":17},"end":{"line":78,"column":29}},"16":{"start":{"line":80,"column":17},"end":{"line":80,"column":42}},"17":{"start":{"line":81,"column":19},"end":{"line":81,"column":48}},"18":{"start":{"line":83,"column":4},"end":{"line":85,"column":5}},"19":{"start":{"line":84,"column":6},"end":{"line":84,"column":41}},"20":{"start":{"line":87,"column":4},"end":{"line":89,"column":5}},"21":{"start":{"line":88,"column":6},"end":{"line":88,"column":43}},"22":{"start":{"line":91,"column":26},"end":{"line":93,"column":5}},"23":{"start":{"line":92,"column":20},"end":{"line":92,"column":55}},"24":{"start":{"line":95,"column":4},"end":{"line":97,"column":5}},"25":{"start":{"line":96,"column":6},"end":{"line":96,"column":63}},"26":{"start":{"line":99,"column":4},"end":{"line":99,"column":27}},"27":{"start":{"line":101,"column":4},"end":{"line":101,"column":45}},"28":{"start":{"line":103,"column":4},"end":{"line":105,"column":6}},"29":{"start":{"line":104,"column":24},"end":{"line":104,"column":50}},"30":{"start":{"line":107,"column":4},"end":{"line":107,"column":12}}},"fnMap":{"0":{"name":"initializeLibrary","decl":{"start":{"line":11,"column":16},"end":{"line":11,"column":33}},"loc":{"start":{"line":11,"column":36},"end":{"line":41,"column":1}},"line":11},"1":{"name":"searchBooks","decl":{"start":{"line":45,"column":16},"end":{"line":45,"column":27}},"loc":{"start":{"line":45,"column":48},"end":{"line":51,"column":1}},"line":45},"2":{"name":"(anonymous_2)","decl":{"start":{"line":47,"column":4},"end":{"line":47,"column":5}},"loc":{"start":{"line":48,"column":6},"end":{"line":49,"column":53}},"line":48},"3":{"name":"filterBooksByCategory","decl":{"start":{"line":55,"column":16},"end":{"line":55,"column":37}},"loc":{"start":{"line":55,"column":55},"end":{"line":60,"column":1}},"line":55},"4":{"name":"(anonymous_4)","decl":{"start":{"line":59,"column":22},"end":{"line":59,"column":23}},"loc":{"start":{"line":59,"column":32},"end":{"line":59,"column":58}},"line":59},"5":{"name":"getLibraryStatistics","decl":{"start":{"line":64,"column":16},"end":{"line":64,"column":36}},"loc":{"start":{"line":64,"column":53},"end":{"line":71,"column":1}},"line":64},"6":{"name":"(anonymous_6)","decl":{"start":{"line":68,"column":33},"end":{"line":68,"column":34}},"loc":{"start":{"line":68,"column":48},"end":{"line":68,"column":74}},"line":68},"7":{"name":"(anonymous_7)","decl":{"start":{"line":69,"column":32},"end":{"line":69,"column":33}},"loc":{"start":{"line":69,"column":47},"end":{"line":69,"column":75}},"line":69},"8":{"name":"processReturnQueue","decl":{"start":{"line":74,"column":16},"end":{"line":74,"column":34}},"loc":{"start":{"line":74,"column":42},"end":{"line":109,"column":1}},"line":74},"9":{"name":"(anonymous_9)","decl":{"start":{"line":92,"column":6},"end":{"line":92,"column":7}},"loc":{"start":{"line":92,"column":20},"end":{"line":92,"column":55}},"line":92},"10":{"name":"(anonymous_10)","decl":{"start":{"line":104,"column":6},"end":{"line":104,"column":7}},"loc":{"start":{"line":104,"column":24},"end":{"line":104,"column":50}},"line":104}},"branchMap":{"0":{"loc":{"start":{"line":12,"column":2},"end":{"line":12,"column":31}},"type":"if","locations":[{"start":{"line":12,"column":2},"end":{"line":12,"column":31}},{"start":{},"end":{}}],"line":12},"1":{"loc":{"start":{"line":48,"column":6},"end":{"line":49,"column":53}},"type":"binary-expr","locations":[{"start":{"line":48,"column":6},"end":{"line":48,"column":52}},{"start":{"line":49,"column":6},"end":{"line":49,"column":53}}],"line":48},"2":{"loc":{"start":{"line":56,"column":2},"end":{"line":58,"column":3}},"type":"if","locations":[{"start":{"line":56,"column":2},"end":{"line":58,"column":3}},{"start":{},"end":{}}],"line":56},"3":{"loc":{"start":{"line":83,"column":4},"end":{"line":85,"column":5}},"type":"if","locations":[{"start":{"line":83,"column":4},"end":{"line":85,"column":5}},{"start":{},"end":{}}],"line":83},"4":{"loc":{"start":{"line":87,"column":4},"end":{"line":89,"column":5}},"type":"if","locations":[{"start":{"line":87,"column":4},"end":{"line":89,"column":5}},{"start":{},"end":{}}],"line":87},"5":{"loc":{"start":{"line":95,"column":4},"end":{"line":97,"column":5}},"type":"if","locations":[{"start":{"line":95,"column":4},"end":{"line":97,"column":5}},{"start":{},"end":{}}],"line":95}},"s":{"0":56,"1":52,"2":4,"3":4,"4":6,"5":12,"6":4,"7":1,"8":3,"9":6,"10":60,"11":119,"12":119,"13":5,"14":5,"15":6,"16":6,"17":6,"18":6,"19":1,"20":5,"21":1,"22":4,"23":3,"24":4,"25":1,"26":3,"27":3,"28":3,"29":4,"30":3},"f":{"0":56,"1":6,"2":12,"3":4,"4":6,"5":60,"6":119,"7":119,"8":5,"9":3,"10":4},"b":{"0":[52,4],"1":[12,10],"2":[1,3],"3":[1,5],"4":[1,4],"5":[1,3]},"_coverageSchema":"1a1c01bbd47fc00a2c39e90264f33305004495a9","hash":"6ffc9e6e145b76fcbae2cfee7609d6ead3616123"}
}
