TN:
SF:jest.config.js
FNF:0
FNH:0
LF:0
LH:0
BRF:0
BRH:0
end_of_record
TN:
SF:src/library.js
FN:14,(anonymous_0)
FN:27,(anonymous_1)
FN:32,(anonymous_2)
FN:36,(anonymous_3)
FN:67,(anonymous_4)
FN:76,(anonymous_5)
FN:99,(anonymous_6)
FN:111,(anonymous_7)
FN:120,(anonymous_8)
FN:131,(anonymous_9)
FN:138,(anonymous_10)
FN:147,(anonymous_11)
FN:154,findOverdueBooks
FN:179,processReturnQueue
FN:193,(anonymous_14)
FN:197,(anonymous_15)
FN:206,searchBooksByCategory
FN:223,getBooksByAuthor
FN:224,(anonymous_18)
FN:229,calculateTotalLateFees
FN:230,(anonymous_20)
FN:236,combineBookCollections
FN:241,addMultipleBooks
FN:248,updateMemberInfo
FN:262,borrowBook
FN:311,findMemberById
FN:312,(anonymous_26)
FN:317,findBookByISBN
FN:321,(anonymous_28)
FN:331,(anonymous_29)
FN:337,(anonymous_30)
FN:342,(anonymous_31)
FN:347,(anonymous_32)
FN:352,(anonymous_33)
FN:363,formatBookInfo
FN:378,calculateFineAmount
FN:390,deleteMember
FN:391,(anonymous_37)
FNF:38
FNH:34
FNDA:31,(anonymous_0)
FNDA:3,(anonymous_1)
FNDA:1,(anonymous_2)
FNDA:8,(anonymous_3)
FNDA:1,(anonymous_4)
FNDA:2,(anonymous_5)
FNDA:30,(anonymous_6)
FNDA:1,(anonymous_7)
FNDA:1,(anonymous_8)
FNDA:3,(anonymous_9)
FNDA:1,(anonymous_10)
FNDA:2,(anonymous_11)
FNDA:1,findOverdueBooks
FNDA:0,processReturnQueue
FNDA:0,(anonymous_14)
FNDA:0,(anonymous_15)
FNDA:5,searchBooksByCategory
FNDA:1,getBooksByAuthor
FNDA:2,(anonymous_18)
FNDA:1,calculateTotalLateFees
FNDA:2,(anonymous_20)
FNDA:1,combineBookCollections
FNDA:1,addMultipleBooks
FNDA:1,updateMemberInfo
FNDA:3,borrowBook
FNDA:9,findMemberById
FNDA:9,(anonymous_26)
FNDA:13,findBookByISBN
FNDA:12,(anonymous_28)
FNDA:1,(anonymous_29)
FNDA:1,(anonymous_30)
FNDA:2,(anonymous_31)
FNDA:0,(anonymous_32)
FNDA:1,(anonymous_33)
FNDA:2,formatBookInfo
FNDA:4,calculateFineAmount
FNDA:1,deleteMember
FNDA:1,(anonymous_37)
DA:4,1
DA:6,1
DA:8,1
DA:9,1
DA:15,31
DA:16,31
DA:17,31
DA:18,31
DA:20,31
DA:21,31
DA:22,31
DA:23,31
DA:28,3
DA:33,1
DA:38,8
DA:43,3
DA:46,5
DA:47,1
DA:50,4
DA:51,0
DA:54,4
DA:59,4
DA:60,4
DA:69,1
DA:70,1
DA:71,1
DA:72,1
DA:73,1
DA:78,2
DA:83,1
DA:86,1
DA:87,1
DA:92,1
DA:100,30
DA:101,30
DA:102,30
DA:103,30
DA:104,30
DA:105,30
DA:112,1
DA:113,1
DA:115,1
DA:121,1
DA:123,1
DA:132,3
DA:139,1
DA:141,1
DA:142,1
DA:143,1
DA:148,2
DA:155,1
DA:156,1
DA:158,1
DA:159,1
DA:160,1
DA:161,1
DA:165,1
DA:174,1
DA:180,0
DA:182,0
DA:183,0
DA:185,0
DA:187,0
DA:189,0
DA:190,0
DA:192,0
DA:193,0
DA:196,0
DA:197,0
DA:201,0
DA:207,5
DA:208,1
DA:211,4
DA:212,2
DA:216,2
DA:218,2
DA:224,2
DA:230,1
DA:231,2
DA:237,1
DA:243,1
DA:249,1
DA:251,1
DA:252,1
DA:253,1
DA:254,1
DA:257,1
DA:263,3
DA:264,3
DA:265,0
DA:267,3
DA:268,0
DA:271,3
DA:272,3
DA:275,3
DA:276,1
DA:279,2
DA:280,1
DA:283,1
DA:284,0
DA:287,1
DA:288,0
DA:291,1
DA:292,0
DA:295,1
DA:297,1
DA:298,0
DA:301,1
DA:303,1
DA:305,2
DA:312,9
DA:318,13
DA:319,12
DA:321,12
DA:326,1
DA:332,1
DA:334,1
DA:336,1
DA:337,1
DA:343,2
DA:344,1
DA:347,1
DA:348,0
DA:353,1
DA:355,1
DA:364,2
DA:365,1
DA:368,1
DA:379,4
DA:380,1
DA:383,3
DA:384,1
DA:387,2
DA:391,1
DA:393,1
DA:394,0
DA:397,1
DA:399,1
LF:138
LH:117
BRDA:38,0,0,3
BRDA:38,0,1,5
BRDA:39,1,0,8
BRDA:39,1,1,7
BRDA:39,1,2,7
BRDA:39,1,3,2
BRDA:46,2,0,1
BRDA:46,2,1,4
BRDA:50,3,0,0
BRDA:50,3,1,4
BRDA:78,4,0,1
BRDA:78,4,1,1
BRDA:79,5,0,2
BRDA:79,5,1,1
BRDA:79,5,2,1
BRDA:79,5,3,0
BRDA:160,6,0,1
BRDA:160,6,1,0
BRDA:189,7,0,0
BRDA:189,7,1,0
BRDA:189,8,0,0
BRDA:189,8,1,0
BRDA:206,9,0,3
BRDA:207,10,0,1
BRDA:207,10,1,4
BRDA:211,11,0,2
BRDA:211,11,1,2
BRDA:216,12,0,1
BRDA:216,12,1,1
BRDA:251,13,0,1
BRDA:251,13,1,0
BRDA:252,14,0,1
BRDA:252,14,1,0
BRDA:253,15,0,1
BRDA:253,15,1,0
BRDA:264,16,0,0
BRDA:264,16,1,3
BRDA:264,17,0,3
BRDA:264,17,1,3
BRDA:267,18,0,0
BRDA:267,18,1,3
BRDA:267,19,0,3
BRDA:267,19,1,3
BRDA:275,20,0,1
BRDA:275,20,1,2
BRDA:279,21,0,1
BRDA:279,21,1,1
BRDA:283,22,0,0
BRDA:283,22,1,1
BRDA:287,23,0,0
BRDA:287,23,1,1
BRDA:291,24,0,0
BRDA:291,24,1,1
BRDA:297,25,0,0
BRDA:297,25,1,1
BRDA:318,26,0,1
BRDA:318,26,1,12
BRDA:318,27,0,13
BRDA:318,27,1,12
BRDA:319,28,0,1
BRDA:319,28,1,11
BRDA:343,29,0,1
BRDA:343,29,1,1
BRDA:348,30,0,0
BRDA:348,30,1,0
BRDA:364,31,0,1
BRDA:364,31,1,1
BRDA:379,32,0,1
BRDA:379,32,1,3
BRDA:379,33,0,4
BRDA:379,33,1,3
BRDA:383,34,0,1
BRDA:383,34,1,2
BRDA:383,35,0,3
BRDA:383,35,1,3
BRDA:393,36,0,0
BRDA:393,36,1,1
BRF:77
BRH:58
end_of_record
TN:
SF:src/storage.js
FN:10,saveToLocalStorage
FN:22,loadFromLocalStorage
FN:38,(anonymous_2)
FN:69,(anonymous_3)
FN:101,exportLibraryData
FN:118,importLibraryData
FNF:6
FNH:6
FNDA:1,saveToLocalStorage
FNDA:3,loadFromLocalStorage
FNDA:2,(anonymous_2)
FNDA:2,(anonymous_3)
FNDA:1,exportLibraryData
FNDA:2,importLibraryData
DA:11,1
DA:12,1
DA:14,1
DA:17,0
DA:23,3
DA:24,3
DA:27,3
DA:29,3
DA:30,1
DA:34,2
DA:35,2
DA:38,2
DA:41,2
DA:42,0
DA:52,2
DA:62,2
DA:63,2
DA:65,2
DA:69,2
DA:72,2
DA:73,0
DA:75,2
DA:83,2
DA:85,2
DA:87,2
DA:90,2
DA:94,0
DA:95,0
DA:97,0
DA:102,1
DA:103,1
DA:112,0
DA:114,0
DA:119,2
DA:120,2
DA:122,1
DA:123,0
DA:126,1
DA:128,1
DA:130,1
DA:133,1
LF:41
LH:32
BRDA:24,0,0,3
BRDA:24,0,1,1
BRDA:27,1,0,3
BRDA:27,1,1,1
BRDA:29,2,0,1
BRDA:29,2,1,2
BRDA:29,3,0,3
BRDA:29,3,1,1
BRDA:41,4,0,0
BRDA:41,4,1,2
BRDA:63,5,0,2
BRDA:63,5,1,0
BRDA:72,6,0,0
BRDA:72,6,1,2
BRDA:83,7,0,2
BRDA:83,7,1,0
BRDA:122,8,0,0
BRDA:122,8,1,1
BRDA:122,9,0,1
BRDA:122,9,1,1
BRF:20
BRH:15
end_of_record
TN:
SF:src/ui.js
FN:64,initializeUI
FN:106,loadCatalogue
FN:114,setupEventListeners
FN:124,(anonymous_3)
FN:143,setupEditMemberEventListeners
FN:154,showCatalogue
FN:162,showMembers
FN:170,showStatistics
FN:178,hideAllSections
FN:194,renderBookCatalogue
FN:241,handleBookClick
FN:255,displayBookDetails
FN:279,handleSearch
FN:285,handleFilterChange
FN:300,handleBorrowSubmit
FN:336,createReturnForm
FN:371,handleReturnSubmit
FN:409,createMemberForm1
FN:457,renderMemberList
FN:470,(anonymous_19)
FN:500,handleMemberSubmit
FN:518,(anonymous_21)
FN:539,handleMemberClick
FN:551,showEditMemberForm
FN:639,handleEditMemberSubmit
FN:663,handleCancelEdit
FN:667,handleDeleteMember
FN:679,(anonymous_27)
FN:700,updateStatisticsDisplay
FN:725,renderOverdueBooks
FN:750,(anonymous_30)
FN:775,renderMemberMessage
FN:783,(anonymous_32)
FN:790,(anonymous_33)
FNF:34
FNH:6
FNDA:0,initializeUI
FNDA:1,loadCatalogue
FNDA:0,setupEventListeners
FNDA:0,(anonymous_3)
FNDA:0,setupEditMemberEventListeners
FNDA:0,showCatalogue
FNDA:0,showMembers
FNDA:0,showStatistics
FNDA:0,hideAllSections
FNDA:5,renderBookCatalogue
FNDA:0,handleBookClick
FNDA:0,displayBookDetails
FNDA:1,handleSearch
FNDA:0,handleFilterChange
FNDA:3,handleBorrowSubmit
FNDA:0,createReturnForm
FNDA:0,handleReturnSubmit
FNDA:0,createMemberForm1
FNDA:0,renderMemberList
FNDA:0,(anonymous_19)
FNDA:0,handleMemberSubmit
FNDA:0,(anonymous_21)
FNDA:0,handleMemberClick
FNDA:0,showEditMemberForm
FNDA:0,handleEditMemberSubmit
FNDA:0,handleCancelEdit
FNDA:0,handleDeleteMember
FNDA:0,(anonymous_27)
FNDA:3,updateStatisticsDisplay
FNDA:0,renderOverdueBooks
FNDA:0,(anonymous_30)
FNDA:3,renderMemberMessage
FNDA:0,(anonymous_32)
FNDA:0,(anonymous_33)
DA:66,0
DA:69,0
DA:70,0
DA:73,0
DA:74,0
DA:75,0
DA:78,0
DA:79,0
DA:80,0
DA:81,0
DA:84,0
DA:87,0
DA:90,0
DA:92,0
DA:94,0
DA:95,0
DA:96,0
DA:99,0
DA:100,0
DA:101,0
DA:102,0
DA:103,0
DA:107,1
DA:116,0
DA:118,0
DA:121,0
DA:124,0
DA:125,0
DA:126,0
DA:130,0
DA:133,0
DA:136,0
DA:138,0
DA:140,0
DA:144,0
DA:146,0
DA:148,0
DA:155,0
DA:157,0
DA:158,0
DA:159,0
DA:163,0
DA:165,0
DA:166,0
DA:167,0
DA:171,0
DA:173,0
DA:174,0
DA:175,0
DA:179,0
DA:181,0
DA:183,0
DA:185,0
DA:187,0
DA:196,5
DA:199,5
DA:200,4
DA:205,4
DA:209,1
DA:212,1
DA:213,1
DA:215,1
DA:218,1
DA:221,1
DA:235,1
DA:238,1
DA:243,0
DA:245,0
DA:246,0
DA:250,0
DA:252,0
DA:256,0
DA:258,0
DA:259,0
DA:260,0
DA:263,0
DA:265,0
DA:266,0
DA:269,0
DA:273,0
DA:276,0
DA:280,1
DA:281,1
DA:282,1
DA:286,0
DA:288,0
DA:289,0
DA:292,0
DA:293,0
DA:301,3
DA:303,3
DA:304,3
DA:306,3
DA:307,3
DA:309,3
DA:310,1
DA:315,1
DA:318,2
DA:319,2
DA:321,1
DA:322,1
DA:323,1
DA:324,1
DA:325,1
DA:326,1
DA:329,1
DA:337,0
DA:339,0
DA:340,0
DA:343,0
DA:368,0
DA:372,0
DA:374,0
DA:376,0
DA:378,0
DA:379,0
DA:380,0
DA:383,0
DA:384,0
DA:391,0
DA:393,0
DA:394,0
DA:395,0
DA:396,0
DA:398,0
DA:400,0
DA:402,0
DA:410,0
DA:412,0
DA:452,0
DA:458,0
DA:460,0
DA:461,0
DA:462,0
DA:467,0
DA:470,0
DA:471,0
DA:473,0
DA:475,0
DA:496,0
DA:501,0
DA:503,0
DA:505,0
DA:506,0
DA:507,0
DA:509,0
DA:510,0
DA:515,0
DA:518,0
DA:520,0
DA:521,0
DA:522,0
DA:525,0
DA:527,0
DA:528,0
DA:529,0
DA:530,0
DA:531,0
DA:536,0
DA:540,0
DA:542,0
DA:543,0
DA:546,0
DA:548,0
DA:552,0
DA:554,0
DA:555,0
DA:556,0
DA:559,0
DA:561,0
DA:621,0
DA:622,0
DA:623,0
DA:625,0
DA:627,0
DA:629,0
DA:631,0
DA:636,0
DA:640,0
DA:641,0
DA:643,0
DA:644,0
DA:645,0
DA:648,0
DA:654,0
DA:656,0
DA:658,0
DA:659,0
DA:660,0
DA:664,0
DA:668,0
DA:669,0
DA:671,0
DA:673,0
DA:674,0
DA:675,0
DA:679,0
DA:685,0
DA:688,0
DA:690,0
DA:691,0
DA:692,0
DA:693,0
DA:694,0
DA:701,3
DA:703,3
DA:704,3
DA:705,3
DA:706,3
DA:708,3
DA:709,1
DA:712,3
DA:713,1
DA:716,3
DA:717,1
DA:720,3
DA:721,1
DA:726,0
DA:728,0
DA:730,0
DA:732,0
DA:733,0
DA:736,0
DA:738,0
DA:740,0
DA:741,0
DA:747,0
DA:750,0
DA:751,0
DA:776,3
DA:778,3
DA:783,3
DA:784,0
DA:789,1
DA:790,1
DA:791,0
LF:236
LH:51
BRDA:94,0,0,0
BRDA:94,0,1,0
BRDA:179,1,0,0
BRDA:179,1,1,0
BRDA:181,2,0,0
BRDA:181,2,1,0
BRDA:183,3,0,0
BRDA:183,3,1,0
BRDA:185,4,0,0
BRDA:185,4,1,0
BRDA:187,5,0,0
BRDA:187,5,1,0
BRDA:199,6,0,4
BRDA:199,6,1,1
BRDA:199,7,0,5
BRDA:199,7,1,4
BRDA:245,8,0,0
BRDA:245,8,1,0
BRDA:258,9,0,0
BRDA:258,9,1,0
BRDA:265,10,0,0
BRDA:265,10,1,0
BRDA:288,11,0,0
BRDA:288,11,1,0
BRDA:309,12,0,1
BRDA:309,12,1,2
BRDA:309,13,0,3
BRDA:309,13,1,2
BRDA:321,14,0,1
BRDA:321,14,1,0
BRDA:339,15,0,0
BRDA:339,15,1,0
BRDA:378,16,0,0
BRDA:378,16,1,0
BRDA:378,17,0,0
BRDA:378,17,1,0
BRDA:461,18,0,0
BRDA:461,18,1,0
BRDA:509,19,0,0
BRDA:509,19,1,0
BRDA:509,20,0,0
BRDA:509,20,1,0
BRDA:509,20,2,0
BRDA:520,21,0,0
BRDA:520,21,1,0
BRDA:542,22,0,0
BRDA:542,22,1,0
BRDA:554,23,0,0
BRDA:554,23,1,0
BRDA:586,24,0,0
BRDA:586,24,1,0
BRDA:592,25,0,0
BRDA:592,25,1,0
BRDA:643,26,0,0
BRDA:643,26,1,0
BRDA:673,27,0,0
BRDA:673,27,1,0
BRDA:708,28,0,1
BRDA:708,28,1,2
BRDA:712,29,0,1
BRDA:712,29,1,2
BRDA:716,30,0,1
BRDA:716,30,1,2
BRDA:720,31,0,1
BRDA:720,31,1,2
BRDA:732,32,0,0
BRDA:732,32,1,0
BRDA:732,33,0,0
BRDA:732,33,1,0
BRDA:740,34,0,0
BRDA:740,34,1,0
BRDA:775,35,0,1
BRDA:789,36,0,1
BRDA:789,36,1,0
BRF:74
BRH:19
end_of_record
TN:
SF:src/utils.js
FN:11,initializeLibrary
FN:45,searchBooks
FN:47,(anonymous_2)
FN:55,filterBooksByCategory
FN:59,(anonymous_4)
FN:64,getLibraryStatistics
FN:68,(anonymous_6)
FN:69,(anonymous_7)
FN:74,processReturnQueue
FN:92,(anonymous_9)
FN:104,(anonymous_10)
FNF:11
FNH:11
FNDA:5,initializeLibrary
FNDA:3,searchBooks
FNDA:6,(anonymous_2)
FNDA:3,filterBooksByCategory
FNDA:4,(anonymous_4)
FNDA:1,getLibraryStatistics
FNDA:2,(anonymous_6)
FNDA:2,(anonymous_7)
FNDA:5,processReturnQueue
FNDA:3,(anonymous_9)
FNDA:4,(anonymous_10)
DA:12,5
DA:14,4
DA:33,4
DA:46,3
DA:48,6
DA:56,3
DA:57,1
DA:59,4
DA:65,1
DA:68,2
DA:69,2
DA:75,5
DA:77,5
DA:78,6
DA:80,6
DA:81,6
DA:83,6
DA:84,1
DA:87,5
DA:88,1
DA:91,4
DA:92,3
DA:95,4
DA:96,1
DA:99,3
DA:101,3
DA:103,3
DA:104,4
DA:107,3
LF:29
LH:29
BRDA:12,0,0,1
BRDA:12,0,1,4
BRDA:48,1,0,6
BRDA:48,1,1,5
BRDA:56,2,0,1
BRDA:56,2,1,2
BRDA:83,3,0,1
BRDA:83,3,1,5
BRDA:87,4,0,1
BRDA:87,4,1,4
BRDA:95,5,0,1
BRDA:95,5,1,3
BRF:12
BRH:12
end_of_record
