TN:
SF:jest.config.js
FNF:0
FNH:0
LF:0
LH:0
BRF:0
BRH:0
end_of_record
TN:
SF:src/library.js
FN:14,(anonymous_0)
FN:27,(anonymous_1)
FN:32,(anonymous_2)
FN:36,(anonymous_3)
FN:67,(anonymous_4)
FN:76,(anonymous_5)
FN:99,(anonymous_6)
FN:111,(anonymous_7)
FN:120,(anonymous_8)
FN:131,(anonymous_9)
FN:138,(anonymous_10)
FN:147,(anonymous_11)
FN:154,findOverdueBooks
FN:179,processReturnQueue
FN:193,(anonymous_14)
FN:197,(anonymous_15)
FN:206,searchBooksByCategory
FN:223,getBooksByAuthor
FN:224,(anonymous_18)
FN:229,calculateTotalLateFees
FN:230,(anonymous_20)
FN:236,combineBookCollections
FN:241,addMultipleBooks
FN:248,updateMemberInfo
FN:262,borrowBook
FN:311,findMemberById
FN:312,(anonymous_26)
FN:317,findBookByISBN
FN:321,(anonymous_28)
FN:331,(anonymous_29)
FN:337,(anonymous_30)
FN:342,(anonymous_31)
FN:347,(anonymous_32)
FN:352,(anonymous_33)
FN:363,formatBookInfo
FN:378,calculateFineAmount
FN:390,deleteMember
FN:391,(anonymous_37)
FNF:38
FNH:34
FNDA:150,(anonymous_0)
FNDA:3,(anonymous_1)
FNDA:1,(anonymous_2)
FNDA:8,(anonymous_3)
FNDA:2,(anonymous_4)
FNDA:2,(anonymous_5)
FNDA:92,(anonymous_6)
FNDA:1,(anonymous_7)
FNDA:1,(anonymous_8)
FNDA:3,(anonymous_9)
FNDA:2,(anonymous_10)
FNDA:2,(anonymous_11)
FNDA:3,findOverdueBooks
FNDA:0,processReturnQueue
FNDA:0,(anonymous_14)
FNDA:0,(anonymous_15)
FNDA:5,searchBooksByCategory
FNDA:1,getBooksByAuthor
FNDA:2,(anonymous_18)
FNDA:1,calculateTotalLateFees
FNDA:2,(anonymous_20)
FNDA:1,combineBookCollections
FNDA:1,addMultipleBooks
FNDA:1,updateMemberInfo
FNDA:3,borrowBook
FNDA:21,findMemberById
FNDA:19,(anonymous_26)
FNDA:14,findBookByISBN
FNDA:13,(anonymous_28)
FNDA:1,(anonymous_29)
FNDA:1,(anonymous_30)
FNDA:2,(anonymous_31)
FNDA:0,(anonymous_32)
FNDA:1,(anonymous_33)
FNDA:3,formatBookInfo
FNDA:4,calculateFineAmount
FNDA:1,deleteMember
FNDA:1,(anonymous_37)
DA:4,2
DA:6,2
DA:8,2
DA:9,2
DA:15,150
DA:16,150
DA:17,150
DA:18,150
DA:20,150
DA:21,150
DA:22,150
DA:23,150
DA:28,3
DA:33,1
DA:38,8
DA:43,3
DA:46,5
DA:47,1
DA:50,4
DA:51,0
DA:54,4
DA:59,4
DA:60,4
DA:69,2
DA:70,2
DA:71,2
DA:72,2
DA:73,2
DA:78,2
DA:83,1
DA:86,1
DA:87,1
DA:92,1
DA:100,92
DA:101,92
DA:102,92
DA:103,92
DA:104,92
DA:105,92
DA:112,1
DA:113,1
DA:115,1
DA:121,1
DA:123,1
DA:132,3
DA:139,2
DA:141,2
DA:142,2
DA:143,2
DA:148,2
DA:155,3
DA:156,3
DA:158,3
DA:159,5
DA:160,1
DA:161,1
DA:165,1
DA:174,3
DA:180,0
DA:182,0
DA:183,0
DA:185,0
DA:187,0
DA:189,0
DA:190,0
DA:192,0
DA:193,0
DA:196,0
DA:197,0
DA:201,0
DA:207,5
DA:208,1
DA:211,4
DA:212,2
DA:216,2
DA:218,2
DA:224,2
DA:230,1
DA:231,2
DA:237,1
DA:243,1
DA:249,1
DA:251,1
DA:252,1
DA:253,1
DA:254,1
DA:257,1
DA:263,3
DA:264,3
DA:265,0
DA:267,3
DA:268,0
DA:271,3
DA:272,3
DA:275,3
DA:276,1
DA:279,2
DA:280,1
DA:283,1
DA:284,0
DA:287,1
DA:288,0
DA:291,1
DA:292,0
DA:295,1
DA:297,1
DA:298,0
DA:301,1
DA:303,1
DA:305,2
DA:312,21
DA:318,14
DA:319,13
DA:321,13
DA:326,2
DA:332,1
DA:334,1
DA:336,1
DA:337,1
DA:343,2
DA:344,1
DA:347,1
DA:348,0
DA:353,1
DA:355,1
DA:364,3
DA:365,1
DA:368,2
DA:379,4
DA:380,1
DA:383,3
DA:384,1
DA:387,2
DA:391,1
DA:393,1
DA:394,0
DA:397,1
DA:399,1
LF:138
LH:117
BRDA:38,0,0,3
BRDA:38,0,1,5
BRDA:39,1,0,8
BRDA:39,1,1,7
BRDA:39,1,2,7
BRDA:39,1,3,2
BRDA:46,2,0,1
BRDA:46,2,1,4
BRDA:50,3,0,0
BRDA:50,3,1,4
BRDA:78,4,0,1
BRDA:78,4,1,1
BRDA:79,5,0,2
BRDA:79,5,1,1
BRDA:79,5,2,1
BRDA:79,5,3,0
BRDA:160,6,0,1
BRDA:160,6,1,0
BRDA:189,7,0,0
BRDA:189,7,1,0
BRDA:189,8,0,0
BRDA:189,8,1,0
BRDA:206,9,0,3
BRDA:207,10,0,1
BRDA:207,10,1,4
BRDA:211,11,0,2
BRDA:211,11,1,2
BRDA:216,12,0,1
BRDA:216,12,1,1
BRDA:251,13,0,1
BRDA:251,13,1,0
BRDA:252,14,0,1
BRDA:252,14,1,0
BRDA:253,15,0,1
BRDA:253,15,1,0
BRDA:264,16,0,0
BRDA:264,16,1,3
BRDA:264,17,0,3
BRDA:264,17,1,3
BRDA:267,18,0,0
BRDA:267,18,1,3
BRDA:267,19,0,3
BRDA:267,19,1,3
BRDA:275,20,0,1
BRDA:275,20,1,2
BRDA:279,21,0,1
BRDA:279,21,1,1
BRDA:283,22,0,0
BRDA:283,22,1,1
BRDA:287,23,0,0
BRDA:287,23,1,1
BRDA:291,24,0,0
BRDA:291,24,1,1
BRDA:297,25,0,0
BRDA:297,25,1,1
BRDA:318,26,0,1
BRDA:318,26,1,13
BRDA:318,27,0,14
BRDA:318,27,1,13
BRDA:319,28,0,1
BRDA:319,28,1,12
BRDA:343,29,0,1
BRDA:343,29,1,1
BRDA:348,30,0,0
BRDA:348,30,1,0
BRDA:364,31,0,1
BRDA:364,31,1,2
BRDA:379,32,0,1
BRDA:379,32,1,3
BRDA:379,33,0,4
BRDA:379,33,1,3
BRDA:383,34,0,1
BRDA:383,34,1,2
BRDA:383,35,0,3
BRDA:383,35,1,3
BRDA:393,36,0,0
BRDA:393,36,1,1
BRF:77
BRH:58
end_of_record
TN:
SF:src/storage.js
FN:10,saveToLocalStorage
FN:22,loadFromLocalStorage
FN:38,(anonymous_2)
FN:69,(anonymous_3)
FN:101,exportLibraryData
FN:118,importLibraryData
FNF:6
FNH:6
FNDA:59,saveToLocalStorage
FNDA:66,loadFromLocalStorage
FNDA:4,(anonymous_2)
FNDA:4,(anonymous_3)
FNDA:2,exportLibraryData
FNDA:5,importLibraryData
DA:11,59
DA:12,59
DA:14,59
DA:17,0
DA:23,66
DA:24,66
DA:27,65
DA:29,65
DA:30,60
DA:34,5
DA:35,5
DA:38,5
DA:41,4
DA:42,1
DA:52,3
DA:62,4
DA:63,4
DA:65,4
DA:69,5
DA:72,4
DA:73,1
DA:75,3
DA:83,4
DA:85,4
DA:87,4
DA:90,5
DA:94,1
DA:95,1
DA:97,1
DA:102,2
DA:103,2
DA:112,0
DA:114,0
DA:119,5
DA:120,5
DA:122,3
DA:123,1
DA:126,2
DA:128,2
DA:130,2
DA:133,3
LF:41
LH:38
BRDA:24,0,0,66
BRDA:24,0,1,60
BRDA:27,1,0,65
BRDA:27,1,1,60
BRDA:29,2,0,60
BRDA:29,2,1,5
BRDA:29,3,0,65
BRDA:29,3,1,61
BRDA:41,4,0,1
BRDA:41,4,1,3
BRDA:63,5,0,4
BRDA:63,5,1,0
BRDA:72,6,0,1
BRDA:72,6,1,3
BRDA:83,7,0,4
BRDA:83,7,1,0
BRDA:122,8,0,1
BRDA:122,8,1,2
BRDA:122,9,0,3
BRDA:122,9,1,2
BRF:20
BRH:18
end_of_record
TN:
SF:src/ui.js
FN:64,initializeUI
FN:106,loadCatalogue
FN:114,setupEventListeners
FN:124,(anonymous_3)
FN:143,setupEditMemberEventListeners
FN:154,showCatalogue
FN:162,showMembers
FN:170,showStatistics
FN:178,hideAllSections
FN:194,renderBookCatalogue
FN:241,handleBookClick
FN:255,displayBookDetails
FN:279,handleSearch
FN:285,handleFilterChange
FN:300,handleBorrowSubmit
FN:336,createReturnForm
FN:371,handleReturnSubmit
FN:409,createMemberForm1
FN:457,renderMemberList
FN:470,(anonymous_19)
FN:500,handleMemberSubmit
FN:518,(anonymous_21)
FN:539,handleMemberClick
FN:551,showEditMemberForm
FN:639,handleEditMemberSubmit
FN:663,handleCancelEdit
FN:667,handleDeleteMember
FN:679,(anonymous_27)
FN:700,updateStatisticsDisplay
FN:725,renderOverdueBooks
FN:750,(anonymous_30)
FN:775,renderMemberMessage
FN:783,(anonymous_32)
FN:790,(anonymous_33)
FNF:34
FNH:27
FNDA:58,initializeUI
FNDA:58,loadCatalogue
FNDA:58,setupEventListeners
FNDA:0,(anonymous_3)
FNDA:9,setupEditMemberEventListeners
FNDA:1,showCatalogue
FNDA:17,showMembers
FNDA:1,showStatistics
FNDA:19,hideAllSections
FNDA:66,renderBookCatalogue
FNDA:1,handleBookClick
FNDA:1,displayBookDetails
FNDA:3,handleSearch
FNDA:1,handleFilterChange
FNDA:3,handleBorrowSubmit
FNDA:58,createReturnForm
FNDA:0,handleReturnSubmit
FNDA:19,createMemberForm1
FNDA:75,renderMemberList
FNDA:74,(anonymous_19)
FNDA:3,handleMemberSubmit
FNDA:0,(anonymous_21)
FNDA:8,handleMemberClick
FNDA:10,showEditMemberForm
FNDA:1,handleEditMemberSubmit
FNDA:2,handleCancelEdit
FNDA:1,handleDeleteMember
FNDA:0,(anonymous_27)
FNDA:67,updateStatisticsDisplay
FNDA:2,renderOverdueBooks
FNDA:0,(anonymous_30)
FNDA:9,renderMemberMessage
FNDA:0,(anonymous_32)
FNDA:0,(anonymous_33)
DA:66,58
DA:69,58
DA:70,58
DA:73,58
DA:74,58
DA:75,58
DA:78,58
DA:79,58
DA:80,58
DA:81,58
DA:84,58
DA:87,58
DA:90,58
DA:92,58
DA:94,58
DA:95,58
DA:96,58
DA:99,58
DA:100,58
DA:101,58
DA:102,58
DA:103,58
DA:107,58
DA:116,58
DA:118,58
DA:121,58
DA:124,58
DA:125,0
DA:126,0
DA:130,58
DA:133,58
DA:136,58
DA:138,58
DA:140,58
DA:144,9
DA:146,9
DA:148,9
DA:155,1
DA:157,1
DA:158,1
DA:159,1
DA:163,17
DA:165,17
DA:166,17
DA:167,17
DA:171,1
DA:173,1
DA:174,1
DA:175,1
DA:179,19
DA:181,19
DA:183,19
DA:185,19
DA:187,19
DA:196,66
DA:197,66
DA:199,66
DA:200,3
DA:205,3
DA:209,63
DA:212,63
DA:213,123
DA:215,123
DA:218,123
DA:221,123
DA:235,123
DA:238,63
DA:243,1
DA:245,1
DA:246,0
DA:250,1
DA:252,1
DA:256,1
DA:258,1
DA:259,0
DA:260,0
DA:263,1
DA:265,1
DA:266,0
DA:269,0
DA:273,1
DA:276,1
DA:280,3
DA:281,3
DA:282,3
DA:286,1
DA:288,1
DA:289,1
DA:292,1
DA:293,1
DA:301,3
DA:303,3
DA:304,3
DA:306,3
DA:307,3
DA:309,3
DA:310,3
DA:315,3
DA:318,0
DA:319,0
DA:321,0
DA:322,0
DA:323,0
DA:324,0
DA:325,0
DA:326,0
DA:329,0
DA:337,58
DA:339,58
DA:340,0
DA:343,58
DA:368,58
DA:372,0
DA:374,0
DA:376,0
DA:378,0
DA:379,0
DA:380,0
DA:383,0
DA:384,0
DA:391,0
DA:393,0
DA:394,0
DA:395,0
DA:396,0
DA:398,0
DA:400,0
DA:402,0
DA:410,19
DA:412,19
DA:452,19
DA:458,75
DA:460,75
DA:461,75
DA:462,1
DA:467,1
DA:470,74
DA:471,74
DA:473,74
DA:475,74
DA:496,74
DA:501,3
DA:503,3
DA:505,3
DA:506,3
DA:507,3
DA:509,3
DA:510,3
DA:515,3
DA:518,0
DA:520,0
DA:521,0
DA:522,0
DA:525,0
DA:527,0
DA:528,0
DA:529,0
DA:530,0
DA:531,0
DA:536,0
DA:540,8
DA:542,8
DA:543,0
DA:546,8
DA:548,8
DA:552,10
DA:554,10
DA:555,1
DA:556,1
DA:559,9
DA:561,9
DA:621,9
DA:622,9
DA:623,9
DA:625,9
DA:627,9
DA:629,9
DA:631,9
DA:636,9
DA:640,1
DA:641,1
DA:643,1
DA:644,1
DA:645,1
DA:648,0
DA:654,0
DA:656,0
DA:658,0
DA:659,0
DA:660,0
DA:664,2
DA:668,1
DA:669,1
DA:671,1
DA:673,1
DA:674,1
DA:675,1
DA:679,0
DA:685,0
DA:688,0
DA:690,0
DA:691,0
DA:692,0
DA:693,0
DA:694,0
DA:701,67
DA:703,67
DA:704,67
DA:705,67
DA:706,67
DA:708,67
DA:709,66
DA:712,67
DA:713,66
DA:716,67
DA:717,66
DA:720,67
DA:721,66
DA:726,2
DA:728,2
DA:730,2
DA:732,2
DA:733,0
DA:736,2
DA:738,2
DA:740,2
DA:741,2
DA:747,2
DA:750,0
DA:751,0
DA:776,9
DA:778,9
DA:783,9
DA:784,0
DA:789,1
DA:790,1
DA:791,0
LF:237
LH:173
BRDA:94,0,0,58
BRDA:94,0,1,0
BRDA:179,1,0,19
BRDA:179,1,1,0
BRDA:181,2,0,19
BRDA:181,2,1,0
BRDA:183,3,0,19
BRDA:183,3,1,0
BRDA:185,4,0,19
BRDA:185,4,1,0
BRDA:187,5,0,19
BRDA:187,5,1,0
BRDA:199,6,0,3
BRDA:199,6,1,63
BRDA:199,7,0,66
BRDA:199,7,1,66
BRDA:245,8,0,0
BRDA:245,8,1,1
BRDA:258,9,0,0
BRDA:258,9,1,1
BRDA:265,10,0,0
BRDA:265,10,1,1
BRDA:288,11,0,1
BRDA:288,11,1,0
BRDA:309,12,0,3
BRDA:309,12,1,0
BRDA:309,13,0,3
BRDA:309,13,1,1
BRDA:321,14,0,0
BRDA:321,14,1,0
BRDA:339,15,0,0
BRDA:339,15,1,58
BRDA:378,16,0,0
BRDA:378,16,1,0
BRDA:378,17,0,0
BRDA:378,17,1,0
BRDA:461,18,0,1
BRDA:461,18,1,74
BRDA:509,19,0,3
BRDA:509,19,1,0
BRDA:509,20,0,3
BRDA:509,20,1,0
BRDA:509,20,2,0
BRDA:520,21,0,0
BRDA:520,21,1,0
BRDA:542,22,0,0
BRDA:542,22,1,8
BRDA:554,23,0,1
BRDA:554,23,1,9
BRDA:586,24,0,9
BRDA:586,24,1,0
BRDA:592,25,0,0
BRDA:592,25,1,9
BRDA:643,26,0,1
BRDA:643,26,1,0
BRDA:673,27,0,1
BRDA:673,27,1,0
BRDA:708,28,0,66
BRDA:708,28,1,1
BRDA:712,29,0,66
BRDA:712,29,1,1
BRDA:716,30,0,66
BRDA:716,30,1,1
BRDA:720,31,0,66
BRDA:720,31,1,1
BRDA:732,32,0,0
BRDA:732,32,1,2
BRDA:732,33,0,2
BRDA:732,33,1,2
BRDA:740,34,0,2
BRDA:740,34,1,0
BRDA:775,35,0,0
BRDA:789,36,0,1
BRDA:789,36,1,0
BRF:74
BRH:42
end_of_record
TN:
SF:src/utils.js
FN:11,initializeLibrary
FN:45,searchBooks
FN:47,(anonymous_2)
FN:55,filterBooksByCategory
FN:59,(anonymous_4)
FN:64,getLibraryStatistics
FN:68,(anonymous_6)
FN:69,(anonymous_7)
FN:74,processReturnQueue
FN:92,(anonymous_9)
FN:104,(anonymous_10)
FNF:11
FNH:11
FNDA:63,initializeLibrary
FNDA:6,searchBooks
FNDA:12,(anonymous_2)
FNDA:4,filterBooksByCategory
FNDA:6,(anonymous_4)
FNDA:68,getLibraryStatistics
FNDA:135,(anonymous_6)
FNDA:135,(anonymous_7)
FNDA:5,processReturnQueue
FNDA:3,(anonymous_9)
FNDA:4,(anonymous_10)
DA:12,63
DA:14,4
DA:33,4
DA:46,6
DA:48,12
DA:56,4
DA:57,1
DA:59,6
DA:65,68
DA:68,135
DA:69,135
DA:75,5
DA:77,5
DA:78,6
DA:80,6
DA:81,6
DA:83,6
DA:84,1
DA:87,5
DA:88,1
DA:91,4
DA:92,3
DA:95,4
DA:96,1
DA:99,3
DA:101,3
DA:103,3
DA:104,4
DA:107,3
LF:29
LH:29
BRDA:12,0,0,59
BRDA:12,0,1,4
BRDA:48,1,0,12
BRDA:48,1,1,10
BRDA:56,2,0,1
BRDA:56,2,1,3
BRDA:83,3,0,1
BRDA:83,3,1,5
BRDA:87,4,0,1
BRDA:87,4,1,4
BRDA:95,5,0,1
BRDA:95,5,1,3
BRF:12
BRH:12
end_of_record
